[INFO] 2023-05-20T19:14:56.884298 Running DLIO with 1 process(es) [/home/ubuntu/storage/dlio_benchmark/src/dlio_benchmark.py:104]
[INFO] 2023-05-20T19:14:56.884438 Reading workload YAML config file '/home/ubuntu/storage/storage-conf/workload/unet3d.yaml' [/home/ubuntu/storage/dlio_benchmark/src/dlio_benchmark.py:106]
[WARNING] Number of files in data/unet3d/train (200) is more than requested (100). A subset of files will be used  [/home/ubuntu/storage/dlio_benchmark/src/reader/reader_handler.py:96]
[INFO] 2023-05-20T19:14:56.946788 Max steps per epoch: 25 = 1 * 100 / 4 / 1 (samples per file * num files / batch size / comm size) [/home/ubuntu/storage/dlio_benchmark/src/dlio_benchmark.py:274]
[INFO] 2023-05-20T19:14:56.946860 Starting epoch 1: 25 steps expected [/home/ubuntu/storage/dlio_benchmark/src/utils/statscounter.py:128]
[INFO] 2023-05-20T19:14:56.946985 Prefetch size is 0; a default prefetch factor of 2 will be set to Torch DataLoader. [/home/ubuntu/storage/dlio_benchmark/src/reader/torch_data_loader_reader.py:123]
[INFO] 2023-05-20T19:14:56.947173 Starting block 1 [/home/ubuntu/storage/dlio_benchmark/src/utils/statscounter.py:194]
[INFO] 2023-05-20T19:14:59.778996 Rank 0 step 1 processed 4 samples in 2.8317618370056152 s [/home/ubuntu/storage/dlio_benchmark/src/utils/statscounter.py:255]
[INFO] 2023-05-20T19:15:01.141784 Rank 0 step 2 processed 4 samples in 1.3624088764190674 s [/home/ubuntu/storage/dlio_benchmark/src/utils/statscounter.py:255]
[INFO] 2023-05-20T19:15:02.504450 Rank 0 step 3 processed 4 samples in 1.3624649047851562 s [/home/ubuntu/storage/dlio_benchmark/src/utils/statscounter.py:255]
[INFO] 2023-05-20T19:15:03.867250 Rank 0 step 4 processed 4 samples in 1.362562894821167 s [/home/ubuntu/storage/dlio_benchmark/src/utils/statscounter.py:255]
[INFO] 2023-05-20T19:15:05.232433 Rank 0 step 5 processed 4 samples in 1.3649682998657227 s [/home/ubuntu/storage/dlio_benchmark/src/utils/statscounter.py:255]
[INFO] 2023-05-20T19:15:06.595180 Rank 0 step 6 processed 4 samples in 1.362529993057251 s [/home/ubuntu/storage/dlio_benchmark/src/utils/statscounter.py:255]
[INFO] 2023-05-20T19:15:07.957981 Rank 0 step 7 processed 4 samples in 1.3625881671905518 s [/home/ubuntu/storage/dlio_benchmark/src/utils/statscounter.py:255]
[INFO] 2023-05-20T19:15:09.321630 Rank 0 step 8 processed 4 samples in 1.3634343147277832 s [/home/ubuntu/storage/dlio_benchmark/src/utils/statscounter.py:255]
[INFO] 2023-05-20T19:15:10.685270 Rank 0 step 9 processed 4 samples in 1.3634185791015625 s [/home/ubuntu/storage/dlio_benchmark/src/utils/statscounter.py:255]
[INFO] 2023-05-20T19:15:12.048791 Rank 0 step 10 processed 4 samples in 1.363326072692871 s [/home/ubuntu/storage/dlio_benchmark/src/utils/statscounter.py:255]
[INFO] 2023-05-20T19:15:13.412497 Rank 0 step 11 processed 4 samples in 1.3634767532348633 s [/home/ubuntu/storage/dlio_benchmark/src/utils/statscounter.py:255]
[INFO] 2023-05-20T19:15:14.776029 Rank 0 step 12 processed 4 samples in 1.363332986831665 s [/home/ubuntu/storage/dlio_benchmark/src/utils/statscounter.py:255]
[INFO] 2023-05-20T19:15:16.139784 Rank 0 step 13 processed 4 samples in 1.3635282516479492 s [/home/ubuntu/storage/dlio_benchmark/src/utils/statscounter.py:255]
[INFO] 2023-05-20T19:15:17.503366 Rank 0 step 14 processed 4 samples in 1.3633837699890137 s [/home/ubuntu/storage/dlio_benchmark/src/utils/statscounter.py:255]
[INFO] 2023-05-20T19:15:18.867003 Rank 0 step 15 processed 4 samples in 1.3634378910064697 s [/home/ubuntu/storage/dlio_benchmark/src/utils/statscounter.py:255]
[INFO] 2023-05-20T19:15:20.230582 Rank 0 step 16 processed 4 samples in 1.3633787631988525 s [/home/ubuntu/storage/dlio_benchmark/src/utils/statscounter.py:255]
[INFO] 2023-05-20T19:15:21.593904 Rank 0 step 17 processed 4 samples in 1.3631718158721924 s [/home/ubuntu/storage/dlio_benchmark/src/utils/statscounter.py:255]
[INFO] 2023-05-20T19:15:22.957294 Rank 0 step 18 processed 4 samples in 1.3631904125213623 s [/home/ubuntu/storage/dlio_benchmark/src/utils/statscounter.py:255]
[INFO] 2023-05-20T19:15:24.320506 Rank 0 step 19 processed 4 samples in 1.363063097000122 s [/home/ubuntu/storage/dlio_benchmark/src/utils/statscounter.py:255]
[INFO] 2023-05-20T19:15:25.683618 Rank 0 step 20 processed 4 samples in 1.3629870414733887 s [/home/ubuntu/storage/dlio_benchmark/src/utils/statscounter.py:255]
[INFO] 2023-05-20T19:15:27.046909 Rank 0 step 21 processed 4 samples in 1.3631412982940674 s [/home/ubuntu/storage/dlio_benchmark/src/utils/statscounter.py:255]
[INFO] 2023-05-20T19:15:28.410601 Rank 0 step 22 processed 4 samples in 1.3634507656097412 s [/home/ubuntu/storage/dlio_benchmark/src/utils/statscounter.py:255]
[INFO] 2023-05-20T19:15:29.774311 Rank 0 step 23 processed 4 samples in 1.3635292053222656 s [/home/ubuntu/storage/dlio_benchmark/src/utils/statscounter.py:255]
[INFO] 2023-05-20T19:15:31.137910 Rank 0 step 24 processed 4 samples in 1.363391637802124 s [/home/ubuntu/storage/dlio_benchmark/src/utils/statscounter.py:255]
[INFO] 2023-05-20T19:15:32.501896 Rank 0 step 25 processed 4 samples in 1.3636741638183594 s [/home/ubuntu/storage/dlio_benchmark/src/utils/statscounter.py:255]
[INFO] 2023-05-20T19:15:32.502057 Maximum number of steps reached [/home/ubuntu/storage/dlio_benchmark/src/dlio_benchmark.py:247]
[INFO] 2023-05-20T19:15:32.502291 Ending block 1 - 25 steps completed in 35.56 s [/home/ubuntu/storage/dlio_benchmark/src/utils/statscounter.py:212]
[INFO] 2023-05-20T19:15:32.503687 Epoch 1 - Block 1 [Training] Accelerator Utilization [AU] (%): 99.7751 [/home/ubuntu/storage/dlio_benchmark/src/utils/statscounter.py:215]
[INFO] 2023-05-20T19:15:32.503769 Epoch 1 - Block 1 [Training] Throughput (samples/second): 2.8125 [/home/ubuntu/storage/dlio_benchmark/src/utils/statscounter.py:216]
[INFO] 2023-05-20T19:15:32.515965 Ending epoch 1 - 25 steps completed in 35.57 s [/home/ubuntu/storage/dlio_benchmark/src/utils/statscounter.py:155]
[INFO] 2023-05-20T19:15:32.516295 Starting epoch 2: 25 steps expected [/home/ubuntu/storage/dlio_benchmark/src/utils/statscounter.py:128]
[INFO] 2023-05-20T19:15:32.516437 Prefetch size is 0; a default prefetch factor of 2 will be set to Torch DataLoader. [/home/ubuntu/storage/dlio_benchmark/src/reader/torch_data_loader_reader.py:123]
[INFO] 2023-05-20T19:15:32.516592 Starting block 1 [/home/ubuntu/storage/dlio_benchmark/src/utils/statscounter.py:194]
[INFO] 2023-05-20T19:15:35.112460 Rank 0 step 1 processed 4 samples in 2.5957913398742676 s [/home/ubuntu/storage/dlio_benchmark/src/utils/statscounter.py:255]
[INFO] 2023-05-20T19:15:36.475314 Rank 0 step 2 processed 4 samples in 1.362464189529419 s [/home/ubuntu/storage/dlio_benchmark/src/utils/statscounter.py:255]
[INFO] 2023-05-20T19:15:37.840058 Rank 0 step 3 processed 4 samples in 1.3645777702331543 s [/home/ubuntu/storage/dlio_benchmark/src/utils/statscounter.py:255]
[INFO] 2023-05-20T19:15:39.202587 Rank 0 step 4 processed 4 samples in 1.3623709678649902 s [/home/ubuntu/storage/dlio_benchmark/src/utils/statscounter.py:255]
[INFO] 2023-05-20T19:15:40.567088 Rank 0 step 5 processed 4 samples in 1.3643245697021484 s [/home/ubuntu/storage/dlio_benchmark/src/utils/statscounter.py:255]
[INFO] 2023-05-20T19:15:41.929739 Rank 0 step 6 processed 4 samples in 1.3624696731567383 s [/home/ubuntu/storage/dlio_benchmark/src/utils/statscounter.py:255]
[INFO] 2023-05-20T19:15:43.293441 Rank 0 step 7 processed 4 samples in 1.3635082244873047 s [/home/ubuntu/storage/dlio_benchmark/src/utils/statscounter.py:255]
[INFO] 2023-05-20T19:15:44.657149 Rank 0 step 8 processed 4 samples in 1.3634905815124512 s [/home/ubuntu/storage/dlio_benchmark/src/utils/statscounter.py:255]
[INFO] 2023-05-20T19:15:46.020916 Rank 0 step 9 processed 4 samples in 1.3635220527648926 s [/home/ubuntu/storage/dlio_benchmark/src/utils/statscounter.py:255]
[INFO] 2023-05-20T19:15:47.385785 Rank 0 step 10 processed 4 samples in 1.3646509647369385 s [/home/ubuntu/storage/dlio_benchmark/src/utils/statscounter.py:255]
[INFO] 2023-05-20T19:15:48.749566 Rank 0 step 11 processed 4 samples in 1.363518476486206 s [/home/ubuntu/storage/dlio_benchmark/src/utils/statscounter.py:255]
[INFO] 2023-05-20T19:15:50.113572 Rank 0 step 12 processed 4 samples in 1.3637969493865967 s [/home/ubuntu/storage/dlio_benchmark/src/utils/statscounter.py:255]
[INFO] 2023-05-20T19:15:51.477380 Rank 0 step 13 processed 4 samples in 1.3635525703430176 s [/home/ubuntu/storage/dlio_benchmark/src/utils/statscounter.py:255]
[INFO] 2023-05-20T19:15:52.841028 Rank 0 step 14 processed 4 samples in 1.3634209632873535 s [/home/ubuntu/storage/dlio_benchmark/src/utils/statscounter.py:255]
[INFO] 2023-05-20T19:15:54.204719 Rank 0 step 15 processed 4 samples in 1.3634653091430664 s [/home/ubuntu/storage/dlio_benchmark/src/utils/statscounter.py:255]
[INFO] 2023-05-20T19:15:55.568497 Rank 0 step 16 processed 4 samples in 1.3636376857757568 s [/home/ubuntu/storage/dlio_benchmark/src/utils/statscounter.py:255]
[INFO] 2023-05-20T19:15:56.932501 Rank 0 step 17 processed 4 samples in 1.3637213706970215 s [/home/ubuntu/storage/dlio_benchmark/src/utils/statscounter.py:255]
[INFO] 2023-05-20T19:15:58.296163 Rank 0 step 18 processed 4 samples in 1.3634657859802246 s [/home/ubuntu/storage/dlio_benchmark/src/utils/statscounter.py:255]
[INFO] 2023-05-20T19:15:59.659251 Rank 0 step 19 processed 4 samples in 1.3629558086395264 s [/home/ubuntu/storage/dlio_benchmark/src/utils/statscounter.py:255]
[INFO] 2023-05-20T19:16:01.022317 Rank 0 step 20 processed 4 samples in 1.3629517555236816 s [/home/ubuntu/storage/dlio_benchmark/src/utils/statscounter.py:255]
[INFO] 2023-05-20T19:16:02.385759 Rank 0 step 21 processed 4 samples in 1.3631961345672607 s [/home/ubuntu/storage/dlio_benchmark/src/utils/statscounter.py:255]
[INFO] 2023-05-20T19:16:03.749907 Rank 0 step 22 processed 4 samples in 1.3639166355133057 s [/home/ubuntu/storage/dlio_benchmark/src/utils/statscounter.py:255]
[INFO] 2023-05-20T19:16:05.113960 Rank 0 step 23 processed 4 samples in 1.3637912273406982 s [/home/ubuntu/storage/dlio_benchmark/src/utils/statscounter.py:255]
[INFO] 2023-05-20T19:16:06.477753 Rank 0 step 24 processed 4 samples in 1.3635737895965576 s [/home/ubuntu/storage/dlio_benchmark/src/utils/statscounter.py:255]
[INFO] 2023-05-20T19:16:07.841519 Rank 0 step 25 processed 4 samples in 1.3635632991790771 s [/home/ubuntu/storage/dlio_benchmark/src/utils/statscounter.py:255]
[INFO] 2023-05-20T19:16:07.841689 Maximum number of steps reached [/home/ubuntu/storage/dlio_benchmark/src/dlio_benchmark.py:247]
[INFO] 2023-05-20T19:16:07.841897 Ending block 1 - 25 steps completed in 35.33 s [/home/ubuntu/storage/dlio_benchmark/src/utils/statscounter.py:212]
[INFO] 2023-05-20T19:16:07.842901 Epoch 2 - Block 1 [Training] Accelerator Utilization [AU] (%): 99.7563 [/home/ubuntu/storage/dlio_benchmark/src/utils/statscounter.py:215]
[INFO] 2023-05-20T19:16:07.842964 Epoch 2 - Block 1 [Training] Throughput (samples/second): 2.8308 [/home/ubuntu/storage/dlio_benchmark/src/utils/statscounter.py:216]
[INFO] 2023-05-20T19:16:07.855611 Ending epoch 2 - 25 steps completed in 35.34 s [/home/ubuntu/storage/dlio_benchmark/src/utils/statscounter.py:155]
[INFO] 2023-05-20T19:16:07.856055 Starting epoch 3: 25 steps expected [/home/ubuntu/storage/dlio_benchmark/src/utils/statscounter.py:128]
[INFO] 2023-05-20T19:16:07.856220 Prefetch size is 0; a default prefetch factor of 2 will be set to Torch DataLoader. [/home/ubuntu/storage/dlio_benchmark/src/reader/torch_data_loader_reader.py:123]
[INFO] 2023-05-20T19:16:07.856393 Starting block 1 [/home/ubuntu/storage/dlio_benchmark/src/utils/statscounter.py:194]
[INFO] 2023-05-20T19:16:10.393077 Rank 0 step 1 processed 4 samples in 2.536616086959839 s [/home/ubuntu/storage/dlio_benchmark/src/utils/statscounter.py:255]
[INFO] 2023-05-20T19:16:11.756430 Rank 0 step 2 processed 4 samples in 1.3629450798034668 s [/home/ubuntu/storage/dlio_benchmark/src/utils/statscounter.py:255]
[INFO] 2023-05-20T19:16:13.119085 Rank 0 step 3 processed 4 samples in 1.3624672889709473 s [/home/ubuntu/storage/dlio_benchmark/src/utils/statscounter.py:255]
[INFO] 2023-05-20T19:16:14.481626 Rank 0 step 4 processed 4 samples in 1.362379550933838 s [/home/ubuntu/storage/dlio_benchmark/src/utils/statscounter.py:255]
[INFO] 2023-05-20T19:16:15.847352 Rank 0 step 5 processed 4 samples in 1.3655915260314941 s [/home/ubuntu/storage/dlio_benchmark/src/utils/statscounter.py:255]
[INFO] 2023-05-20T19:16:17.208429 Rank 0 step 6 processed 4 samples in 1.3609538078308105 s [/home/ubuntu/storage/dlio_benchmark/src/utils/statscounter.py:255]
[INFO] 2023-05-20T19:16:18.571140 Rank 0 step 7 processed 4 samples in 1.3625273704528809 s [/home/ubuntu/storage/dlio_benchmark/src/utils/statscounter.py:255]
[INFO] 2023-05-20T19:16:19.933659 Rank 0 step 8 processed 4 samples in 1.362361192703247 s [/home/ubuntu/storage/dlio_benchmark/src/utils/statscounter.py:255]
[INFO] 2023-05-20T19:16:21.298294 Rank 0 step 9 processed 4 samples in 1.3644609451293945 s [/home/ubuntu/storage/dlio_benchmark/src/utils/statscounter.py:255]
[INFO] 2023-05-20T19:16:22.660429 Rank 0 step 10 processed 4 samples in 1.361999273300171 s [/home/ubuntu/storage/dlio_benchmark/src/utils/statscounter.py:255]
[INFO] 2023-05-20T19:16:24.024227 Rank 0 step 11 processed 4 samples in 1.3636181354522705 s [/home/ubuntu/storage/dlio_benchmark/src/utils/statscounter.py:255]
[INFO] 2023-05-20T19:16:25.387852 Rank 0 step 12 processed 4 samples in 1.3634412288665771 s [/home/ubuntu/storage/dlio_benchmark/src/utils/statscounter.py:255]
[INFO] 2023-05-20T19:16:26.751422 Rank 0 step 13 processed 4 samples in 1.3633983135223389 s [/home/ubuntu/storage/dlio_benchmark/src/utils/statscounter.py:255]
[INFO] 2023-05-20T19:16:28.115201 Rank 0 step 14 processed 4 samples in 1.363671064376831 s [/home/ubuntu/storage/dlio_benchmark/src/utils/statscounter.py:255]
[INFO] 2023-05-20T19:16:29.479174 Rank 0 step 15 processed 4 samples in 1.3637077808380127 s [/home/ubuntu/storage/dlio_benchmark/src/utils/statscounter.py:255]
[INFO] 2023-05-20T19:16:30.843018 Rank 0 step 16 processed 4 samples in 1.363602638244629 s [/home/ubuntu/storage/dlio_benchmark/src/utils/statscounter.py:255]
[INFO] 2023-05-20T19:16:32.207149 Rank 0 step 17 processed 4 samples in 1.3638439178466797 s [/home/ubuntu/storage/dlio_benchmark/src/utils/statscounter.py:255]
[INFO] 2023-05-20T19:16:33.571198 Rank 0 step 18 processed 4 samples in 1.3637604713439941 s [/home/ubuntu/storage/dlio_benchmark/src/utils/statscounter.py:255]
[INFO] 2023-05-20T19:16:34.935175 Rank 0 step 19 processed 4 samples in 1.3636975288391113 s [/home/ubuntu/storage/dlio_benchmark/src/utils/statscounter.py:255]
[INFO] 2023-05-20T19:16:36.298720 Rank 0 step 20 processed 4 samples in 1.363351821899414 s [/home/ubuntu/storage/dlio_benchmark/src/utils/statscounter.py:255]
[INFO] 2023-05-20T19:16:37.661914 Rank 0 step 21 processed 4 samples in 1.363053560256958 s [/home/ubuntu/storage/dlio_benchmark/src/utils/statscounter.py:255]
[INFO] 2023-05-20T19:16:39.025535 Rank 0 step 22 processed 4 samples in 1.3633928298950195 s [/home/ubuntu/storage/dlio_benchmark/src/utils/statscounter.py:255]
[INFO] 2023-05-20T19:16:40.389094 Rank 0 step 23 processed 4 samples in 1.3633663654327393 s [/home/ubuntu/storage/dlio_benchmark/src/utils/statscounter.py:255]
[INFO] 2023-05-20T19:16:41.752534 Rank 0 step 24 processed 4 samples in 1.3632664680480957 s [/home/ubuntu/storage/dlio_benchmark/src/utils/statscounter.py:255]
[INFO] 2023-05-20T19:16:43.116466 Rank 0 step 25 processed 4 samples in 1.3636045455932617 s [/home/ubuntu/storage/dlio_benchmark/src/utils/statscounter.py:255]
[INFO] 2023-05-20T19:16:43.116721 Maximum number of steps reached [/home/ubuntu/storage/dlio_benchmark/src/dlio_benchmark.py:247]
[INFO] 2023-05-20T19:16:43.116991 Ending block 1 - 25 steps completed in 35.26 s [/home/ubuntu/storage/dlio_benchmark/src/utils/statscounter.py:212]
[INFO] 2023-05-20T19:16:43.118220 Epoch 3 - Block 1 [Training] Accelerator Utilization [AU] (%): 99.7733 [/home/ubuntu/storage/dlio_benchmark/src/utils/statscounter.py:215]
[INFO] 2023-05-20T19:16:43.118312 Epoch 3 - Block 1 [Training] Throughput (samples/second): 2.8360 [/home/ubuntu/storage/dlio_benchmark/src/utils/statscounter.py:216]
[INFO] 2023-05-20T19:16:43.128971 Ending epoch 3 - 25 steps completed in 35.27 s [/home/ubuntu/storage/dlio_benchmark/src/utils/statscounter.py:155]
[INFO] 2023-05-20T19:16:43.129432 Starting epoch 4: 25 steps expected [/home/ubuntu/storage/dlio_benchmark/src/utils/statscounter.py:128]
[INFO] 2023-05-20T19:16:43.129599 Prefetch size is 0; a default prefetch factor of 2 will be set to Torch DataLoader. [/home/ubuntu/storage/dlio_benchmark/src/reader/torch_data_loader_reader.py:123]
[INFO] 2023-05-20T19:16:43.129770 Starting block 1 [/home/ubuntu/storage/dlio_benchmark/src/utils/statscounter.py:194]
[INFO] 2023-05-20T19:16:45.815408 Rank 0 step 1 processed 4 samples in 2.6855673789978027 s [/home/ubuntu/storage/dlio_benchmark/src/utils/statscounter.py:255]
[INFO] 2023-05-20T19:16:47.178041 Rank 0 step 2 processed 4 samples in 1.3622596263885498 s [/home/ubuntu/storage/dlio_benchmark/src/utils/statscounter.py:255]
[INFO] 2023-05-20T19:16:48.540575 Rank 0 step 3 processed 4 samples in 1.3623509407043457 s [/home/ubuntu/storage/dlio_benchmark/src/utils/statscounter.py:255]
[INFO] 2023-05-20T19:16:49.903183 Rank 0 step 4 processed 4 samples in 1.362438678741455 s [/home/ubuntu/storage/dlio_benchmark/src/utils/statscounter.py:255]
[INFO] 2023-05-20T19:16:51.268035 Rank 0 step 5 processed 4 samples in 1.3646955490112305 s [/home/ubuntu/storage/dlio_benchmark/src/utils/statscounter.py:255]
[INFO] 2023-05-20T19:16:52.631658 Rank 0 step 6 processed 4 samples in 1.36342453956604 s [/home/ubuntu/storage/dlio_benchmark/src/utils/statscounter.py:255]
[INFO] 2023-05-20T19:16:53.994163 Rank 0 step 7 processed 4 samples in 1.3623247146606445 s [/home/ubuntu/storage/dlio_benchmark/src/utils/statscounter.py:255]
[INFO] 2023-05-20T19:16:55.356983 Rank 0 step 8 processed 4 samples in 1.3625850677490234 s [/home/ubuntu/storage/dlio_benchmark/src/utils/statscounter.py:255]
[INFO] 2023-05-20T19:16:56.720691 Rank 0 step 9 processed 4 samples in 1.3635122776031494 s [/home/ubuntu/storage/dlio_benchmark/src/utils/statscounter.py:255]
[INFO] 2023-05-20T19:16:58.084114 Rank 0 step 10 processed 4 samples in 1.3632137775421143 s [/home/ubuntu/storage/dlio_benchmark/src/utils/statscounter.py:255]
[INFO] 2023-05-20T19:16:59.447527 Rank 0 step 11 processed 4 samples in 1.3632493019104004 s [/home/ubuntu/storage/dlio_benchmark/src/utils/statscounter.py:255]
[INFO] 2023-05-20T19:17:00.811005 Rank 0 step 12 processed 4 samples in 1.3632819652557373 s [/home/ubuntu/storage/dlio_benchmark/src/utils/statscounter.py:255]
[INFO] 2023-05-20T19:17:02.174490 Rank 0 step 13 processed 4 samples in 1.3632841110229492 s [/home/ubuntu/storage/dlio_benchmark/src/utils/statscounter.py:255]
[INFO] 2023-05-20T19:17:03.538166 Rank 0 step 14 processed 4 samples in 1.363438367843628 s [/home/ubuntu/storage/dlio_benchmark/src/utils/statscounter.py:255]
[INFO] 2023-05-20T19:17:04.901743 Rank 0 step 15 processed 4 samples in 1.3633668422698975 s [/home/ubuntu/storage/dlio_benchmark/src/utils/statscounter.py:255]
[INFO] 2023-05-20T19:17:06.265156 Rank 0 step 16 processed 4 samples in 1.3632078170776367 s [/home/ubuntu/storage/dlio_benchmark/src/utils/statscounter.py:255]
[INFO] 2023-05-20T19:17:07.628690 Rank 0 step 17 processed 4 samples in 1.3632597923278809 s [/home/ubuntu/storage/dlio_benchmark/src/utils/statscounter.py:255]
[INFO] 2023-05-20T19:17:08.992175 Rank 0 step 18 processed 4 samples in 1.3632562160491943 s [/home/ubuntu/storage/dlio_benchmark/src/utils/statscounter.py:255]
[INFO] 2023-05-20T19:17:10.355424 Rank 0 step 19 processed 4 samples in 1.363011121749878 s [/home/ubuntu/storage/dlio_benchmark/src/utils/statscounter.py:255]
[INFO] 2023-05-20T19:17:11.718606 Rank 0 step 20 processed 4 samples in 1.363063097000122 s [/home/ubuntu/storage/dlio_benchmark/src/utils/statscounter.py:255]
[INFO] 2023-05-20T19:17:13.081740 Rank 0 step 21 processed 4 samples in 1.3630084991455078 s [/home/ubuntu/storage/dlio_benchmark/src/utils/statscounter.py:255]
[INFO] 2023-05-20T19:17:14.445426 Rank 0 step 22 processed 4 samples in 1.363492727279663 s [/home/ubuntu/storage/dlio_benchmark/src/utils/statscounter.py:255]
[INFO] 2023-05-20T19:17:15.808943 Rank 0 step 23 processed 4 samples in 1.3633465766906738 s [/home/ubuntu/storage/dlio_benchmark/src/utils/statscounter.py:255]
[INFO] 2023-05-20T19:17:17.172410 Rank 0 step 24 processed 4 samples in 1.3633103370666504 s [/home/ubuntu/storage/dlio_benchmark/src/utils/statscounter.py:255]
[INFO] 2023-05-20T19:17:18.535769 Rank 0 step 25 processed 4 samples in 1.363199234008789 s [/home/ubuntu/storage/dlio_benchmark/src/utils/statscounter.py:255]
[INFO] 2023-05-20T19:17:18.535939 Maximum number of steps reached [/home/ubuntu/storage/dlio_benchmark/src/dlio_benchmark.py:247]
[INFO] 2023-05-20T19:17:18.536153 Ending block 1 - 25 steps completed in 35.41 s [/home/ubuntu/storage/dlio_benchmark/src/utils/statscounter.py:212]
[INFO] 2023-05-20T19:17:18.537235 Epoch 4 - Block 1 [Training] Accelerator Utilization [AU] (%): 99.7828 [/home/ubuntu/storage/dlio_benchmark/src/utils/statscounter.py:215]
[INFO] 2023-05-20T19:17:18.537317 Epoch 4 - Block 1 [Training] Throughput (samples/second): 2.8244 [/home/ubuntu/storage/dlio_benchmark/src/utils/statscounter.py:216]
[INFO] 2023-05-20T19:17:18.547335 Ending epoch 4 - 25 steps completed in 35.42 s [/home/ubuntu/storage/dlio_benchmark/src/utils/statscounter.py:155]
[INFO] 2023-05-20T19:17:18.547756 Starting epoch 5: 25 steps expected [/home/ubuntu/storage/dlio_benchmark/src/utils/statscounter.py:128]
[INFO] 2023-05-20T19:17:18.547905 Prefetch size is 0; a default prefetch factor of 2 will be set to Torch DataLoader. [/home/ubuntu/storage/dlio_benchmark/src/reader/torch_data_loader_reader.py:123]
[INFO] 2023-05-20T19:17:18.548046 Starting block 1 [/home/ubuntu/storage/dlio_benchmark/src/utils/statscounter.py:194]
[INFO] 2023-05-20T19:17:21.087393 Rank 0 step 1 processed 4 samples in 2.539278984069824 s [/home/ubuntu/storage/dlio_benchmark/src/utils/statscounter.py:255]
[INFO] 2023-05-20T19:17:22.451804 Rank 0 step 2 processed 4 samples in 1.3639519214630127 s [/home/ubuntu/storage/dlio_benchmark/src/utils/statscounter.py:255]
[INFO] 2023-05-20T19:17:23.814376 Rank 0 step 3 processed 4 samples in 1.362396478652954 s [/home/ubuntu/storage/dlio_benchmark/src/utils/statscounter.py:255]
[INFO] 2023-05-20T19:17:25.177964 Rank 0 step 4 processed 4 samples in 1.3633782863616943 s [/home/ubuntu/storage/dlio_benchmark/src/utils/statscounter.py:255]
[INFO] 2023-05-20T19:17:26.542200 Rank 0 step 5 processed 4 samples in 1.3640079498291016 s [/home/ubuntu/storage/dlio_benchmark/src/utils/statscounter.py:255]
[INFO] 2023-05-20T19:17:27.905900 Rank 0 step 6 processed 4 samples in 1.3634905815124512 s [/home/ubuntu/storage/dlio_benchmark/src/utils/statscounter.py:255]
[INFO] 2023-05-20T19:17:29.268559 Rank 0 step 7 processed 4 samples in 1.362433671951294 s [/home/ubuntu/storage/dlio_benchmark/src/utils/statscounter.py:255]
[INFO] 2023-05-20T19:17:30.632150 Rank 0 step 8 processed 4 samples in 1.363368034362793 s [/home/ubuntu/storage/dlio_benchmark/src/utils/statscounter.py:255]
[INFO] 2023-05-20T19:17:31.995846 Rank 0 step 9 processed 4 samples in 1.363426685333252 s [/home/ubuntu/storage/dlio_benchmark/src/utils/statscounter.py:255]
[INFO] 2023-05-20T19:17:33.359585 Rank 0 step 10 processed 4 samples in 1.3635318279266357 s [/home/ubuntu/storage/dlio_benchmark/src/utils/statscounter.py:255]
[INFO] 2023-05-20T19:17:34.723195 Rank 0 step 11 processed 4 samples in 1.363377571105957 s [/home/ubuntu/storage/dlio_benchmark/src/utils/statscounter.py:255]
[INFO] 2023-05-20T19:17:36.086814 Rank 0 step 12 processed 4 samples in 1.3633899688720703 s [/home/ubuntu/storage/dlio_benchmark/src/utils/statscounter.py:255]
[INFO] 2023-05-20T19:17:37.450444 Rank 0 step 13 processed 4 samples in 1.3633992671966553 s [/home/ubuntu/storage/dlio_benchmark/src/utils/statscounter.py:255]
[INFO] 2023-05-20T19:17:38.814829 Rank 0 step 14 processed 4 samples in 1.3641536235809326 s [/home/ubuntu/storage/dlio_benchmark/src/utils/statscounter.py:255]
[INFO] 2023-05-20T19:17:40.178834 Rank 0 step 15 processed 4 samples in 1.3636479377746582 s [/home/ubuntu/storage/dlio_benchmark/src/utils/statscounter.py:255]
[INFO] 2023-05-20T19:17:41.542460 Rank 0 step 16 processed 4 samples in 1.3633880615234375 s [/home/ubuntu/storage/dlio_benchmark/src/utils/statscounter.py:255]
[INFO] 2023-05-20T19:17:42.906030 Rank 0 step 17 processed 4 samples in 1.3633453845977783 s [/home/ubuntu/storage/dlio_benchmark/src/utils/statscounter.py:255]
[INFO] 2023-05-20T19:17:44.269602 Rank 0 step 18 processed 4 samples in 1.3633520603179932 s [/home/ubuntu/storage/dlio_benchmark/src/utils/statscounter.py:255]
[INFO] 2023-05-20T19:17:45.632691 Rank 0 step 19 processed 4 samples in 1.362936019897461 s [/home/ubuntu/storage/dlio_benchmark/src/utils/statscounter.py:255]
[INFO] 2023-05-20T19:17:46.995794 Rank 0 step 20 processed 4 samples in 1.362989902496338 s [/home/ubuntu/storage/dlio_benchmark/src/utils/statscounter.py:255]
[INFO] 2023-05-20T19:17:48.359032 Rank 0 step 21 processed 4 samples in 1.3631012439727783 s [/home/ubuntu/storage/dlio_benchmark/src/utils/statscounter.py:255]
[INFO] 2023-05-20T19:17:49.722611 Rank 0 step 22 processed 4 samples in 1.3633613586425781 s [/home/ubuntu/storage/dlio_benchmark/src/utils/statscounter.py:255]
[INFO] 2023-05-20T19:17:51.086234 Rank 0 step 23 processed 4 samples in 1.3634412288665771 s [/home/ubuntu/storage/dlio_benchmark/src/utils/statscounter.py:255]
[INFO] 2023-05-20T19:17:52.449422 Rank 0 step 24 processed 4 samples in 1.3630309104919434 s [/home/ubuntu/storage/dlio_benchmark/src/utils/statscounter.py:255]
[INFO] 2023-05-20T19:17:53.812830 Rank 0 step 25 processed 4 samples in 1.363276481628418 s [/home/ubuntu/storage/dlio_benchmark/src/utils/statscounter.py:255]
[INFO] 2023-05-20T19:17:53.812976 Maximum number of steps reached [/home/ubuntu/storage/dlio_benchmark/src/dlio_benchmark.py:247]
[INFO] 2023-05-20T19:17:53.813204 Ending block 1 - 25 steps completed in 35.27 s [/home/ubuntu/storage/dlio_benchmark/src/utils/statscounter.py:212]
[INFO] 2023-05-20T19:17:53.814256 Epoch 5 - Block 1 [Training] Accelerator Utilization [AU] (%): 99.7674 [/home/ubuntu/storage/dlio_benchmark/src/utils/statscounter.py:215]
[INFO] 2023-05-20T19:17:53.814343 Epoch 5 - Block 1 [Training] Throughput (samples/second): 2.8357 [/home/ubuntu/storage/dlio_benchmark/src/utils/statscounter.py:216]
[INFO] 2023-05-20T19:17:53.824218 Starting checkpoint 1 after total step 25 for epoch 5 [/home/ubuntu/storage/dlio_benchmark/src/utils/statscounter.py:221]
[INFO] 2023-05-20T19:17:55.140462 Ending checkpoint 1 for epoch 5 [/home/ubuntu/storage/dlio_benchmark/src/utils/statscounter.py:231]
[INFO] 2023-05-20T19:17:55.141265 Ending epoch 5 - 25 steps completed in 36.59 s [/home/ubuntu/storage/dlio_benchmark/src/utils/statscounter.py:155]
[INFO] 2023-05-20T19:17:55.142085 Saved outputs in /home/ubuntu/storage/results/unet3d/2023-05-20-19-14-56 [/home/ubuntu/storage/dlio_benchmark/src/utils/statscounter.py:108]
[INFO] Averaged metric over all epochs
[METRIC] ==========================================================
[METRIC] Training Accelerator Utilization [AU] (%): 99.7642 (0.0176)
[METRIC] Training Throughput (samples/second): 2.8277 (0.0086)
[METRIC] Training I/O Throughput (MB/second): 632.5447 (1.9251)
[METRIC] train_au_meet_expectation: success
[METRIC] ==========================================================
 [/home/ubuntu/storage/dlio_benchmark/src/utils/statscounter.py:121]
[INFO] 2023-05-20T19:17:55.143251 Rank 0 wrote json output [/home/ubuntu/storage/dlio_benchmark/src/utils/statscounter.py:301]
