[INFO] 2023-05-20T19:11:41.342248 Running DLIO with 1 process(es) [/home/ubuntu/storage/dlio_benchmark/src/dlio_benchmark.py:104]
[INFO] 2023-05-20T19:11:41.342430 Reading workload YAML config file '/home/ubuntu/storage/storage-conf/workload/unet3d.yaml' [/home/ubuntu/storage/dlio_benchmark/src/dlio_benchmark.py:106]
[WARNING] Number of files in data/unet3d/train (200) is more than requested (100). A subset of files will be used  [/home/ubuntu/storage/dlio_benchmark/src/reader/reader_handler.py:96]
[INFO] 2023-05-20T19:11:41.403669 Max steps per epoch: 25 = 1 * 100 / 4 / 1 (samples per file * num files / batch size / comm size) [/home/ubuntu/storage/dlio_benchmark/src/dlio_benchmark.py:274]
[INFO] 2023-05-20T19:11:41.403759 Starting epoch 1: 25 steps expected [/home/ubuntu/storage/dlio_benchmark/src/utils/statscounter.py:128]
[INFO] 2023-05-20T19:11:41.403911 Prefetch size is 0; a default prefetch factor of 2 will be set to Torch DataLoader. [/home/ubuntu/storage/dlio_benchmark/src/reader/torch_data_loader_reader.py:123]
[INFO] 2023-05-20T19:11:41.404127 Starting block 1 [/home/ubuntu/storage/dlio_benchmark/src/utils/statscounter.py:194]
[INFO] 2023-05-20T19:11:44.225784 Rank 0 step 1 processed 4 samples in 2.8215866088867188 s [/home/ubuntu/storage/dlio_benchmark/src/utils/statscounter.py:255]
[INFO] 2023-05-20T19:11:45.588638 Rank 0 step 2 processed 4 samples in 1.3625085353851318 s [/home/ubuntu/storage/dlio_benchmark/src/utils/statscounter.py:255]
[INFO] 2023-05-20T19:11:46.951196 Rank 0 step 3 processed 4 samples in 1.3624069690704346 s [/home/ubuntu/storage/dlio_benchmark/src/utils/statscounter.py:255]
[INFO] 2023-05-20T19:11:48.313906 Rank 0 step 4 processed 4 samples in 1.3625609874725342 s [/home/ubuntu/storage/dlio_benchmark/src/utils/statscounter.py:255]
[INFO] 2023-05-20T19:11:49.679136 Rank 0 step 5 processed 4 samples in 1.3650517463684082 s [/home/ubuntu/storage/dlio_benchmark/src/utils/statscounter.py:255]
[INFO] 2023-05-20T19:11:51.041749 Rank 0 step 6 processed 4 samples in 1.3624475002288818 s [/home/ubuntu/storage/dlio_benchmark/src/utils/statscounter.py:255]
[INFO] 2023-05-20T19:11:52.404292 Rank 0 step 7 processed 4 samples in 1.3623857498168945 s [/home/ubuntu/storage/dlio_benchmark/src/utils/statscounter.py:255]
[INFO] 2023-05-20T19:11:53.767927 Rank 0 step 8 processed 4 samples in 1.3634567260742188 s [/home/ubuntu/storage/dlio_benchmark/src/utils/statscounter.py:255]
[INFO] 2023-05-20T19:11:55.131531 Rank 0 step 9 processed 4 samples in 1.3634238243103027 s [/home/ubuntu/storage/dlio_benchmark/src/utils/statscounter.py:255]
[INFO] 2023-05-20T19:11:56.495214 Rank 0 step 10 processed 4 samples in 1.3635101318359375 s [/home/ubuntu/storage/dlio_benchmark/src/utils/statscounter.py:255]
[INFO] 2023-05-20T19:11:57.858964 Rank 0 step 11 processed 4 samples in 1.3635942935943604 s [/home/ubuntu/storage/dlio_benchmark/src/utils/statscounter.py:255]
[INFO] 2023-05-20T19:11:59.222491 Rank 0 step 12 processed 4 samples in 1.3633029460906982 s [/home/ubuntu/storage/dlio_benchmark/src/utils/statscounter.py:255]
[INFO] 2023-05-20T19:12:00.585976 Rank 0 step 13 processed 4 samples in 1.3632776737213135 s [/home/ubuntu/storage/dlio_benchmark/src/utils/statscounter.py:255]
[INFO] 2023-05-20T19:12:01.950032 Rank 0 step 14 processed 4 samples in 1.3638365268707275 s [/home/ubuntu/storage/dlio_benchmark/src/utils/statscounter.py:255]
[INFO] 2023-05-20T19:12:03.313812 Rank 0 step 15 processed 4 samples in 1.3634636402130127 s [/home/ubuntu/storage/dlio_benchmark/src/utils/statscounter.py:255]
[INFO] 2023-05-20T19:12:04.677335 Rank 0 step 16 processed 4 samples in 1.3632962703704834 s [/home/ubuntu/storage/dlio_benchmark/src/utils/statscounter.py:255]
[INFO] 2023-05-20T19:12:06.041254 Rank 0 step 17 processed 4 samples in 1.3636767864227295 s [/home/ubuntu/storage/dlio_benchmark/src/utils/statscounter.py:255]
[INFO] 2023-05-20T19:12:07.404945 Rank 0 step 18 processed 4 samples in 1.3634874820709229 s [/home/ubuntu/storage/dlio_benchmark/src/utils/statscounter.py:255]
[INFO] 2023-05-20T19:12:08.767986 Rank 0 step 19 processed 4 samples in 1.3629040718078613 s [/home/ubuntu/storage/dlio_benchmark/src/utils/statscounter.py:255]
[INFO] 2023-05-20T19:12:10.131068 Rank 0 step 20 processed 4 samples in 1.3629469871520996 s [/home/ubuntu/storage/dlio_benchmark/src/utils/statscounter.py:255]
[INFO] 2023-05-20T19:12:11.494853 Rank 0 step 21 processed 4 samples in 1.3635656833648682 s [/home/ubuntu/storage/dlio_benchmark/src/utils/statscounter.py:255]
[INFO] 2023-05-20T19:12:12.858666 Rank 0 step 22 processed 4 samples in 1.3635740280151367 s [/home/ubuntu/storage/dlio_benchmark/src/utils/statscounter.py:255]
[INFO] 2023-05-20T19:12:14.222954 Rank 0 step 23 processed 4 samples in 1.3640995025634766 s [/home/ubuntu/storage/dlio_benchmark/src/utils/statscounter.py:255]
[INFO] 2023-05-20T19:12:15.586454 Rank 0 step 24 processed 4 samples in 1.3633434772491455 s [/home/ubuntu/storage/dlio_benchmark/src/utils/statscounter.py:255]
[INFO] 2023-05-20T19:12:16.949758 Rank 0 step 25 processed 4 samples in 1.3631329536437988 s [/home/ubuntu/storage/dlio_benchmark/src/utils/statscounter.py:255]
[INFO] 2023-05-20T19:12:16.949990 Maximum number of steps reached [/home/ubuntu/storage/dlio_benchmark/src/dlio_benchmark.py:247]
[INFO] 2023-05-20T19:12:16.950326 Ending block 1 - 25 steps completed in 35.55 s [/home/ubuntu/storage/dlio_benchmark/src/utils/statscounter.py:212]
[INFO] 2023-05-20T19:12:16.951910 Epoch 1 - Block 1 [Training] Accelerator Utilization [AU] (%): 99.7714 [/home/ubuntu/storage/dlio_benchmark/src/utils/statscounter.py:215]
[INFO] 2023-05-20T19:12:16.952015 Epoch 1 - Block 1 [Training] Throughput (samples/second): 2.8133 [/home/ubuntu/storage/dlio_benchmark/src/utils/statscounter.py:216]
[INFO] 2023-05-20T19:12:16.962355 Ending epoch 1 - 25 steps completed in 35.56 s [/home/ubuntu/storage/dlio_benchmark/src/utils/statscounter.py:155]
[INFO] 2023-05-20T19:12:16.962831 Starting epoch 2: 25 steps expected [/home/ubuntu/storage/dlio_benchmark/src/utils/statscounter.py:128]
[INFO] 2023-05-20T19:12:16.963010 Prefetch size is 0; a default prefetch factor of 2 will be set to Torch DataLoader. [/home/ubuntu/storage/dlio_benchmark/src/reader/torch_data_loader_reader.py:123]
[INFO] 2023-05-20T19:12:16.963174 Starting block 1 [/home/ubuntu/storage/dlio_benchmark/src/utils/statscounter.py:194]
[INFO] 2023-05-20T19:12:19.709368 Rank 0 step 1 processed 4 samples in 2.746127128601074 s [/home/ubuntu/storage/dlio_benchmark/src/utils/statscounter.py:255]
[INFO] 2023-05-20T19:12:21.072145 Rank 0 step 2 processed 4 samples in 1.3624110221862793 s [/home/ubuntu/storage/dlio_benchmark/src/utils/statscounter.py:255]
[INFO] 2023-05-20T19:12:22.436660 Rank 0 step 3 processed 4 samples in 1.3643567562103271 s [/home/ubuntu/storage/dlio_benchmark/src/utils/statscounter.py:255]
[INFO] 2023-05-20T19:12:23.799353 Rank 0 step 4 processed 4 samples in 1.3625106811523438 s [/home/ubuntu/storage/dlio_benchmark/src/utils/statscounter.py:255]
[INFO] 2023-05-20T19:12:25.164001 Rank 0 step 5 processed 4 samples in 1.364471435546875 s [/home/ubuntu/storage/dlio_benchmark/src/utils/statscounter.py:255]
[INFO] 2023-05-20T19:12:26.526697 Rank 0 step 6 processed 4 samples in 1.36246919631958 s [/home/ubuntu/storage/dlio_benchmark/src/utils/statscounter.py:255]
[INFO] 2023-05-20T19:12:27.890943 Rank 0 step 7 processed 4 samples in 1.3639578819274902 s [/home/ubuntu/storage/dlio_benchmark/src/utils/statscounter.py:255]
[INFO] 2023-05-20T19:12:29.254996 Rank 0 step 8 processed 4 samples in 1.3638205528259277 s [/home/ubuntu/storage/dlio_benchmark/src/utils/statscounter.py:255]
[INFO] 2023-05-20T19:12:30.618514 Rank 0 step 9 processed 4 samples in 1.3633356094360352 s [/home/ubuntu/storage/dlio_benchmark/src/utils/statscounter.py:255]
[INFO] 2023-05-20T19:12:31.983376 Rank 0 step 10 processed 4 samples in 1.3646762371063232 s [/home/ubuntu/storage/dlio_benchmark/src/utils/statscounter.py:255]
[INFO] 2023-05-20T19:12:33.346864 Rank 0 step 11 processed 4 samples in 1.363267183303833 s [/home/ubuntu/storage/dlio_benchmark/src/utils/statscounter.py:255]
[INFO] 2023-05-20T19:12:34.710408 Rank 0 step 12 processed 4 samples in 1.3633666038513184 s [/home/ubuntu/storage/dlio_benchmark/src/utils/statscounter.py:255]
[INFO] 2023-05-20T19:12:36.073824 Rank 0 step 13 processed 4 samples in 1.3632524013519287 s [/home/ubuntu/storage/dlio_benchmark/src/utils/statscounter.py:255]
[INFO] 2023-05-20T19:12:37.437335 Rank 0 step 14 processed 4 samples in 1.3633348941802979 s [/home/ubuntu/storage/dlio_benchmark/src/utils/statscounter.py:255]
[INFO] 2023-05-20T19:12:38.800993 Rank 0 step 15 processed 4 samples in 1.3634147644042969 s [/home/ubuntu/storage/dlio_benchmark/src/utils/statscounter.py:255]
[INFO] 2023-05-20T19:12:40.164671 Rank 0 step 16 processed 4 samples in 1.3635172843933105 s [/home/ubuntu/storage/dlio_benchmark/src/utils/statscounter.py:255]
[INFO] 2023-05-20T19:12:41.528222 Rank 0 step 17 processed 4 samples in 1.363391399383545 s [/home/ubuntu/storage/dlio_benchmark/src/utils/statscounter.py:255]
[INFO] 2023-05-20T19:12:42.891719 Rank 0 step 18 processed 4 samples in 1.3633489608764648 s [/home/ubuntu/storage/dlio_benchmark/src/utils/statscounter.py:255]
[INFO] 2023-05-20T19:12:44.255086 Rank 0 step 19 processed 4 samples in 1.3631961345672607 s [/home/ubuntu/storage/dlio_benchmark/src/utils/statscounter.py:255]
[INFO] 2023-05-20T19:12:45.618186 Rank 0 step 20 processed 4 samples in 1.3629686832427979 s [/home/ubuntu/storage/dlio_benchmark/src/utils/statscounter.py:255]
[INFO] 2023-05-20T19:12:46.981917 Rank 0 step 21 processed 4 samples in 1.3635225296020508 s [/home/ubuntu/storage/dlio_benchmark/src/utils/statscounter.py:255]
[INFO] 2023-05-20T19:12:48.345730 Rank 0 step 22 processed 4 samples in 1.3635985851287842 s [/home/ubuntu/storage/dlio_benchmark/src/utils/statscounter.py:255]
[INFO] 2023-05-20T19:12:49.709149 Rank 0 step 23 processed 4 samples in 1.3632404804229736 s [/home/ubuntu/storage/dlio_benchmark/src/utils/statscounter.py:255]
[INFO] 2023-05-20T19:12:51.072660 Rank 0 step 24 processed 4 samples in 1.3633427619934082 s [/home/ubuntu/storage/dlio_benchmark/src/utils/statscounter.py:255]
[INFO] 2023-05-20T19:12:52.436024 Rank 0 step 25 processed 4 samples in 1.3632290363311768 s [/home/ubuntu/storage/dlio_benchmark/src/utils/statscounter.py:255]
[INFO] 2023-05-20T19:12:52.436239 Maximum number of steps reached [/home/ubuntu/storage/dlio_benchmark/src/dlio_benchmark.py:247]
[INFO] 2023-05-20T19:12:52.436467 Ending block 1 - 25 steps completed in 35.47 s [/home/ubuntu/storage/dlio_benchmark/src/utils/statscounter.py:212]
[INFO] 2023-05-20T19:12:52.437544 Epoch 2 - Block 1 [Training] Accelerator Utilization [AU] (%): 99.7635 [/home/ubuntu/storage/dlio_benchmark/src/utils/statscounter.py:215]
[INFO] 2023-05-20T19:12:52.437624 Epoch 2 - Block 1 [Training] Throughput (samples/second): 2.8190 [/home/ubuntu/storage/dlio_benchmark/src/utils/statscounter.py:216]
[INFO] 2023-05-20T19:12:52.452136 Ending epoch 2 - 25 steps completed in 35.49 s [/home/ubuntu/storage/dlio_benchmark/src/utils/statscounter.py:155]
[INFO] 2023-05-20T19:12:52.452648 Starting epoch 3: 25 steps expected [/home/ubuntu/storage/dlio_benchmark/src/utils/statscounter.py:128]
[INFO] 2023-05-20T19:12:52.452794 Prefetch size is 0; a default prefetch factor of 2 will be set to Torch DataLoader. [/home/ubuntu/storage/dlio_benchmark/src/reader/torch_data_loader_reader.py:123]
[INFO] 2023-05-20T19:12:52.452957 Starting block 1 [/home/ubuntu/storage/dlio_benchmark/src/utils/statscounter.py:194]
[INFO] 2023-05-20T19:12:54.928714 Rank 0 step 1 processed 4 samples in 2.4756855964660645 s [/home/ubuntu/storage/dlio_benchmark/src/utils/statscounter.py:255]
[INFO] 2023-05-20T19:12:56.292704 Rank 0 step 2 processed 4 samples in 1.3636274337768555 s [/home/ubuntu/storage/dlio_benchmark/src/utils/statscounter.py:255]
[INFO] 2023-05-20T19:12:57.655261 Rank 0 step 3 processed 4 samples in 1.362379789352417 s [/home/ubuntu/storage/dlio_benchmark/src/utils/statscounter.py:255]
[INFO] 2023-05-20T19:12:59.017981 Rank 0 step 4 processed 4 samples in 1.3625361919403076 s [/home/ubuntu/storage/dlio_benchmark/src/utils/statscounter.py:255]
[INFO] 2023-05-20T19:13:00.383234 Rank 0 step 5 processed 4 samples in 1.3650758266448975 s [/home/ubuntu/storage/dlio_benchmark/src/utils/statscounter.py:255]
[INFO] 2023-05-20T19:13:01.746927 Rank 0 step 6 processed 4 samples in 1.3635034561157227 s [/home/ubuntu/storage/dlio_benchmark/src/utils/statscounter.py:255]
[INFO] 2023-05-20T19:13:03.109526 Rank 0 step 7 processed 4 samples in 1.3623719215393066 s [/home/ubuntu/storage/dlio_benchmark/src/utils/statscounter.py:255]
[INFO] 2023-05-20T19:13:04.472235 Rank 0 step 8 processed 4 samples in 1.362504005432129 s [/home/ubuntu/storage/dlio_benchmark/src/utils/statscounter.py:255]
[INFO] 2023-05-20T19:13:05.836706 Rank 0 step 9 processed 4 samples in 1.3642773628234863 s [/home/ubuntu/storage/dlio_benchmark/src/utils/statscounter.py:255]
[INFO] 2023-05-20T19:13:07.199514 Rank 0 step 10 processed 4 samples in 1.3626139163970947 s [/home/ubuntu/storage/dlio_benchmark/src/utils/statscounter.py:255]
[INFO] 2023-05-20T19:13:08.562991 Rank 0 step 11 processed 4 samples in 1.3633167743682861 s [/home/ubuntu/storage/dlio_benchmark/src/utils/statscounter.py:255]
[INFO] 2023-05-20T19:13:09.926542 Rank 0 step 12 processed 4 samples in 1.363379716873169 s [/home/ubuntu/storage/dlio_benchmark/src/utils/statscounter.py:255]
[INFO] 2023-05-20T19:13:11.290064 Rank 0 step 13 processed 4 samples in 1.3633551597595215 s [/home/ubuntu/storage/dlio_benchmark/src/utils/statscounter.py:255]
[INFO] 2023-05-20T19:13:12.653773 Rank 0 step 14 processed 4 samples in 1.363530158996582 s [/home/ubuntu/storage/dlio_benchmark/src/utils/statscounter.py:255]
[INFO] 2023-05-20T19:13:14.017444 Rank 0 step 15 processed 4 samples in 1.3634467124938965 s [/home/ubuntu/storage/dlio_benchmark/src/utils/statscounter.py:255]
[INFO] 2023-05-20T19:13:15.380947 Rank 0 step 16 processed 4 samples in 1.3633408546447754 s [/home/ubuntu/storage/dlio_benchmark/src/utils/statscounter.py:255]
[INFO] 2023-05-20T19:13:16.744500 Rank 0 step 17 processed 4 samples in 1.3633744716644287 s [/home/ubuntu/storage/dlio_benchmark/src/utils/statscounter.py:255]
[INFO] 2023-05-20T19:13:18.108131 Rank 0 step 18 processed 4 samples in 1.3634514808654785 s [/home/ubuntu/storage/dlio_benchmark/src/utils/statscounter.py:255]
[INFO] 2023-05-20T19:13:19.471330 Rank 0 step 19 processed 4 samples in 1.3630475997924805 s [/home/ubuntu/storage/dlio_benchmark/src/utils/statscounter.py:255]
[INFO] 2023-05-20T19:13:20.834511 Rank 0 step 20 processed 4 samples in 1.3630406856536865 s [/home/ubuntu/storage/dlio_benchmark/src/utils/statscounter.py:255]
[INFO] 2023-05-20T19:13:22.198073 Rank 0 step 21 processed 4 samples in 1.363374948501587 s [/home/ubuntu/storage/dlio_benchmark/src/utils/statscounter.py:255]
[INFO] 2023-05-20T19:13:23.561701 Rank 0 step 22 processed 4 samples in 1.3634207248687744 s [/home/ubuntu/storage/dlio_benchmark/src/utils/statscounter.py:255]
[INFO] 2023-05-20T19:13:24.925068 Rank 0 step 23 processed 4 samples in 1.3631923198699951 s [/home/ubuntu/storage/dlio_benchmark/src/utils/statscounter.py:255]
[INFO] 2023-05-20T19:13:26.288440 Rank 0 step 24 processed 4 samples in 1.3631913661956787 s [/home/ubuntu/storage/dlio_benchmark/src/utils/statscounter.py:255]
[INFO] 2023-05-20T19:13:27.652073 Rank 0 step 25 processed 4 samples in 1.363436222076416 s [/home/ubuntu/storage/dlio_benchmark/src/utils/statscounter.py:255]
[INFO] 2023-05-20T19:13:27.652230 Maximum number of steps reached [/home/ubuntu/storage/dlio_benchmark/src/dlio_benchmark.py:247]
[INFO] 2023-05-20T19:13:27.652448 Ending block 1 - 25 steps completed in 35.20 s [/home/ubuntu/storage/dlio_benchmark/src/utils/statscounter.py:212]
[INFO] 2023-05-20T19:13:27.653525 Epoch 3 - Block 1 [Training] Accelerator Utilization [AU] (%): 99.7737 [/home/ubuntu/storage/dlio_benchmark/src/utils/statscounter.py:215]
[INFO] 2023-05-20T19:13:27.653591 Epoch 3 - Block 1 [Training] Throughput (samples/second): 2.8410 [/home/ubuntu/storage/dlio_benchmark/src/utils/statscounter.py:216]
[INFO] 2023-05-20T19:13:27.663687 Ending epoch 3 - 25 steps completed in 35.21 s [/home/ubuntu/storage/dlio_benchmark/src/utils/statscounter.py:155]
[INFO] 2023-05-20T19:13:27.664137 Starting epoch 4: 25 steps expected [/home/ubuntu/storage/dlio_benchmark/src/utils/statscounter.py:128]
[INFO] 2023-05-20T19:13:27.664363 Prefetch size is 0; a default prefetch factor of 2 will be set to Torch DataLoader. [/home/ubuntu/storage/dlio_benchmark/src/reader/torch_data_loader_reader.py:123]
[INFO] 2023-05-20T19:13:27.664545 Starting block 1 [/home/ubuntu/storage/dlio_benchmark/src/utils/statscounter.py:194]
[INFO] 2023-05-20T19:13:30.212200 Rank 0 step 1 processed 4 samples in 2.5475914478302 s [/home/ubuntu/storage/dlio_benchmark/src/utils/statscounter.py:255]
[INFO] 2023-05-20T19:13:31.575137 Rank 0 step 2 processed 4 samples in 1.3625280857086182 s [/home/ubuntu/storage/dlio_benchmark/src/utils/statscounter.py:255]
[INFO] 2023-05-20T19:13:32.937824 Rank 0 step 3 processed 4 samples in 1.3624820709228516 s [/home/ubuntu/storage/dlio_benchmark/src/utils/statscounter.py:255]
[INFO] 2023-05-20T19:13:34.302672 Rank 0 step 4 processed 4 samples in 1.3646395206451416 s [/home/ubuntu/storage/dlio_benchmark/src/utils/statscounter.py:255]
[INFO] 2023-05-20T19:13:35.666927 Rank 0 step 5 processed 4 samples in 1.3640689849853516 s [/home/ubuntu/storage/dlio_benchmark/src/utils/statscounter.py:255]
[INFO] 2023-05-20T19:13:37.034611 Rank 0 step 6 processed 4 samples in 1.3674871921539307 s [/home/ubuntu/storage/dlio_benchmark/src/utils/statscounter.py:255]
[INFO] 2023-05-20T19:13:38.397257 Rank 0 step 7 processed 4 samples in 1.362433910369873 s [/home/ubuntu/storage/dlio_benchmark/src/utils/statscounter.py:255]
[INFO] 2023-05-20T19:13:39.760219 Rank 0 step 8 processed 4 samples in 1.3626854419708252 s [/home/ubuntu/storage/dlio_benchmark/src/utils/statscounter.py:255]
[INFO] 2023-05-20T19:13:41.123877 Rank 0 step 9 processed 4 samples in 1.363450527191162 s [/home/ubuntu/storage/dlio_benchmark/src/utils/statscounter.py:255]
[INFO] 2023-05-20T19:13:42.487785 Rank 0 step 10 processed 4 samples in 1.363699197769165 s [/home/ubuntu/storage/dlio_benchmark/src/utils/statscounter.py:255]
[INFO] 2023-05-20T19:13:43.851492 Rank 0 step 11 processed 4 samples in 1.3634412288665771 s [/home/ubuntu/storage/dlio_benchmark/src/utils/statscounter.py:255]
[INFO] 2023-05-20T19:13:45.215090 Rank 0 step 12 processed 4 samples in 1.3634033203125 s [/home/ubuntu/storage/dlio_benchmark/src/utils/statscounter.py:255]
[INFO] 2023-05-20T19:13:46.578576 Rank 0 step 13 processed 4 samples in 1.3633017539978027 s [/home/ubuntu/storage/dlio_benchmark/src/utils/statscounter.py:255]
[INFO] 2023-05-20T19:13:47.943033 Rank 0 step 14 processed 4 samples in 1.364259958267212 s [/home/ubuntu/storage/dlio_benchmark/src/utils/statscounter.py:255]
[INFO] 2023-05-20T19:13:49.307163 Rank 0 step 15 processed 4 samples in 1.363832712173462 s [/home/ubuntu/storage/dlio_benchmark/src/utils/statscounter.py:255]
[INFO] 2023-05-20T19:13:50.671323 Rank 0 step 16 processed 4 samples in 1.3638694286346436 s [/home/ubuntu/storage/dlio_benchmark/src/utils/statscounter.py:255]
[INFO] 2023-05-20T19:13:52.035500 Rank 0 step 17 processed 4 samples in 1.3638825416564941 s [/home/ubuntu/storage/dlio_benchmark/src/utils/statscounter.py:255]
[INFO] 2023-05-20T19:13:53.399444 Rank 0 step 18 processed 4 samples in 1.3636746406555176 s [/home/ubuntu/storage/dlio_benchmark/src/utils/statscounter.py:255]
[INFO] 2023-05-20T19:13:54.763467 Rank 0 step 19 processed 4 samples in 1.3637285232543945 s [/home/ubuntu/storage/dlio_benchmark/src/utils/statscounter.py:255]
[INFO] 2023-05-20T19:13:56.127378 Rank 0 step 20 processed 4 samples in 1.363633394241333 s [/home/ubuntu/storage/dlio_benchmark/src/utils/statscounter.py:255]
[INFO] 2023-05-20T19:13:57.491565 Rank 0 step 21 processed 4 samples in 1.3639147281646729 s [/home/ubuntu/storage/dlio_benchmark/src/utils/statscounter.py:255]
[INFO] 2023-05-20T19:13:58.855400 Rank 0 step 22 processed 4 samples in 1.3636181354522705 s [/home/ubuntu/storage/dlio_benchmark/src/utils/statscounter.py:255]
[INFO] 2023-05-20T19:14:00.219021 Rank 0 step 23 processed 4 samples in 1.363452434539795 s [/home/ubuntu/storage/dlio_benchmark/src/utils/statscounter.py:255]
[INFO] 2023-05-20T19:14:01.583116 Rank 0 step 24 processed 4 samples in 1.3639171123504639 s [/home/ubuntu/storage/dlio_benchmark/src/utils/statscounter.py:255]
[INFO] 2023-05-20T19:14:02.947168 Rank 0 step 25 processed 4 samples in 1.3637843132019043 s [/home/ubuntu/storage/dlio_benchmark/src/utils/statscounter.py:255]
[INFO] 2023-05-20T19:14:02.947484 Maximum number of steps reached [/home/ubuntu/storage/dlio_benchmark/src/dlio_benchmark.py:247]
[INFO] 2023-05-20T19:14:02.947755 Ending block 1 - 25 steps completed in 35.28 s [/home/ubuntu/storage/dlio_benchmark/src/utils/statscounter.py:212]
[INFO] 2023-05-20T19:14:02.949117 Epoch 4 - Block 1 [Training] Accelerator Utilization [AU] (%): 99.7378 [/home/ubuntu/storage/dlio_benchmark/src/utils/statscounter.py:215]
[INFO] 2023-05-20T19:14:02.949218 Epoch 4 - Block 1 [Training] Throughput (samples/second): 2.8342 [/home/ubuntu/storage/dlio_benchmark/src/utils/statscounter.py:216]
[INFO] 2023-05-20T19:14:02.961723 Ending epoch 4 - 25 steps completed in 35.30 s [/home/ubuntu/storage/dlio_benchmark/src/utils/statscounter.py:155]
[INFO] 2023-05-20T19:14:02.962279 Starting epoch 5: 25 steps expected [/home/ubuntu/storage/dlio_benchmark/src/utils/statscounter.py:128]
[INFO] 2023-05-20T19:14:02.962447 Prefetch size is 0; a default prefetch factor of 2 will be set to Torch DataLoader. [/home/ubuntu/storage/dlio_benchmark/src/reader/torch_data_loader_reader.py:123]
[INFO] 2023-05-20T19:14:02.962608 Starting block 1 [/home/ubuntu/storage/dlio_benchmark/src/utils/statscounter.py:194]
[INFO] 2023-05-20T19:14:05.507009 Rank 0 step 1 processed 4 samples in 2.5443270206451416 s [/home/ubuntu/storage/dlio_benchmark/src/utils/statscounter.py:255]
[INFO] 2023-05-20T19:14:06.871979 Rank 0 step 2 processed 4 samples in 1.3644788265228271 s [/home/ubuntu/storage/dlio_benchmark/src/utils/statscounter.py:255]
[INFO] 2023-05-20T19:14:08.234740 Rank 0 step 3 processed 4 samples in 1.362553596496582 s [/home/ubuntu/storage/dlio_benchmark/src/utils/statscounter.py:255]
[INFO] 2023-05-20T19:14:09.598784 Rank 0 step 4 processed 4 samples in 1.3638391494750977 s [/home/ubuntu/storage/dlio_benchmark/src/utils/statscounter.py:255]
[INFO] 2023-05-20T19:14:10.963244 Rank 0 step 5 processed 4 samples in 1.3642966747283936 s [/home/ubuntu/storage/dlio_benchmark/src/utils/statscounter.py:255]
[INFO] 2023-05-20T19:14:12.326881 Rank 0 step 6 processed 4 samples in 1.3634159564971924 s [/home/ubuntu/storage/dlio_benchmark/src/utils/statscounter.py:255]
[INFO] 2023-05-20T19:14:13.689632 Rank 0 step 7 processed 4 samples in 1.3625283241271973 s [/home/ubuntu/storage/dlio_benchmark/src/utils/statscounter.py:255]
[INFO] 2023-05-20T19:14:15.053362 Rank 0 step 8 processed 4 samples in 1.3634874820709229 s [/home/ubuntu/storage/dlio_benchmark/src/utils/statscounter.py:255]
[INFO] 2023-05-20T19:14:16.416814 Rank 0 step 9 processed 4 samples in 1.363248348236084 s [/home/ubuntu/storage/dlio_benchmark/src/utils/statscounter.py:255]
[INFO] 2023-05-20T19:14:17.780492 Rank 0 step 10 processed 4 samples in 1.3634262084960938 s [/home/ubuntu/storage/dlio_benchmark/src/utils/statscounter.py:255]
[INFO] 2023-05-20T19:14:19.144278 Rank 0 step 11 processed 4 samples in 1.3635358810424805 s [/home/ubuntu/storage/dlio_benchmark/src/utils/statscounter.py:255]
[INFO] 2023-05-20T19:14:20.507895 Rank 0 step 12 processed 4 samples in 1.3633978366851807 s [/home/ubuntu/storage/dlio_benchmark/src/utils/statscounter.py:255]
[INFO] 2023-05-20T19:14:21.871469 Rank 0 step 13 processed 4 samples in 1.3633701801300049 s [/home/ubuntu/storage/dlio_benchmark/src/utils/statscounter.py:255]
[INFO] 2023-05-20T19:14:23.234785 Rank 0 step 14 processed 4 samples in 1.3631725311279297 s [/home/ubuntu/storage/dlio_benchmark/src/utils/statscounter.py:255]
[INFO] 2023-05-20T19:14:24.598142 Rank 0 step 15 processed 4 samples in 1.3631584644317627 s [/home/ubuntu/storage/dlio_benchmark/src/utils/statscounter.py:255]
[INFO] 2023-05-20T19:14:25.961399 Rank 0 step 16 processed 4 samples in 1.3630878925323486 s [/home/ubuntu/storage/dlio_benchmark/src/utils/statscounter.py:255]
[INFO] 2023-05-20T19:14:27.324845 Rank 0 step 17 processed 4 samples in 1.3632311820983887 s [/home/ubuntu/storage/dlio_benchmark/src/utils/statscounter.py:255]
[INFO] 2023-05-20T19:14:28.688432 Rank 0 step 18 processed 4 samples in 1.3633747100830078 s [/home/ubuntu/storage/dlio_benchmark/src/utils/statscounter.py:255]
[INFO] 2023-05-20T19:14:30.051738 Rank 0 step 19 processed 4 samples in 1.3631136417388916 s [/home/ubuntu/storage/dlio_benchmark/src/utils/statscounter.py:255]
[INFO] 2023-05-20T19:14:31.415079 Rank 0 step 20 processed 4 samples in 1.3631820678710938 s [/home/ubuntu/storage/dlio_benchmark/src/utils/statscounter.py:255]
[INFO] 2023-05-20T19:14:32.778828 Rank 0 step 21 processed 4 samples in 1.3635056018829346 s [/home/ubuntu/storage/dlio_benchmark/src/utils/statscounter.py:255]
[INFO] 2023-05-20T19:14:34.142241 Rank 0 step 22 processed 4 samples in 1.3632152080535889 s [/home/ubuntu/storage/dlio_benchmark/src/utils/statscounter.py:255]
[INFO] 2023-05-20T19:14:35.505504 Rank 0 step 23 processed 4 samples in 1.3631229400634766 s [/home/ubuntu/storage/dlio_benchmark/src/utils/statscounter.py:255]
[INFO] 2023-05-20T19:14:36.868576 Rank 0 step 24 processed 4 samples in 1.362945556640625 s [/home/ubuntu/storage/dlio_benchmark/src/utils/statscounter.py:255]
[INFO] 2023-05-20T19:14:38.231897 Rank 0 step 25 processed 4 samples in 1.363205909729004 s [/home/ubuntu/storage/dlio_benchmark/src/utils/statscounter.py:255]
[INFO] 2023-05-20T19:14:38.232007 Maximum number of steps reached [/home/ubuntu/storage/dlio_benchmark/src/dlio_benchmark.py:247]
[INFO] 2023-05-20T19:14:38.232211 Ending block 1 - 25 steps completed in 35.27 s [/home/ubuntu/storage/dlio_benchmark/src/utils/statscounter.py:212]
[INFO] 2023-05-20T19:14:38.233288 Epoch 5 - Block 1 [Training] Accelerator Utilization [AU] (%): 99.7692 [/home/ubuntu/storage/dlio_benchmark/src/utils/statscounter.py:215]
[INFO] 2023-05-20T19:14:38.233366 Epoch 5 - Block 1 [Training] Throughput (samples/second): 2.8353 [/home/ubuntu/storage/dlio_benchmark/src/utils/statscounter.py:216]
[INFO] 2023-05-20T19:14:38.242727 Starting checkpoint 1 after total step 25 for epoch 5 [/home/ubuntu/storage/dlio_benchmark/src/utils/statscounter.py:221]
[INFO] 2023-05-20T19:14:39.560303 Ending checkpoint 1 for epoch 5 [/home/ubuntu/storage/dlio_benchmark/src/utils/statscounter.py:231]
[INFO] 2023-05-20T19:14:39.561101 Ending epoch 5 - 25 steps completed in 36.60 s [/home/ubuntu/storage/dlio_benchmark/src/utils/statscounter.py:155]
[INFO] 2023-05-20T19:14:39.561922 Saved outputs in /home/ubuntu/storage/results/unet3d/2023-05-20-19-11-40 [/home/ubuntu/storage/dlio_benchmark/src/utils/statscounter.py:108]
[INFO] Averaged metric over all epochs
[METRIC] ==========================================================
[METRIC] Training Accelerator Utilization [AU] (%): 99.7567 (0.0162)
[METRIC] Training Throughput (samples/second): 2.8284 (0.0104)
[METRIC] Training I/O Throughput (MB/second): 632.6953 (2.3366)
[METRIC] train_au_meet_expectation: success
[METRIC] ==========================================================
 [/home/ubuntu/storage/dlio_benchmark/src/utils/statscounter.py:121]
[INFO] 2023-05-20T19:14:39.563077 Rank 0 wrote json output [/home/ubuntu/storage/dlio_benchmark/src/utils/statscounter.py:301]
