[INFO] 2023-05-20T19:07:46.662322 Running DLIO with 1 process(es) [/home/ubuntu/storage/dlio_benchmark/src/dlio_benchmark.py:104]
[INFO] 2023-05-20T19:07:46.662499 Reading workload YAML config file '/home/ubuntu/storage/storage-conf/workload/unet3d.yaml' [/home/ubuntu/storage/dlio_benchmark/src/dlio_benchmark.py:106]
[WARNING] Number of files in data/unet3d/train (200) is more than requested (100). A subset of files will be used  [/home/ubuntu/storage/dlio_benchmark/src/reader/reader_handler.py:96]
[INFO] 2023-05-20T19:07:46.724749 Max steps per epoch: 25 = 1 * 100 / 4 / 1 (samples per file * num files / batch size / comm size) [/home/ubuntu/storage/dlio_benchmark/src/dlio_benchmark.py:274]
[INFO] 2023-05-20T19:07:46.724827 Starting epoch 1: 25 steps expected [/home/ubuntu/storage/dlio_benchmark/src/utils/statscounter.py:128]
[INFO] 2023-05-20T19:07:46.724954 Prefetch size is 0; a default prefetch factor of 2 will be set to Torch DataLoader. [/home/ubuntu/storage/dlio_benchmark/src/reader/torch_data_loader_reader.py:123]
[INFO] 2023-05-20T19:07:46.725128 Starting block 1 [/home/ubuntu/storage/dlio_benchmark/src/utils/statscounter.py:194]
[INFO] 2023-05-20T19:07:49.578978 Rank 0 step 1 processed 4 samples in 2.853785276412964 s [/home/ubuntu/storage/dlio_benchmark/src/utils/statscounter.py:255]
[INFO] 2023-05-20T19:07:50.941801 Rank 0 step 2 processed 4 samples in 1.3624773025512695 s [/home/ubuntu/storage/dlio_benchmark/src/utils/statscounter.py:255]
[INFO] 2023-05-20T19:07:52.304369 Rank 0 step 3 processed 4 samples in 1.3623998165130615 s [/home/ubuntu/storage/dlio_benchmark/src/utils/statscounter.py:255]
[INFO] 2023-05-20T19:07:53.667193 Rank 0 step 4 processed 4 samples in 1.3625993728637695 s [/home/ubuntu/storage/dlio_benchmark/src/utils/statscounter.py:255]
[INFO] 2023-05-20T19:07:55.032480 Rank 0 step 5 processed 4 samples in 1.3651037216186523 s [/home/ubuntu/storage/dlio_benchmark/src/utils/statscounter.py:255]
[INFO] 2023-05-20T19:07:56.395131 Rank 0 step 6 processed 4 samples in 1.3624706268310547 s [/home/ubuntu/storage/dlio_benchmark/src/utils/statscounter.py:255]
[INFO] 2023-05-20T19:07:57.757901 Rank 0 step 7 processed 4 samples in 1.3625311851501465 s [/home/ubuntu/storage/dlio_benchmark/src/utils/statscounter.py:255]
[INFO] 2023-05-20T19:07:59.121350 Rank 0 step 8 processed 4 samples in 1.3632454872131348 s [/home/ubuntu/storage/dlio_benchmark/src/utils/statscounter.py:255]
[INFO] 2023-05-20T19:08:00.484905 Rank 0 step 9 processed 4 samples in 1.3633337020874023 s [/home/ubuntu/storage/dlio_benchmark/src/utils/statscounter.py:255]
[INFO] 2023-05-20T19:08:01.848458 Rank 0 step 10 processed 4 samples in 1.3633394241333008 s [/home/ubuntu/storage/dlio_benchmark/src/utils/statscounter.py:255]
[INFO] 2023-05-20T19:08:03.212097 Rank 0 step 11 processed 4 samples in 1.3633999824523926 s [/home/ubuntu/storage/dlio_benchmark/src/utils/statscounter.py:255]
[INFO] 2023-05-20T19:08:04.575791 Rank 0 step 12 processed 4 samples in 1.363457202911377 s [/home/ubuntu/storage/dlio_benchmark/src/utils/statscounter.py:255]
[INFO] 2023-05-20T19:08:05.939449 Rank 0 step 13 processed 4 samples in 1.3634037971496582 s [/home/ubuntu/storage/dlio_benchmark/src/utils/statscounter.py:255]
[INFO] 2023-05-20T19:08:07.303029 Rank 0 step 14 processed 4 samples in 1.3633549213409424 s [/home/ubuntu/storage/dlio_benchmark/src/utils/statscounter.py:255]
[INFO] 2023-05-20T19:08:08.666728 Rank 0 step 15 processed 4 samples in 1.3634459972381592 s [/home/ubuntu/storage/dlio_benchmark/src/utils/statscounter.py:255]
[INFO] 2023-05-20T19:08:10.030310 Rank 0 step 16 processed 4 samples in 1.3633549213409424 s [/home/ubuntu/storage/dlio_benchmark/src/utils/statscounter.py:255]
[INFO] 2023-05-20T19:08:11.393906 Rank 0 step 17 processed 4 samples in 1.3633534908294678 s [/home/ubuntu/storage/dlio_benchmark/src/utils/statscounter.py:255]
[INFO] 2023-05-20T19:08:12.757452 Rank 0 step 18 processed 4 samples in 1.363302230834961 s [/home/ubuntu/storage/dlio_benchmark/src/utils/statscounter.py:255]
[INFO] 2023-05-20T19:08:14.120980 Rank 0 step 19 processed 4 samples in 1.3632993698120117 s [/home/ubuntu/storage/dlio_benchmark/src/utils/statscounter.py:255]
[INFO] 2023-05-20T19:08:15.484497 Rank 0 step 20 processed 4 samples in 1.3632845878601074 s [/home/ubuntu/storage/dlio_benchmark/src/utils/statscounter.py:255]
[INFO] 2023-05-20T19:08:16.848153 Rank 0 step 21 processed 4 samples in 1.363419771194458 s [/home/ubuntu/storage/dlio_benchmark/src/utils/statscounter.py:255]
[INFO] 2023-05-20T19:08:18.211701 Rank 0 step 22 processed 4 samples in 1.3632967472076416 s [/home/ubuntu/storage/dlio_benchmark/src/utils/statscounter.py:255]
[INFO] 2023-05-20T19:08:19.574988 Rank 0 step 23 processed 4 samples in 1.3631534576416016 s [/home/ubuntu/storage/dlio_benchmark/src/utils/statscounter.py:255]
[INFO] 2023-05-20T19:08:20.938124 Rank 0 step 24 processed 4 samples in 1.3629872798919678 s [/home/ubuntu/storage/dlio_benchmark/src/utils/statscounter.py:255]
[INFO] 2023-05-20T19:08:22.301216 Rank 0 step 25 processed 4 samples in 1.3629570007324219 s [/home/ubuntu/storage/dlio_benchmark/src/utils/statscounter.py:255]
[INFO] 2023-05-20T19:08:22.301321 Maximum number of steps reached [/home/ubuntu/storage/dlio_benchmark/src/dlio_benchmark.py:247]
[INFO] 2023-05-20T19:08:22.301552 Ending block 1 - 25 steps completed in 35.58 s [/home/ubuntu/storage/dlio_benchmark/src/utils/statscounter.py:212]
[INFO] 2023-05-20T19:08:22.302985 Epoch 1 - Block 1 [Training] Accelerator Utilization [AU] (%): 99.7773 [/home/ubuntu/storage/dlio_benchmark/src/utils/statscounter.py:215]
[INFO] 2023-05-20T19:08:22.303070 Epoch 1 - Block 1 [Training] Throughput (samples/second): 2.8109 [/home/ubuntu/storage/dlio_benchmark/src/utils/statscounter.py:216]
[INFO] 2023-05-20T19:08:22.313468 Ending epoch 1 - 25 steps completed in 35.59 s [/home/ubuntu/storage/dlio_benchmark/src/utils/statscounter.py:155]
[INFO] 2023-05-20T19:08:22.313869 Starting epoch 2: 25 steps expected [/home/ubuntu/storage/dlio_benchmark/src/utils/statscounter.py:128]
[INFO] 2023-05-20T19:08:22.313999 Prefetch size is 0; a default prefetch factor of 2 will be set to Torch DataLoader. [/home/ubuntu/storage/dlio_benchmark/src/reader/torch_data_loader_reader.py:123]
[INFO] 2023-05-20T19:08:22.314136 Starting block 1 [/home/ubuntu/storage/dlio_benchmark/src/utils/statscounter.py:194]
[INFO] 2023-05-20T19:08:24.895905 Rank 0 step 1 processed 4 samples in 2.58170223236084 s [/home/ubuntu/storage/dlio_benchmark/src/utils/statscounter.py:255]
[INFO] 2023-05-20T19:08:26.260165 Rank 0 step 2 processed 4 samples in 1.363856315612793 s [/home/ubuntu/storage/dlio_benchmark/src/utils/statscounter.py:255]
[INFO] 2023-05-20T19:08:27.624980 Rank 0 step 3 processed 4 samples in 1.3646385669708252 s [/home/ubuntu/storage/dlio_benchmark/src/utils/statscounter.py:255]
[INFO] 2023-05-20T19:08:28.987771 Rank 0 step 4 processed 4 samples in 1.3625526428222656 s [/home/ubuntu/storage/dlio_benchmark/src/utils/statscounter.py:255]
[INFO] 2023-05-20T19:08:30.352996 Rank 0 step 5 processed 4 samples in 1.3649351596832275 s [/home/ubuntu/storage/dlio_benchmark/src/utils/statscounter.py:255]
[INFO] 2023-05-20T19:08:31.716083 Rank 0 step 6 processed 4 samples in 1.3628151416778564 s [/home/ubuntu/storage/dlio_benchmark/src/utils/statscounter.py:255]
[INFO] 2023-05-20T19:08:33.080872 Rank 0 step 7 processed 4 samples in 1.3645999431610107 s [/home/ubuntu/storage/dlio_benchmark/src/utils/statscounter.py:255]
[INFO] 2023-05-20T19:08:34.443692 Rank 0 step 8 processed 4 samples in 1.3625712394714355 s [/home/ubuntu/storage/dlio_benchmark/src/utils/statscounter.py:255]
[INFO] 2023-05-20T19:08:35.807453 Rank 0 step 9 processed 4 samples in 1.363537073135376 s [/home/ubuntu/storage/dlio_benchmark/src/utils/statscounter.py:255]
[INFO] 2023-05-20T19:08:37.172478 Rank 0 step 10 processed 4 samples in 1.364811897277832 s [/home/ubuntu/storage/dlio_benchmark/src/utils/statscounter.py:255]
[INFO] 2023-05-20T19:08:38.536114 Rank 0 step 11 processed 4 samples in 1.3634037971496582 s [/home/ubuntu/storage/dlio_benchmark/src/utils/statscounter.py:255]
[INFO] 2023-05-20T19:08:39.899784 Rank 0 step 12 processed 4 samples in 1.3634357452392578 s [/home/ubuntu/storage/dlio_benchmark/src/utils/statscounter.py:255]
[INFO] 2023-05-20T19:08:41.263462 Rank 0 step 13 processed 4 samples in 1.3634376525878906 s [/home/ubuntu/storage/dlio_benchmark/src/utils/statscounter.py:255]
[INFO] 2023-05-20T19:08:42.627030 Rank 0 step 14 processed 4 samples in 1.3633666038513184 s [/home/ubuntu/storage/dlio_benchmark/src/utils/statscounter.py:255]
[INFO] 2023-05-20T19:08:43.990687 Rank 0 step 15 processed 4 samples in 1.363420009613037 s [/home/ubuntu/storage/dlio_benchmark/src/utils/statscounter.py:255]
[INFO] 2023-05-20T19:08:45.354513 Rank 0 step 16 processed 4 samples in 1.3635799884796143 s [/home/ubuntu/storage/dlio_benchmark/src/utils/statscounter.py:255]
[INFO] 2023-05-20T19:08:46.718375 Rank 0 step 17 processed 4 samples in 1.3636138439178467 s [/home/ubuntu/storage/dlio_benchmark/src/utils/statscounter.py:255]
[INFO] 2023-05-20T19:08:48.082063 Rank 0 step 18 processed 4 samples in 1.363469123840332 s [/home/ubuntu/storage/dlio_benchmark/src/utils/statscounter.py:255]
[INFO] 2023-05-20T19:08:49.445692 Rank 0 step 19 processed 4 samples in 1.3634045124053955 s [/home/ubuntu/storage/dlio_benchmark/src/utils/statscounter.py:255]
[INFO] 2023-05-20T19:08:50.809326 Rank 0 step 20 processed 4 samples in 1.3634161949157715 s [/home/ubuntu/storage/dlio_benchmark/src/utils/statscounter.py:255]
[INFO] 2023-05-20T19:08:52.172953 Rank 0 step 21 processed 4 samples in 1.3634095191955566 s [/home/ubuntu/storage/dlio_benchmark/src/utils/statscounter.py:255]
[INFO] 2023-05-20T19:08:53.536358 Rank 0 step 22 processed 4 samples in 1.3632304668426514 s [/home/ubuntu/storage/dlio_benchmark/src/utils/statscounter.py:255]
[INFO] 2023-05-20T19:08:54.899547 Rank 0 step 23 processed 4 samples in 1.36297607421875 s [/home/ubuntu/storage/dlio_benchmark/src/utils/statscounter.py:255]
[INFO] 2023-05-20T19:08:56.262753 Rank 0 step 24 processed 4 samples in 1.3630518913269043 s [/home/ubuntu/storage/dlio_benchmark/src/utils/statscounter.py:255]
[INFO] 2023-05-20T19:08:57.625812 Rank 0 step 25 processed 4 samples in 1.3629157543182373 s [/home/ubuntu/storage/dlio_benchmark/src/utils/statscounter.py:255]
[INFO] 2023-05-20T19:08:57.625934 Maximum number of steps reached [/home/ubuntu/storage/dlio_benchmark/src/dlio_benchmark.py:247]
[INFO] 2023-05-20T19:08:57.626142 Ending block 1 - 25 steps completed in 35.31 s [/home/ubuntu/storage/dlio_benchmark/src/utils/statscounter.py:212]
[INFO] 2023-05-20T19:08:57.627163 Epoch 2 - Block 1 [Training] Accelerator Utilization [AU] (%): 99.7539 [/home/ubuntu/storage/dlio_benchmark/src/utils/statscounter.py:215]
[INFO] 2023-05-20T19:08:57.627245 Epoch 2 - Block 1 [Training] Throughput (samples/second): 2.8319 [/home/ubuntu/storage/dlio_benchmark/src/utils/statscounter.py:216]
[INFO] 2023-05-20T19:08:57.639307 Ending epoch 2 - 25 steps completed in 35.33 s [/home/ubuntu/storage/dlio_benchmark/src/utils/statscounter.py:155]
[INFO] 2023-05-20T19:08:57.639671 Starting epoch 3: 25 steps expected [/home/ubuntu/storage/dlio_benchmark/src/utils/statscounter.py:128]
[INFO] 2023-05-20T19:08:57.639799 Prefetch size is 0; a default prefetch factor of 2 will be set to Torch DataLoader. [/home/ubuntu/storage/dlio_benchmark/src/reader/torch_data_loader_reader.py:123]
[INFO] 2023-05-20T19:08:57.639938 Starting block 1 [/home/ubuntu/storage/dlio_benchmark/src/utils/statscounter.py:194]
[INFO] 2023-05-20T19:09:00.104463 Rank 0 step 1 processed 4 samples in 2.464463710784912 s [/home/ubuntu/storage/dlio_benchmark/src/utils/statscounter.py:255]
[INFO] 2023-05-20T19:09:01.468499 Rank 0 step 2 processed 4 samples in 1.3636963367462158 s [/home/ubuntu/storage/dlio_benchmark/src/utils/statscounter.py:255]
[INFO] 2023-05-20T19:09:02.831019 Rank 0 step 3 processed 4 samples in 1.362333059310913 s [/home/ubuntu/storage/dlio_benchmark/src/utils/statscounter.py:255]
[INFO] 2023-05-20T19:09:04.193649 Rank 0 step 4 processed 4 samples in 1.3624615669250488 s [/home/ubuntu/storage/dlio_benchmark/src/utils/statscounter.py:255]
[INFO] 2023-05-20T19:09:05.560701 Rank 0 step 5 processed 4 samples in 1.3667793273925781 s [/home/ubuntu/storage/dlio_benchmark/src/utils/statscounter.py:255]
[INFO] 2023-05-20T19:09:06.925154 Rank 0 step 6 processed 4 samples in 1.3641910552978516 s [/home/ubuntu/storage/dlio_benchmark/src/utils/statscounter.py:255]
[INFO] 2023-05-20T19:09:08.287917 Rank 0 step 7 processed 4 samples in 1.362480640411377 s [/home/ubuntu/storage/dlio_benchmark/src/utils/statscounter.py:255]
[INFO] 2023-05-20T19:09:09.650681 Rank 0 step 8 processed 4 samples in 1.3625032901763916 s [/home/ubuntu/storage/dlio_benchmark/src/utils/statscounter.py:255]
[INFO] 2023-05-20T19:09:11.014138 Rank 0 step 9 processed 4 samples in 1.3632521629333496 s [/home/ubuntu/storage/dlio_benchmark/src/utils/statscounter.py:255]
[INFO] 2023-05-20T19:09:12.378518 Rank 0 step 10 processed 4 samples in 1.3640875816345215 s [/home/ubuntu/storage/dlio_benchmark/src/utils/statscounter.py:255]
[INFO] 2023-05-20T19:09:13.742223 Rank 0 step 11 processed 4 samples in 1.363464117050171 s [/home/ubuntu/storage/dlio_benchmark/src/utils/statscounter.py:255]
[INFO] 2023-05-20T19:09:15.106118 Rank 0 step 12 processed 4 samples in 1.3636553287506104 s [/home/ubuntu/storage/dlio_benchmark/src/utils/statscounter.py:255]
[INFO] 2023-05-20T19:09:16.469665 Rank 0 step 13 processed 4 samples in 1.3633332252502441 s [/home/ubuntu/storage/dlio_benchmark/src/utils/statscounter.py:255]
[INFO] 2023-05-20T19:09:17.834050 Rank 0 step 14 processed 4 samples in 1.3640539646148682 s [/home/ubuntu/storage/dlio_benchmark/src/utils/statscounter.py:255]
[INFO] 2023-05-20T19:09:19.197762 Rank 0 step 15 processed 4 samples in 1.3634769916534424 s [/home/ubuntu/storage/dlio_benchmark/src/utils/statscounter.py:255]
[INFO] 2023-05-20T19:09:20.561541 Rank 0 step 16 processed 4 samples in 1.3635518550872803 s [/home/ubuntu/storage/dlio_benchmark/src/utils/statscounter.py:255]
[INFO] 2023-05-20T19:09:21.925221 Rank 0 step 17 processed 4 samples in 1.3634231090545654 s [/home/ubuntu/storage/dlio_benchmark/src/utils/statscounter.py:255]
[INFO] 2023-05-20T19:09:23.289837 Rank 0 step 18 processed 4 samples in 1.3642947673797607 s [/home/ubuntu/storage/dlio_benchmark/src/utils/statscounter.py:255]
[INFO] 2023-05-20T19:09:24.653531 Rank 0 step 19 processed 4 samples in 1.363374948501587 s [/home/ubuntu/storage/dlio_benchmark/src/utils/statscounter.py:255]
[INFO] 2023-05-20T19:09:26.017340 Rank 0 step 20 processed 4 samples in 1.3635144233703613 s [/home/ubuntu/storage/dlio_benchmark/src/utils/statscounter.py:255]
[INFO] 2023-05-20T19:09:27.381215 Rank 0 step 21 processed 4 samples in 1.3635425567626953 s [/home/ubuntu/storage/dlio_benchmark/src/utils/statscounter.py:255]
[INFO] 2023-05-20T19:09:28.744685 Rank 0 step 22 processed 4 samples in 1.3633027076721191 s [/home/ubuntu/storage/dlio_benchmark/src/utils/statscounter.py:255]
[INFO] 2023-05-20T19:09:30.107955 Rank 0 step 23 processed 4 samples in 1.362992525100708 s [/home/ubuntu/storage/dlio_benchmark/src/utils/statscounter.py:255]
[INFO] 2023-05-20T19:09:31.471364 Rank 0 step 24 processed 4 samples in 1.3632245063781738 s [/home/ubuntu/storage/dlio_benchmark/src/utils/statscounter.py:255]
[INFO] 2023-05-20T19:09:32.834704 Rank 0 step 25 processed 4 samples in 1.363135576248169 s [/home/ubuntu/storage/dlio_benchmark/src/utils/statscounter.py:255]
[INFO] 2023-05-20T19:09:32.834901 Maximum number of steps reached [/home/ubuntu/storage/dlio_benchmark/src/dlio_benchmark.py:247]
[INFO] 2023-05-20T19:09:32.835151 Ending block 1 - 25 steps completed in 35.20 s [/home/ubuntu/storage/dlio_benchmark/src/utils/statscounter.py:212]
[INFO] 2023-05-20T19:09:32.836249 Epoch 3 - Block 1 [Training] Accelerator Utilization [AU] (%): 99.7525 [/home/ubuntu/storage/dlio_benchmark/src/utils/statscounter.py:215]
[INFO] 2023-05-20T19:09:32.836388 Epoch 3 - Block 1 [Training] Throughput (samples/second): 2.8413 [/home/ubuntu/storage/dlio_benchmark/src/utils/statscounter.py:216]
[INFO] 2023-05-20T19:09:32.847285 Ending epoch 3 - 25 steps completed in 35.21 s [/home/ubuntu/storage/dlio_benchmark/src/utils/statscounter.py:155]
[INFO] 2023-05-20T19:09:32.847750 Starting epoch 4: 25 steps expected [/home/ubuntu/storage/dlio_benchmark/src/utils/statscounter.py:128]
[INFO] 2023-05-20T19:09:32.847936 Prefetch size is 0; a default prefetch factor of 2 will be set to Torch DataLoader. [/home/ubuntu/storage/dlio_benchmark/src/reader/torch_data_loader_reader.py:123]
[INFO] 2023-05-20T19:09:32.848109 Starting block 1 [/home/ubuntu/storage/dlio_benchmark/src/utils/statscounter.py:194]
[INFO] 2023-05-20T19:09:35.390199 Rank 0 step 1 processed 4 samples in 2.542003631591797 s [/home/ubuntu/storage/dlio_benchmark/src/utils/statscounter.py:255]
[INFO] 2023-05-20T19:09:36.753035 Rank 0 step 2 processed 4 samples in 1.3624703884124756 s [/home/ubuntu/storage/dlio_benchmark/src/utils/statscounter.py:255]
[INFO] 2023-05-20T19:09:38.116012 Rank 0 step 3 processed 4 samples in 1.3627111911773682 s [/home/ubuntu/storage/dlio_benchmark/src/utils/statscounter.py:255]
[INFO] 2023-05-20T19:09:39.478683 Rank 0 step 4 processed 4 samples in 1.362478494644165 s [/home/ubuntu/storage/dlio_benchmark/src/utils/statscounter.py:255]
[INFO] 2023-05-20T19:09:40.843985 Rank 0 step 5 processed 4 samples in 1.3650250434875488 s [/home/ubuntu/storage/dlio_benchmark/src/utils/statscounter.py:255]
[INFO] 2023-05-20T19:09:42.209046 Rank 0 step 6 processed 4 samples in 1.3647894859313965 s [/home/ubuntu/storage/dlio_benchmark/src/utils/statscounter.py:255]
[INFO] 2023-05-20T19:09:43.571872 Rank 0 step 7 processed 4 samples in 1.3625543117523193 s [/home/ubuntu/storage/dlio_benchmark/src/utils/statscounter.py:255]
[INFO] 2023-05-20T19:09:44.934722 Rank 0 step 8 processed 4 samples in 1.3625946044921875 s [/home/ubuntu/storage/dlio_benchmark/src/utils/statscounter.py:255]
[INFO] 2023-05-20T19:09:46.299136 Rank 0 step 9 processed 4 samples in 1.3641149997711182 s [/home/ubuntu/storage/dlio_benchmark/src/utils/statscounter.py:255]
[INFO] 2023-05-20T19:09:47.664311 Rank 0 step 10 processed 4 samples in 1.3647325038909912 s [/home/ubuntu/storage/dlio_benchmark/src/utils/statscounter.py:255]
[INFO] 2023-05-20T19:09:49.028564 Rank 0 step 11 processed 4 samples in 1.3639378547668457 s [/home/ubuntu/storage/dlio_benchmark/src/utils/statscounter.py:255]
[INFO] 2023-05-20T19:09:50.392264 Rank 0 step 12 processed 4 samples in 1.3634426593780518 s [/home/ubuntu/storage/dlio_benchmark/src/utils/statscounter.py:255]
[INFO] 2023-05-20T19:09:51.755935 Rank 0 step 13 processed 4 samples in 1.363440752029419 s [/home/ubuntu/storage/dlio_benchmark/src/utils/statscounter.py:255]
[INFO] 2023-05-20T19:09:53.119559 Rank 0 step 14 processed 4 samples in 1.363417387008667 s [/home/ubuntu/storage/dlio_benchmark/src/utils/statscounter.py:255]
[INFO] 2023-05-20T19:09:54.483831 Rank 0 step 15 processed 4 samples in 1.363961935043335 s [/home/ubuntu/storage/dlio_benchmark/src/utils/statscounter.py:255]
[INFO] 2023-05-20T19:09:55.847483 Rank 0 step 16 processed 4 samples in 1.3633995056152344 s [/home/ubuntu/storage/dlio_benchmark/src/utils/statscounter.py:255]
[INFO] 2023-05-20T19:09:57.211264 Rank 0 step 17 processed 4 samples in 1.3635272979736328 s [/home/ubuntu/storage/dlio_benchmark/src/utils/statscounter.py:255]
[INFO] 2023-05-20T19:09:58.575133 Rank 0 step 18 processed 4 samples in 1.3635339736938477 s [/home/ubuntu/storage/dlio_benchmark/src/utils/statscounter.py:255]
[INFO] 2023-05-20T19:09:59.938762 Rank 0 step 19 processed 4 samples in 1.363373041152954 s [/home/ubuntu/storage/dlio_benchmark/src/utils/statscounter.py:255]
[INFO] 2023-05-20T19:10:01.302379 Rank 0 step 20 processed 4 samples in 1.3633713722229004 s [/home/ubuntu/storage/dlio_benchmark/src/utils/statscounter.py:255]
[INFO] 2023-05-20T19:10:02.666090 Rank 0 step 21 processed 4 samples in 1.3634674549102783 s [/home/ubuntu/storage/dlio_benchmark/src/utils/statscounter.py:255]
[INFO] 2023-05-20T19:10:04.030147 Rank 0 step 22 processed 4 samples in 1.3638644218444824 s [/home/ubuntu/storage/dlio_benchmark/src/utils/statscounter.py:255]
[INFO] 2023-05-20T19:10:05.393891 Rank 0 step 23 processed 4 samples in 1.3634557723999023 s [/home/ubuntu/storage/dlio_benchmark/src/utils/statscounter.py:255]
[INFO] 2023-05-20T19:10:06.757199 Rank 0 step 24 processed 4 samples in 1.3631198406219482 s [/home/ubuntu/storage/dlio_benchmark/src/utils/statscounter.py:255]
[INFO] 2023-05-20T19:10:08.120306 Rank 0 step 25 processed 4 samples in 1.3629536628723145 s [/home/ubuntu/storage/dlio_benchmark/src/utils/statscounter.py:255]
[INFO] 2023-05-20T19:10:08.120433 Maximum number of steps reached [/home/ubuntu/storage/dlio_benchmark/src/dlio_benchmark.py:247]
[INFO] 2023-05-20T19:10:08.120639 Ending block 1 - 25 steps completed in 35.27 s [/home/ubuntu/storage/dlio_benchmark/src/utils/statscounter.py:212]
[INFO] 2023-05-20T19:10:08.121692 Epoch 4 - Block 1 [Training] Accelerator Utilization [AU] (%): 99.7532 [/home/ubuntu/storage/dlio_benchmark/src/utils/statscounter.py:215]
[INFO] 2023-05-20T19:10:08.121769 Epoch 4 - Block 1 [Training] Throughput (samples/second): 2.8351 [/home/ubuntu/storage/dlio_benchmark/src/utils/statscounter.py:216]
[INFO] 2023-05-20T19:10:08.135296 Ending epoch 4 - 25 steps completed in 35.29 s [/home/ubuntu/storage/dlio_benchmark/src/utils/statscounter.py:155]
[INFO] 2023-05-20T19:10:08.135679 Starting epoch 5: 25 steps expected [/home/ubuntu/storage/dlio_benchmark/src/utils/statscounter.py:128]
[INFO] 2023-05-20T19:10:08.135831 Prefetch size is 0; a default prefetch factor of 2 will be set to Torch DataLoader. [/home/ubuntu/storage/dlio_benchmark/src/reader/torch_data_loader_reader.py:123]
[INFO] 2023-05-20T19:10:08.135973 Starting block 1 [/home/ubuntu/storage/dlio_benchmark/src/utils/statscounter.py:194]
[INFO] 2023-05-20T19:10:10.671314 Rank 0 step 1 processed 4 samples in 2.535269021987915 s [/home/ubuntu/storage/dlio_benchmark/src/utils/statscounter.py:255]
[INFO] 2023-05-20T19:10:12.035345 Rank 0 step 2 processed 4 samples in 1.3636436462402344 s [/home/ubuntu/storage/dlio_benchmark/src/utils/statscounter.py:255]
[INFO] 2023-05-20T19:10:13.398220 Rank 0 step 3 processed 4 samples in 1.362710952758789 s [/home/ubuntu/storage/dlio_benchmark/src/utils/statscounter.py:255]
[INFO] 2023-05-20T19:10:14.762225 Rank 0 step 4 processed 4 samples in 1.363752841949463 s [/home/ubuntu/storage/dlio_benchmark/src/utils/statscounter.py:255]
[INFO] 2023-05-20T19:10:16.126815 Rank 0 step 5 processed 4 samples in 1.364382028579712 s [/home/ubuntu/storage/dlio_benchmark/src/utils/statscounter.py:255]
[INFO] 2023-05-20T19:10:17.490426 Rank 0 step 6 processed 4 samples in 1.3634207248687744 s [/home/ubuntu/storage/dlio_benchmark/src/utils/statscounter.py:255]
[INFO] 2023-05-20T19:10:18.853039 Rank 0 step 7 processed 4 samples in 1.3624048233032227 s [/home/ubuntu/storage/dlio_benchmark/src/utils/statscounter.py:255]
[INFO] 2023-05-20T19:10:20.216624 Rank 0 step 8 processed 4 samples in 1.363375186920166 s [/home/ubuntu/storage/dlio_benchmark/src/utils/statscounter.py:255]
[INFO] 2023-05-20T19:10:21.580564 Rank 0 step 9 processed 4 samples in 1.3636419773101807 s [/home/ubuntu/storage/dlio_benchmark/src/utils/statscounter.py:255]
[INFO] 2023-05-20T19:10:22.944129 Rank 0 step 10 processed 4 samples in 1.3633391857147217 s [/home/ubuntu/storage/dlio_benchmark/src/utils/statscounter.py:255]
[INFO] 2023-05-20T19:10:24.307851 Rank 0 step 11 processed 4 samples in 1.3634991645812988 s [/home/ubuntu/storage/dlio_benchmark/src/utils/statscounter.py:255]
[INFO] 2023-05-20T19:10:25.671273 Rank 0 step 12 processed 4 samples in 1.3632190227508545 s [/home/ubuntu/storage/dlio_benchmark/src/utils/statscounter.py:255]
[INFO] 2023-05-20T19:10:27.034476 Rank 0 step 13 processed 4 samples in 1.363063097000122 s [/home/ubuntu/storage/dlio_benchmark/src/utils/statscounter.py:255]
[INFO] 2023-05-20T19:10:28.398177 Rank 0 step 14 processed 4 samples in 1.363462209701538 s [/home/ubuntu/storage/dlio_benchmark/src/utils/statscounter.py:255]
[INFO] 2023-05-20T19:10:29.761999 Rank 0 step 15 processed 4 samples in 1.3636081218719482 s [/home/ubuntu/storage/dlio_benchmark/src/utils/statscounter.py:255]
[INFO] 2023-05-20T19:10:31.125470 Rank 0 step 16 processed 4 samples in 1.3632543087005615 s [/home/ubuntu/storage/dlio_benchmark/src/utils/statscounter.py:255]
[INFO] 2023-05-20T19:10:32.489017 Rank 0 step 17 processed 4 samples in 1.363311767578125 s [/home/ubuntu/storage/dlio_benchmark/src/utils/statscounter.py:255]
[INFO] 2023-05-20T19:10:33.852651 Rank 0 step 18 processed 4 samples in 1.3633933067321777 s [/home/ubuntu/storage/dlio_benchmark/src/utils/statscounter.py:255]
[INFO] 2023-05-20T19:10:35.216664 Rank 0 step 19 processed 4 samples in 1.363811731338501 s [/home/ubuntu/storage/dlio_benchmark/src/utils/statscounter.py:255]
[INFO] 2023-05-20T19:10:36.580497 Rank 0 step 20 processed 4 samples in 1.363565444946289 s [/home/ubuntu/storage/dlio_benchmark/src/utils/statscounter.py:255]
[INFO] 2023-05-20T19:10:37.944123 Rank 0 step 21 processed 4 samples in 1.363429069519043 s [/home/ubuntu/storage/dlio_benchmark/src/utils/statscounter.py:255]
[INFO] 2023-05-20T19:10:39.307403 Rank 0 step 22 processed 4 samples in 1.363121509552002 s [/home/ubuntu/storage/dlio_benchmark/src/utils/statscounter.py:255]
[INFO] 2023-05-20T19:10:40.670587 Rank 0 step 23 processed 4 samples in 1.3630502223968506 s [/home/ubuntu/storage/dlio_benchmark/src/utils/statscounter.py:255]
[INFO] 2023-05-20T19:10:42.033678 Rank 0 step 24 processed 4 samples in 1.3629631996154785 s [/home/ubuntu/storage/dlio_benchmark/src/utils/statscounter.py:255]
[INFO] 2023-05-20T19:10:43.397086 Rank 0 step 25 processed 4 samples in 1.3632762432098389 s [/home/ubuntu/storage/dlio_benchmark/src/utils/statscounter.py:255]
[INFO] 2023-05-20T19:10:43.397233 Maximum number of steps reached [/home/ubuntu/storage/dlio_benchmark/src/dlio_benchmark.py:247]
[INFO] 2023-05-20T19:10:43.397445 Ending block 1 - 25 steps completed in 35.26 s [/home/ubuntu/storage/dlio_benchmark/src/utils/statscounter.py:212]
[INFO] 2023-05-20T19:10:43.398517 Epoch 5 - Block 1 [Training] Accelerator Utilization [AU] (%): 99.7664 [/home/ubuntu/storage/dlio_benchmark/src/utils/statscounter.py:215]
[INFO] 2023-05-20T19:10:43.398601 Epoch 5 - Block 1 [Training] Throughput (samples/second): 2.8360 [/home/ubuntu/storage/dlio_benchmark/src/utils/statscounter.py:216]
[INFO] 2023-05-20T19:10:43.411578 Starting checkpoint 1 after total step 25 for epoch 5 [/home/ubuntu/storage/dlio_benchmark/src/utils/statscounter.py:221]
[INFO] 2023-05-20T19:10:44.921314 Ending checkpoint 1 for epoch 5 [/home/ubuntu/storage/dlio_benchmark/src/utils/statscounter.py:231]
[INFO] 2023-05-20T19:10:44.922415 Ending epoch 5 - 25 steps completed in 36.79 s [/home/ubuntu/storage/dlio_benchmark/src/utils/statscounter.py:155]
[INFO] 2023-05-20T19:10:44.923394 Saved outputs in /home/ubuntu/storage/results/unet3d/2023-05-20-19-07-46 [/home/ubuntu/storage/dlio_benchmark/src/utils/statscounter.py:108]
[INFO] Averaged metric over all epochs
[METRIC] ==========================================================
[METRIC] Training Accelerator Utilization [AU] (%): 99.7520 (0.0172)
[METRIC] Training Throughput (samples/second): 2.8308 (0.0104)
[METRIC] Training I/O Throughput (MB/second): 633.2342 (2.3324)
[METRIC] train_au_meet_expectation: success
[METRIC] ==========================================================
 [/home/ubuntu/storage/dlio_benchmark/src/utils/statscounter.py:121]
[INFO] 2023-05-20T19:10:44.924736 Rank 0 wrote json output [/home/ubuntu/storage/dlio_benchmark/src/utils/statscounter.py:301]
