[INFO] 2023-05-20T19:07:51.809495 Running DLIO with 1 process(es) [/home/ubuntu/storage/dlio_benchmark/src/dlio_benchmark.py:104]
[INFO] 2023-05-20T19:07:51.809628 Reading workload YAML config file '/home/ubuntu/storage/storage-conf/workload/unet3d.yaml' [/home/ubuntu/storage/dlio_benchmark/src/dlio_benchmark.py:106]
[WARNING] Number of files in data/unet3d/train (200) is more than requested (100). A subset of files will be used  [/home/ubuntu/storage/dlio_benchmark/src/reader/reader_handler.py:96]
[INFO] 2023-05-20T19:07:51.871074 Max steps per epoch: 25 = 1 * 100 / 4 / 1 (samples per file * num files / batch size / comm size) [/home/ubuntu/storage/dlio_benchmark/src/dlio_benchmark.py:274]
[INFO] 2023-05-20T19:07:51.871140 Starting epoch 1: 25 steps expected [/home/ubuntu/storage/dlio_benchmark/src/utils/statscounter.py:128]
[INFO] 2023-05-20T19:07:51.871267 Prefetch size is 0; a default prefetch factor of 2 will be set to Torch DataLoader. [/home/ubuntu/storage/dlio_benchmark/src/reader/torch_data_loader_reader.py:123]
[INFO] 2023-05-20T19:07:51.871453 Starting block 1 [/home/ubuntu/storage/dlio_benchmark/src/utils/statscounter.py:194]
[INFO] 2023-05-20T19:07:54.767548 Rank 0 step 1 processed 4 samples in 2.896036148071289 s [/home/ubuntu/storage/dlio_benchmark/src/utils/statscounter.py:255]
[INFO] 2023-05-20T19:07:56.130386 Rank 0 step 2 processed 4 samples in 1.3624517917633057 s [/home/ubuntu/storage/dlio_benchmark/src/utils/statscounter.py:255]
[INFO] 2023-05-20T19:07:57.492891 Rank 0 step 3 processed 4 samples in 1.3623499870300293 s [/home/ubuntu/storage/dlio_benchmark/src/utils/statscounter.py:255]
[INFO] 2023-05-20T19:07:58.855634 Rank 0 step 4 processed 4 samples in 1.3625733852386475 s [/home/ubuntu/storage/dlio_benchmark/src/utils/statscounter.py:255]
[INFO] 2023-05-20T19:08:00.220643 Rank 0 step 5 processed 4 samples in 1.364795207977295 s [/home/ubuntu/storage/dlio_benchmark/src/utils/statscounter.py:255]
[INFO] 2023-05-20T19:08:01.583391 Rank 0 step 6 processed 4 samples in 1.3625226020812988 s [/home/ubuntu/storage/dlio_benchmark/src/utils/statscounter.py:255]
[INFO] 2023-05-20T19:08:02.946038 Rank 0 step 7 processed 4 samples in 1.3624300956726074 s [/home/ubuntu/storage/dlio_benchmark/src/utils/statscounter.py:255]
[INFO] 2023-05-20T19:08:04.309652 Rank 0 step 8 processed 4 samples in 1.3633835315704346 s [/home/ubuntu/storage/dlio_benchmark/src/utils/statscounter.py:255]
[INFO] 2023-05-20T19:08:05.673351 Rank 0 step 9 processed 4 samples in 1.363443374633789 s [/home/ubuntu/storage/dlio_benchmark/src/utils/statscounter.py:255]
[INFO] 2023-05-20T19:08:07.037099 Rank 0 step 10 processed 4 samples in 1.3634977340698242 s [/home/ubuntu/storage/dlio_benchmark/src/utils/statscounter.py:255]
[INFO] 2023-05-20T19:08:08.400575 Rank 0 step 11 processed 4 samples in 1.363264560699463 s [/home/ubuntu/storage/dlio_benchmark/src/utils/statscounter.py:255]
[INFO] 2023-05-20T19:08:09.764065 Rank 0 step 12 processed 4 samples in 1.3632793426513672 s [/home/ubuntu/storage/dlio_benchmark/src/utils/statscounter.py:255]
[INFO] 2023-05-20T19:08:11.127552 Rank 0 step 13 processed 4 samples in 1.3632850646972656 s [/home/ubuntu/storage/dlio_benchmark/src/utils/statscounter.py:255]
[INFO] 2023-05-20T19:08:12.491222 Rank 0 step 14 processed 4 samples in 1.3634417057037354 s [/home/ubuntu/storage/dlio_benchmark/src/utils/statscounter.py:255]
[INFO] 2023-05-20T19:08:13.854778 Rank 0 step 15 processed 4 samples in 1.3633460998535156 s [/home/ubuntu/storage/dlio_benchmark/src/utils/statscounter.py:255]
[INFO] 2023-05-20T19:08:15.218377 Rank 0 step 16 processed 4 samples in 1.3633646965026855 s [/home/ubuntu/storage/dlio_benchmark/src/utils/statscounter.py:255]
[INFO] 2023-05-20T19:08:16.581898 Rank 0 step 17 processed 4 samples in 1.3633158206939697 s [/home/ubuntu/storage/dlio_benchmark/src/utils/statscounter.py:255]
[INFO] 2023-05-20T19:08:17.945305 Rank 0 step 18 processed 4 samples in 1.3632123470306396 s [/home/ubuntu/storage/dlio_benchmark/src/utils/statscounter.py:255]
[INFO] 2023-05-20T19:08:19.308527 Rank 0 step 19 processed 4 samples in 1.3630199432373047 s [/home/ubuntu/storage/dlio_benchmark/src/utils/statscounter.py:255]
[INFO] 2023-05-20T19:08:20.671781 Rank 0 step 20 processed 4 samples in 1.3630690574645996 s [/home/ubuntu/storage/dlio_benchmark/src/utils/statscounter.py:255]
[INFO] 2023-05-20T19:08:22.034987 Rank 0 step 21 processed 4 samples in 1.3630542755126953 s [/home/ubuntu/storage/dlio_benchmark/src/utils/statscounter.py:255]
[INFO] 2023-05-20T19:08:23.398159 Rank 0 step 22 processed 4 samples in 1.3630053997039795 s [/home/ubuntu/storage/dlio_benchmark/src/utils/statscounter.py:255]
[INFO] 2023-05-20T19:08:24.761858 Rank 0 step 23 processed 4 samples in 1.3634934425354004 s [/home/ubuntu/storage/dlio_benchmark/src/utils/statscounter.py:255]
[INFO] 2023-05-20T19:08:26.125451 Rank 0 step 24 processed 4 samples in 1.3633925914764404 s [/home/ubuntu/storage/dlio_benchmark/src/utils/statscounter.py:255]
[INFO] 2023-05-20T19:08:27.489024 Rank 0 step 25 processed 4 samples in 1.3634159564971924 s [/home/ubuntu/storage/dlio_benchmark/src/utils/statscounter.py:255]
[INFO] 2023-05-20T19:08:27.489215 Maximum number of steps reached [/home/ubuntu/storage/dlio_benchmark/src/dlio_benchmark.py:247]
[INFO] 2023-05-20T19:08:27.489448 Ending block 1 - 25 steps completed in 35.62 s [/home/ubuntu/storage/dlio_benchmark/src/utils/statscounter.py:212]
[INFO] 2023-05-20T19:08:27.490943 Epoch 1 - Block 1 [Training] Accelerator Utilization [AU] (%): 99.7794 [/home/ubuntu/storage/dlio_benchmark/src/utils/statscounter.py:215]
[INFO] 2023-05-20T19:08:27.491031 Epoch 1 - Block 1 [Training] Throughput (samples/second): 2.8076 [/home/ubuntu/storage/dlio_benchmark/src/utils/statscounter.py:216]
[INFO] 2023-05-20T19:08:27.500866 Ending epoch 1 - 25 steps completed in 35.63 s [/home/ubuntu/storage/dlio_benchmark/src/utils/statscounter.py:155]
[INFO] 2023-05-20T19:08:27.501278 Starting epoch 2: 25 steps expected [/home/ubuntu/storage/dlio_benchmark/src/utils/statscounter.py:128]
[INFO] 2023-05-20T19:08:27.501416 Prefetch size is 0; a default prefetch factor of 2 will be set to Torch DataLoader. [/home/ubuntu/storage/dlio_benchmark/src/reader/torch_data_loader_reader.py:123]
[INFO] 2023-05-20T19:08:27.501566 Starting block 1 [/home/ubuntu/storage/dlio_benchmark/src/utils/statscounter.py:194]
[INFO] 2023-05-20T19:08:30.064497 Rank 0 step 1 processed 4 samples in 2.562843084335327 s [/home/ubuntu/storage/dlio_benchmark/src/utils/statscounter.py:255]
[INFO] 2023-05-20T19:08:31.428980 Rank 0 step 2 processed 4 samples in 1.3640258312225342 s [/home/ubuntu/storage/dlio_benchmark/src/utils/statscounter.py:255]
[INFO] 2023-05-20T19:08:32.793536 Rank 0 step 3 processed 4 samples in 1.3643670082092285 s [/home/ubuntu/storage/dlio_benchmark/src/utils/statscounter.py:255]
[INFO] 2023-05-20T19:08:34.156095 Rank 0 step 4 processed 4 samples in 1.3623933792114258 s [/home/ubuntu/storage/dlio_benchmark/src/utils/statscounter.py:255]
[INFO] 2023-05-20T19:08:35.520287 Rank 0 step 5 processed 4 samples in 1.3640203475952148 s [/home/ubuntu/storage/dlio_benchmark/src/utils/statscounter.py:255]
[INFO] 2023-05-20T19:08:36.882980 Rank 0 step 6 processed 4 samples in 1.3624885082244873 s [/home/ubuntu/storage/dlio_benchmark/src/utils/statscounter.py:255]
[INFO] 2023-05-20T19:08:38.247138 Rank 0 step 7 processed 4 samples in 1.3639953136444092 s [/home/ubuntu/storage/dlio_benchmark/src/utils/statscounter.py:255]
[INFO] 2023-05-20T19:08:39.609872 Rank 0 step 8 processed 4 samples in 1.3625497817993164 s [/home/ubuntu/storage/dlio_benchmark/src/utils/statscounter.py:255]
[INFO] 2023-05-20T19:08:40.973289 Rank 0 step 9 processed 4 samples in 1.3632678985595703 s [/home/ubuntu/storage/dlio_benchmark/src/utils/statscounter.py:255]
[INFO] 2023-05-20T19:08:42.338140 Rank 0 step 10 processed 4 samples in 1.3646695613861084 s [/home/ubuntu/storage/dlio_benchmark/src/utils/statscounter.py:255]
[INFO] 2023-05-20T19:08:43.701587 Rank 0 step 11 processed 4 samples in 1.3632287979125977 s [/home/ubuntu/storage/dlio_benchmark/src/utils/statscounter.py:255]
[INFO] 2023-05-20T19:08:45.065476 Rank 0 step 12 processed 4 samples in 1.3636999130249023 s [/home/ubuntu/storage/dlio_benchmark/src/utils/statscounter.py:255]
[INFO] 2023-05-20T19:08:46.428951 Rank 0 step 13 processed 4 samples in 1.3632984161376953 s [/home/ubuntu/storage/dlio_benchmark/src/utils/statscounter.py:255]
[INFO] 2023-05-20T19:08:47.792478 Rank 0 step 14 processed 4 samples in 1.3633472919464111 s [/home/ubuntu/storage/dlio_benchmark/src/utils/statscounter.py:255]
[INFO] 2023-05-20T19:08:49.156026 Rank 0 step 15 processed 4 samples in 1.3633229732513428 s [/home/ubuntu/storage/dlio_benchmark/src/utils/statscounter.py:255]
[INFO] 2023-05-20T19:08:50.519619 Rank 0 step 16 processed 4 samples in 1.3634214401245117 s [/home/ubuntu/storage/dlio_benchmark/src/utils/statscounter.py:255]
[INFO] 2023-05-20T19:08:51.883038 Rank 0 step 17 processed 4 samples in 1.363257646560669 s [/home/ubuntu/storage/dlio_benchmark/src/utils/statscounter.py:255]
[INFO] 2023-05-20T19:08:53.246794 Rank 0 step 18 processed 4 samples in 1.3635904788970947 s [/home/ubuntu/storage/dlio_benchmark/src/utils/statscounter.py:255]
[INFO] 2023-05-20T19:08:54.610029 Rank 0 step 19 processed 4 samples in 1.3630931377410889 s [/home/ubuntu/storage/dlio_benchmark/src/utils/statscounter.py:255]
[INFO] 2023-05-20T19:08:55.973430 Rank 0 step 20 processed 4 samples in 1.3632433414459229 s [/home/ubuntu/storage/dlio_benchmark/src/utils/statscounter.py:255]
[INFO] 2023-05-20T19:08:57.336599 Rank 0 step 21 processed 4 samples in 1.3630311489105225 s [/home/ubuntu/storage/dlio_benchmark/src/utils/statscounter.py:255]
[INFO] 2023-05-20T19:08:58.699686 Rank 0 step 22 processed 4 samples in 1.362959623336792 s [/home/ubuntu/storage/dlio_benchmark/src/utils/statscounter.py:255]
[INFO] 2023-05-20T19:09:00.063466 Rank 0 step 23 processed 4 samples in 1.3635880947113037 s [/home/ubuntu/storage/dlio_benchmark/src/utils/statscounter.py:255]
[INFO] 2023-05-20T19:09:01.427053 Rank 0 step 24 processed 4 samples in 1.3633956909179688 s [/home/ubuntu/storage/dlio_benchmark/src/utils/statscounter.py:255]
[INFO] 2023-05-20T19:09:02.790516 Rank 0 step 25 processed 4 samples in 1.363295316696167 s [/home/ubuntu/storage/dlio_benchmark/src/utils/statscounter.py:255]
[INFO] 2023-05-20T19:09:02.790702 Maximum number of steps reached [/home/ubuntu/storage/dlio_benchmark/src/dlio_benchmark.py:247]
[INFO] 2023-05-20T19:09:02.790926 Ending block 1 - 25 steps completed in 35.29 s [/home/ubuntu/storage/dlio_benchmark/src/utils/statscounter.py:212]
[INFO] 2023-05-20T19:09:02.791984 Epoch 2 - Block 1 [Training] Accelerator Utilization [AU] (%): 99.7655 [/home/ubuntu/storage/dlio_benchmark/src/utils/statscounter.py:215]
[INFO] 2023-05-20T19:09:02.792060 Epoch 2 - Block 1 [Training] Throughput (samples/second): 2.8337 [/home/ubuntu/storage/dlio_benchmark/src/utils/statscounter.py:216]
[INFO] 2023-05-20T19:09:02.801952 Ending epoch 2 - 25 steps completed in 35.30 s [/home/ubuntu/storage/dlio_benchmark/src/utils/statscounter.py:155]
[INFO] 2023-05-20T19:09:02.802356 Starting epoch 3: 25 steps expected [/home/ubuntu/storage/dlio_benchmark/src/utils/statscounter.py:128]
[INFO] 2023-05-20T19:09:02.802491 Prefetch size is 0; a default prefetch factor of 2 will be set to Torch DataLoader. [/home/ubuntu/storage/dlio_benchmark/src/reader/torch_data_loader_reader.py:123]
[INFO] 2023-05-20T19:09:02.802632 Starting block 1 [/home/ubuntu/storage/dlio_benchmark/src/utils/statscounter.py:194]
[INFO] 2023-05-20T19:09:05.430515 Rank 0 step 1 processed 4 samples in 2.6278138160705566 s [/home/ubuntu/storage/dlio_benchmark/src/utils/statscounter.py:255]
[INFO] 2023-05-20T19:09:06.794548 Rank 0 step 2 processed 4 samples in 1.3636043071746826 s [/home/ubuntu/storage/dlio_benchmark/src/utils/statscounter.py:255]
[INFO] 2023-05-20T19:09:08.157114 Rank 0 step 3 processed 4 samples in 1.362358570098877 s [/home/ubuntu/storage/dlio_benchmark/src/utils/statscounter.py:255]
[INFO] 2023-05-20T19:09:09.519625 Rank 0 step 4 processed 4 samples in 1.3623154163360596 s [/home/ubuntu/storage/dlio_benchmark/src/utils/statscounter.py:255]
[INFO] 2023-05-20T19:09:10.885448 Rank 0 step 5 processed 4 samples in 1.3656644821166992 s [/home/ubuntu/storage/dlio_benchmark/src/utils/statscounter.py:255]
[INFO] 2023-05-20T19:09:12.247962 Rank 0 step 6 processed 4 samples in 1.3623452186584473 s [/home/ubuntu/storage/dlio_benchmark/src/utils/statscounter.py:255]
[INFO] 2023-05-20T19:09:13.610488 Rank 0 step 7 processed 4 samples in 1.362375259399414 s [/home/ubuntu/storage/dlio_benchmark/src/utils/statscounter.py:255]
[INFO] 2023-05-20T19:09:14.973143 Rank 0 step 8 processed 4 samples in 1.362441062927246 s [/home/ubuntu/storage/dlio_benchmark/src/utils/statscounter.py:255]
[INFO] 2023-05-20T19:09:16.337525 Rank 0 step 9 processed 4 samples in 1.364225149154663 s [/home/ubuntu/storage/dlio_benchmark/src/utils/statscounter.py:255]
[INFO] 2023-05-20T19:09:17.700061 Rank 0 step 10 processed 4 samples in 1.362386703491211 s [/home/ubuntu/storage/dlio_benchmark/src/utils/statscounter.py:255]
[INFO] 2023-05-20T19:09:19.063357 Rank 0 step 11 processed 4 samples in 1.3631584644317627 s [/home/ubuntu/storage/dlio_benchmark/src/utils/statscounter.py:255]
[INFO] 2023-05-20T19:09:20.427178 Rank 0 step 12 processed 4 samples in 1.363659143447876 s [/home/ubuntu/storage/dlio_benchmark/src/utils/statscounter.py:255]
[INFO] 2023-05-20T19:09:21.791226 Rank 0 step 13 processed 4 samples in 1.3637981414794922 s [/home/ubuntu/storage/dlio_benchmark/src/utils/statscounter.py:255]
[INFO] 2023-05-20T19:09:23.155548 Rank 0 step 14 processed 4 samples in 1.3640718460083008 s [/home/ubuntu/storage/dlio_benchmark/src/utils/statscounter.py:255]
[INFO] 2023-05-20T19:09:24.519604 Rank 0 step 15 processed 4 samples in 1.363826036453247 s [/home/ubuntu/storage/dlio_benchmark/src/utils/statscounter.py:255]
[INFO] 2023-05-20T19:09:25.883514 Rank 0 step 16 processed 4 samples in 1.3636219501495361 s [/home/ubuntu/storage/dlio_benchmark/src/utils/statscounter.py:255]
[INFO] 2023-05-20T19:09:27.247318 Rank 0 step 17 processed 4 samples in 1.3635799884796143 s [/home/ubuntu/storage/dlio_benchmark/src/utils/statscounter.py:255]
[INFO] 2023-05-20T19:09:28.610778 Rank 0 step 18 processed 4 samples in 1.3632383346557617 s [/home/ubuntu/storage/dlio_benchmark/src/utils/statscounter.py:255]
[INFO] 2023-05-20T19:09:29.973950 Rank 0 step 19 processed 4 samples in 1.3629865646362305 s [/home/ubuntu/storage/dlio_benchmark/src/utils/statscounter.py:255]
[INFO] 2023-05-20T19:09:31.337144 Rank 0 step 20 processed 4 samples in 1.3630497455596924 s [/home/ubuntu/storage/dlio_benchmark/src/utils/statscounter.py:255]
[INFO] 2023-05-20T19:09:32.700490 Rank 0 step 21 processed 4 samples in 1.3631932735443115 s [/home/ubuntu/storage/dlio_benchmark/src/utils/statscounter.py:255]
[INFO] 2023-05-20T19:09:34.063666 Rank 0 step 22 processed 4 samples in 1.3630356788635254 s [/home/ubuntu/storage/dlio_benchmark/src/utils/statscounter.py:255]
[INFO] 2023-05-20T19:09:35.427278 Rank 0 step 23 processed 4 samples in 1.3634099960327148 s [/home/ubuntu/storage/dlio_benchmark/src/utils/statscounter.py:255]
[INFO] 2023-05-20T19:09:36.790917 Rank 0 step 24 processed 4 samples in 1.3634388446807861 s [/home/ubuntu/storage/dlio_benchmark/src/utils/statscounter.py:255]
[INFO] 2023-05-20T19:09:38.154398 Rank 0 step 25 processed 4 samples in 1.363306999206543 s [/home/ubuntu/storage/dlio_benchmark/src/utils/statscounter.py:255]
[INFO] 2023-05-20T19:09:38.154569 Maximum number of steps reached [/home/ubuntu/storage/dlio_benchmark/src/dlio_benchmark.py:247]
[INFO] 2023-05-20T19:09:38.154774 Ending block 1 - 25 steps completed in 35.35 s [/home/ubuntu/storage/dlio_benchmark/src/utils/statscounter.py:212]
[INFO] 2023-05-20T19:09:38.155829 Epoch 3 - Block 1 [Training] Accelerator Utilization [AU] (%): 99.7721 [/home/ubuntu/storage/dlio_benchmark/src/utils/statscounter.py:215]
[INFO] 2023-05-20T19:09:38.155917 Epoch 3 - Block 1 [Training] Throughput (samples/second): 2.8287 [/home/ubuntu/storage/dlio_benchmark/src/utils/statscounter.py:216]
[INFO] 2023-05-20T19:09:38.165887 Ending epoch 3 - 25 steps completed in 35.36 s [/home/ubuntu/storage/dlio_benchmark/src/utils/statscounter.py:155]
[INFO] 2023-05-20T19:09:38.166303 Starting epoch 4: 25 steps expected [/home/ubuntu/storage/dlio_benchmark/src/utils/statscounter.py:128]
[INFO] 2023-05-20T19:09:38.166439 Prefetch size is 0; a default prefetch factor of 2 will be set to Torch DataLoader. [/home/ubuntu/storage/dlio_benchmark/src/reader/torch_data_loader_reader.py:123]
[INFO] 2023-05-20T19:09:38.166578 Starting block 1 [/home/ubuntu/storage/dlio_benchmark/src/utils/statscounter.py:194]
[INFO] 2023-05-20T19:09:40.727658 Rank 0 step 1 processed 4 samples in 2.5610079765319824 s [/home/ubuntu/storage/dlio_benchmark/src/utils/statscounter.py:255]
[INFO] 2023-05-20T19:09:42.090787 Rank 0 step 2 processed 4 samples in 1.3626856803894043 s [/home/ubuntu/storage/dlio_benchmark/src/utils/statscounter.py:255]
[INFO] 2023-05-20T19:09:43.453592 Rank 0 step 3 processed 4 samples in 1.3625633716583252 s [/home/ubuntu/storage/dlio_benchmark/src/utils/statscounter.py:255]
[INFO] 2023-05-20T19:09:44.816611 Rank 0 step 4 processed 4 samples in 1.3627650737762451 s [/home/ubuntu/storage/dlio_benchmark/src/utils/statscounter.py:255]
[INFO] 2023-05-20T19:09:46.181746 Rank 0 step 5 processed 4 samples in 1.3648693561553955 s [/home/ubuntu/storage/dlio_benchmark/src/utils/statscounter.py:255]
[INFO] 2023-05-20T19:09:47.547072 Rank 0 step 6 processed 4 samples in 1.3649835586547852 s [/home/ubuntu/storage/dlio_benchmark/src/utils/statscounter.py:255]
[INFO] 2023-05-20T19:09:48.909971 Rank 0 step 7 processed 4 samples in 1.3625984191894531 s [/home/ubuntu/storage/dlio_benchmark/src/utils/statscounter.py:255]
[INFO] 2023-05-20T19:09:50.272819 Rank 0 step 8 processed 4 samples in 1.362605094909668 s [/home/ubuntu/storage/dlio_benchmark/src/utils/statscounter.py:255]
[INFO] 2023-05-20T19:09:51.636739 Rank 0 step 9 processed 4 samples in 1.3636789321899414 s [/home/ubuntu/storage/dlio_benchmark/src/utils/statscounter.py:255]
[INFO] 2023-05-20T19:09:53.000412 Rank 0 step 10 processed 4 samples in 1.363433599472046 s [/home/ubuntu/storage/dlio_benchmark/src/utils/statscounter.py:255]
[INFO] 2023-05-20T19:09:54.364507 Rank 0 step 11 processed 4 samples in 1.363769292831421 s [/home/ubuntu/storage/dlio_benchmark/src/utils/statscounter.py:255]
[INFO] 2023-05-20T19:09:55.728299 Rank 0 step 12 processed 4 samples in 1.3635520935058594 s [/home/ubuntu/storage/dlio_benchmark/src/utils/statscounter.py:255]
[INFO] 2023-05-20T19:09:57.091866 Rank 0 step 13 processed 4 samples in 1.3633427619934082 s [/home/ubuntu/storage/dlio_benchmark/src/utils/statscounter.py:255]
[INFO] 2023-05-20T19:09:58.455439 Rank 0 step 14 processed 4 samples in 1.3633508682250977 s [/home/ubuntu/storage/dlio_benchmark/src/utils/statscounter.py:255]
[INFO] 2023-05-20T19:09:59.819087 Rank 0 step 15 processed 4 samples in 1.3634161949157715 s [/home/ubuntu/storage/dlio_benchmark/src/utils/statscounter.py:255]
[INFO] 2023-05-20T19:10:01.182920 Rank 0 step 16 processed 4 samples in 1.3636109828948975 s [/home/ubuntu/storage/dlio_benchmark/src/utils/statscounter.py:255]
[INFO] 2023-05-20T19:10:02.546481 Rank 0 step 17 processed 4 samples in 1.3633382320404053 s [/home/ubuntu/storage/dlio_benchmark/src/utils/statscounter.py:255]
[INFO] 2023-05-20T19:10:03.909951 Rank 0 step 18 processed 4 samples in 1.3632521629333496 s [/home/ubuntu/storage/dlio_benchmark/src/utils/statscounter.py:255]
[INFO] 2023-05-20T19:10:05.273204 Rank 0 step 19 processed 4 samples in 1.3630797863006592 s [/home/ubuntu/storage/dlio_benchmark/src/utils/statscounter.py:255]
[INFO] 2023-05-20T19:10:06.637189 Rank 0 step 20 processed 4 samples in 1.3636863231658936 s [/home/ubuntu/storage/dlio_benchmark/src/utils/statscounter.py:255]
[INFO] 2023-05-20T19:10:08.001179 Rank 0 step 21 processed 4 samples in 1.363687515258789 s [/home/ubuntu/storage/dlio_benchmark/src/utils/statscounter.py:255]
[INFO] 2023-05-20T19:10:09.364429 Rank 0 step 22 processed 4 samples in 1.3629772663116455 s [/home/ubuntu/storage/dlio_benchmark/src/utils/statscounter.py:255]
[INFO] 2023-05-20T19:10:10.728140 Rank 0 step 23 processed 4 samples in 1.3634896278381348 s [/home/ubuntu/storage/dlio_benchmark/src/utils/statscounter.py:255]
[INFO] 2023-05-20T19:10:12.092032 Rank 0 step 24 processed 4 samples in 1.363602638244629 s [/home/ubuntu/storage/dlio_benchmark/src/utils/statscounter.py:255]
[INFO] 2023-05-20T19:10:13.455963 Rank 0 step 25 processed 4 samples in 1.36370849609375 s [/home/ubuntu/storage/dlio_benchmark/src/utils/statscounter.py:255]
[INFO] 2023-05-20T19:10:13.456177 Maximum number of steps reached [/home/ubuntu/storage/dlio_benchmark/src/dlio_benchmark.py:247]
[INFO] 2023-05-20T19:10:13.456437 Ending block 1 - 25 steps completed in 35.29 s [/home/ubuntu/storage/dlio_benchmark/src/utils/statscounter.py:212]
[INFO] 2023-05-20T19:10:13.457702 Epoch 4 - Block 1 [Training] Accelerator Utilization [AU] (%): 99.7585 [/home/ubuntu/storage/dlio_benchmark/src/utils/statscounter.py:215]
[INFO] 2023-05-20T19:10:13.457771 Epoch 4 - Block 1 [Training] Throughput (samples/second): 2.8337 [/home/ubuntu/storage/dlio_benchmark/src/utils/statscounter.py:216]
[INFO] 2023-05-20T19:10:13.471292 Ending epoch 4 - 25 steps completed in 35.30 s [/home/ubuntu/storage/dlio_benchmark/src/utils/statscounter.py:155]
[INFO] 2023-05-20T19:10:13.471958 Starting epoch 5: 25 steps expected [/home/ubuntu/storage/dlio_benchmark/src/utils/statscounter.py:128]
[INFO] 2023-05-20T19:10:13.472162 Prefetch size is 0; a default prefetch factor of 2 will be set to Torch DataLoader. [/home/ubuntu/storage/dlio_benchmark/src/reader/torch_data_loader_reader.py:123]
[INFO] 2023-05-20T19:10:13.472358 Starting block 1 [/home/ubuntu/storage/dlio_benchmark/src/utils/statscounter.py:194]
[INFO] 2023-05-20T19:10:16.160533 Rank 0 step 1 processed 4 samples in 2.6880435943603516 s [/home/ubuntu/storage/dlio_benchmark/src/utils/statscounter.py:255]
[INFO] 2023-05-20T19:10:17.523255 Rank 0 step 2 processed 4 samples in 1.362363338470459 s [/home/ubuntu/storage/dlio_benchmark/src/utils/statscounter.py:255]
[INFO] 2023-05-20T19:10:18.885794 Rank 0 step 3 processed 4 samples in 1.362394094467163 s [/home/ubuntu/storage/dlio_benchmark/src/utils/statscounter.py:255]
[INFO] 2023-05-20T19:10:20.249312 Rank 0 step 4 processed 4 samples in 1.3633651733398438 s [/home/ubuntu/storage/dlio_benchmark/src/utils/statscounter.py:255]
[INFO] 2023-05-20T19:10:21.614992 Rank 0 step 5 processed 4 samples in 1.365504503250122 s [/home/ubuntu/storage/dlio_benchmark/src/utils/statscounter.py:255]
[INFO] 2023-05-20T19:10:22.978688 Rank 0 step 6 processed 4 samples in 1.36348295211792 s [/home/ubuntu/storage/dlio_benchmark/src/utils/statscounter.py:255]
[INFO] 2023-05-20T19:10:24.340446 Rank 0 step 7 processed 4 samples in 1.3615624904632568 s [/home/ubuntu/storage/dlio_benchmark/src/utils/statscounter.py:255]
[INFO] 2023-05-20T19:10:25.703814 Rank 0 step 8 processed 4 samples in 1.3632030487060547 s [/home/ubuntu/storage/dlio_benchmark/src/utils/statscounter.py:255]
[INFO] 2023-05-20T19:10:27.067276 Rank 0 step 9 processed 4 samples in 1.363313913345337 s [/home/ubuntu/storage/dlio_benchmark/src/utils/statscounter.py:255]
[INFO] 2023-05-20T19:10:28.430846 Rank 0 step 10 processed 4 samples in 1.363370656967163 s [/home/ubuntu/storage/dlio_benchmark/src/utils/statscounter.py:255]
[INFO] 2023-05-20T19:10:29.794190 Rank 0 step 11 processed 4 samples in 1.3631579875946045 s [/home/ubuntu/storage/dlio_benchmark/src/utils/statscounter.py:255]
[INFO] 2023-05-20T19:10:31.157755 Rank 0 step 12 processed 4 samples in 1.363354206085205 s [/home/ubuntu/storage/dlio_benchmark/src/utils/statscounter.py:255]
[INFO] 2023-05-20T19:10:32.521436 Rank 0 step 13 processed 4 samples in 1.3634545803070068 s [/home/ubuntu/storage/dlio_benchmark/src/utils/statscounter.py:255]
[INFO] 2023-05-20T19:10:33.884936 Rank 0 step 14 processed 4 samples in 1.3632984161376953 s [/home/ubuntu/storage/dlio_benchmark/src/utils/statscounter.py:255]
[INFO] 2023-05-20T19:10:35.248460 Rank 0 step 15 processed 4 samples in 1.3633286952972412 s [/home/ubuntu/storage/dlio_benchmark/src/utils/statscounter.py:255]
[INFO] 2023-05-20T19:10:36.611898 Rank 0 step 16 processed 4 samples in 1.3632385730743408 s [/home/ubuntu/storage/dlio_benchmark/src/utils/statscounter.py:255]
[INFO] 2023-05-20T19:10:37.975618 Rank 0 step 17 processed 4 samples in 1.3635220527648926 s [/home/ubuntu/storage/dlio_benchmark/src/utils/statscounter.py:255]
[INFO] 2023-05-20T19:10:39.338896 Rank 0 step 18 processed 4 samples in 1.3631174564361572 s [/home/ubuntu/storage/dlio_benchmark/src/utils/statscounter.py:255]
[INFO] 2023-05-20T19:10:40.702046 Rank 0 step 19 processed 4 samples in 1.3630080223083496 s [/home/ubuntu/storage/dlio_benchmark/src/utils/statscounter.py:255]
[INFO] 2023-05-20T19:10:42.065202 Rank 0 step 20 processed 4 samples in 1.3630149364471436 s [/home/ubuntu/storage/dlio_benchmark/src/utils/statscounter.py:255]
[INFO] 2023-05-20T19:10:43.428421 Rank 0 step 21 processed 4 samples in 1.3630824089050293 s [/home/ubuntu/storage/dlio_benchmark/src/utils/statscounter.py:255]
[INFO] 2023-05-20T19:10:44.792054 Rank 0 step 22 processed 4 samples in 1.3634204864501953 s [/home/ubuntu/storage/dlio_benchmark/src/utils/statscounter.py:255]
[INFO] 2023-05-20T19:10:46.156203 Rank 0 step 23 processed 4 samples in 1.363889455795288 s [/home/ubuntu/storage/dlio_benchmark/src/utils/statscounter.py:255]
[INFO] 2023-05-20T19:10:47.519770 Rank 0 step 24 processed 4 samples in 1.3633644580841064 s [/home/ubuntu/storage/dlio_benchmark/src/utils/statscounter.py:255]
[INFO] 2023-05-20T19:10:48.883655 Rank 0 step 25 processed 4 samples in 1.3636736869812012 s [/home/ubuntu/storage/dlio_benchmark/src/utils/statscounter.py:255]
[INFO] 2023-05-20T19:10:48.883789 Maximum number of steps reached [/home/ubuntu/storage/dlio_benchmark/src/dlio_benchmark.py:247]
[INFO] 2023-05-20T19:10:48.884013 Ending block 1 - 25 steps completed in 35.41 s [/home/ubuntu/storage/dlio_benchmark/src/utils/statscounter.py:212]
[INFO] 2023-05-20T19:10:48.885086 Epoch 5 - Block 1 [Training] Accelerator Utilization [AU] (%): 99.7743 [/home/ubuntu/storage/dlio_benchmark/src/utils/statscounter.py:215]
[INFO] 2023-05-20T19:10:48.885164 Epoch 5 - Block 1 [Training] Throughput (samples/second): 2.8239 [/home/ubuntu/storage/dlio_benchmark/src/utils/statscounter.py:216]
[INFO] 2023-05-20T19:10:48.897136 Starting checkpoint 1 after total step 25 for epoch 5 [/home/ubuntu/storage/dlio_benchmark/src/utils/statscounter.py:221]
[INFO] 2023-05-20T19:10:50.273056 Ending checkpoint 1 for epoch 5 [/home/ubuntu/storage/dlio_benchmark/src/utils/statscounter.py:231]
[INFO] 2023-05-20T19:10:50.273861 Ending epoch 5 - 25 steps completed in 36.80 s [/home/ubuntu/storage/dlio_benchmark/src/utils/statscounter.py:155]
[INFO] 2023-05-20T19:10:50.274666 Saved outputs in /home/ubuntu/storage/results/unet3d/2023-05-20-19-07-51 [/home/ubuntu/storage/dlio_benchmark/src/utils/statscounter.py:108]
[INFO] Averaged metric over all epochs
[METRIC] ==========================================================
[METRIC] Training Accelerator Utilization [AU] (%): 99.7619 (0.0156)
[METRIC] Training Throughput (samples/second): 2.8253 (0.0097)
[METRIC] Training I/O Throughput (MB/second): 632.0082 (2.1750)
[METRIC] train_au_meet_expectation: success
[METRIC] ==========================================================
 [/home/ubuntu/storage/dlio_benchmark/src/utils/statscounter.py:121]
[INFO] 2023-05-20T19:10:50.275874 Rank 0 wrote json output [/home/ubuntu/storage/dlio_benchmark/src/utils/statscounter.py:301]
