[INFO] 2023-05-20T19:22:09.128785 Running DLIO with 1 process(es) [/home/ubuntu/storage/dlio_benchmark/src/dlio_benchmark.py:104]
[INFO] 2023-05-20T19:22:09.128908 Reading workload YAML config file '/home/ubuntu/storage/storage-conf/workload/unet3d.yaml' [/home/ubuntu/storage/dlio_benchmark/src/dlio_benchmark.py:106]
[WARNING] Number of files in data/unet3d/train (200) is more than requested (100). A subset of files will be used  [/home/ubuntu/storage/dlio_benchmark/src/reader/reader_handler.py:96]
[INFO] 2023-05-20T19:22:09.190028 Max steps per epoch: 25 = 1 * 100 / 4 / 1 (samples per file * num files / batch size / comm size) [/home/ubuntu/storage/dlio_benchmark/src/dlio_benchmark.py:274]
[INFO] 2023-05-20T19:22:09.190087 Starting epoch 1: 25 steps expected [/home/ubuntu/storage/dlio_benchmark/src/utils/statscounter.py:128]
[INFO] 2023-05-20T19:22:09.190201 Prefetch size is 0; a default prefetch factor of 2 will be set to Torch DataLoader. [/home/ubuntu/storage/dlio_benchmark/src/reader/torch_data_loader_reader.py:123]
[INFO] 2023-05-20T19:22:09.190363 Starting block 1 [/home/ubuntu/storage/dlio_benchmark/src/utils/statscounter.py:194]
[INFO] 2023-05-20T19:22:12.022881 Rank 0 step 1 processed 4 samples in 2.8324623107910156 s [/home/ubuntu/storage/dlio_benchmark/src/utils/statscounter.py:255]
[INFO] 2023-05-20T19:22:13.384416 Rank 0 step 2 processed 4 samples in 1.3611767292022705 s [/home/ubuntu/storage/dlio_benchmark/src/utils/statscounter.py:255]
[INFO] 2023-05-20T19:22:14.746931 Rank 0 step 3 processed 4 samples in 1.3623631000518799 s [/home/ubuntu/storage/dlio_benchmark/src/utils/statscounter.py:255]
[INFO] 2023-05-20T19:22:16.108448 Rank 0 step 4 processed 4 samples in 1.3613581657409668 s [/home/ubuntu/storage/dlio_benchmark/src/utils/statscounter.py:255]
[INFO] 2023-05-20T19:22:17.473686 Rank 0 step 5 processed 4 samples in 1.3650329113006592 s [/home/ubuntu/storage/dlio_benchmark/src/utils/statscounter.py:255]
[INFO] 2023-05-20T19:22:18.838778 Rank 0 step 6 processed 4 samples in 1.364896535873413 s [/home/ubuntu/storage/dlio_benchmark/src/utils/statscounter.py:255]
[INFO] 2023-05-20T19:22:20.201487 Rank 0 step 7 processed 4 samples in 1.3624985218048096 s [/home/ubuntu/storage/dlio_benchmark/src/utils/statscounter.py:255]
[INFO] 2023-05-20T19:22:21.566638 Rank 0 step 8 processed 4 samples in 1.364830493927002 s [/home/ubuntu/storage/dlio_benchmark/src/utils/statscounter.py:255]
[INFO] 2023-05-20T19:22:22.930291 Rank 0 step 9 processed 4 samples in 1.3634169101715088 s [/home/ubuntu/storage/dlio_benchmark/src/utils/statscounter.py:255]
[INFO] 2023-05-20T19:22:24.293811 Rank 0 step 10 processed 4 samples in 1.3633110523223877 s [/home/ubuntu/storage/dlio_benchmark/src/utils/statscounter.py:255]
[INFO] 2023-05-20T19:22:25.657305 Rank 0 step 11 processed 4 samples in 1.3632707595825195 s [/home/ubuntu/storage/dlio_benchmark/src/utils/statscounter.py:255]
[INFO] 2023-05-20T19:22:27.021017 Rank 0 step 12 processed 4 samples in 1.3634698390960693 s [/home/ubuntu/storage/dlio_benchmark/src/utils/statscounter.py:255]
[INFO] 2023-05-20T19:22:28.384642 Rank 0 step 13 processed 4 samples in 1.363412618637085 s [/home/ubuntu/storage/dlio_benchmark/src/utils/statscounter.py:255]
[INFO] 2023-05-20T19:22:29.748276 Rank 0 step 14 processed 4 samples in 1.3633921146392822 s [/home/ubuntu/storage/dlio_benchmark/src/utils/statscounter.py:255]
[INFO] 2023-05-20T19:22:31.111954 Rank 0 step 15 processed 4 samples in 1.3634285926818848 s [/home/ubuntu/storage/dlio_benchmark/src/utils/statscounter.py:255]
[INFO] 2023-05-20T19:22:32.475859 Rank 0 step 16 processed 4 samples in 1.3636448383331299 s [/home/ubuntu/storage/dlio_benchmark/src/utils/statscounter.py:255]
[INFO] 2023-05-20T19:22:33.839541 Rank 0 step 17 processed 4 samples in 1.3634390830993652 s [/home/ubuntu/storage/dlio_benchmark/src/utils/statscounter.py:255]
[INFO] 2023-05-20T19:22:35.203137 Rank 0 step 18 processed 4 samples in 1.3633358478546143 s [/home/ubuntu/storage/dlio_benchmark/src/utils/statscounter.py:255]
[INFO] 2023-05-20T19:22:36.566712 Rank 0 step 19 processed 4 samples in 1.3633363246917725 s [/home/ubuntu/storage/dlio_benchmark/src/utils/statscounter.py:255]
[INFO] 2023-05-20T19:22:37.930414 Rank 0 step 20 processed 4 samples in 1.3634498119354248 s [/home/ubuntu/storage/dlio_benchmark/src/utils/statscounter.py:255]
[INFO] 2023-05-20T19:22:39.294029 Rank 0 step 21 processed 4 samples in 1.3634040355682373 s [/home/ubuntu/storage/dlio_benchmark/src/utils/statscounter.py:255]
[INFO] 2023-05-20T19:22:40.657479 Rank 0 step 22 processed 4 samples in 1.36324143409729 s [/home/ubuntu/storage/dlio_benchmark/src/utils/statscounter.py:255]
[INFO] 2023-05-20T19:22:42.021058 Rank 0 step 23 processed 4 samples in 1.363389492034912 s [/home/ubuntu/storage/dlio_benchmark/src/utils/statscounter.py:255]
[INFO] 2023-05-20T19:22:43.384134 Rank 0 step 24 processed 4 samples in 1.3629376888275146 s [/home/ubuntu/storage/dlio_benchmark/src/utils/statscounter.py:255]
[INFO] 2023-05-20T19:22:44.747259 Rank 0 step 25 processed 4 samples in 1.3630127906799316 s [/home/ubuntu/storage/dlio_benchmark/src/utils/statscounter.py:255]
[INFO] 2023-05-20T19:22:44.747373 Maximum number of steps reached [/home/ubuntu/storage/dlio_benchmark/src/dlio_benchmark.py:247]
[INFO] 2023-05-20T19:22:44.747602 Ending block 1 - 25 steps completed in 35.56 s [/home/ubuntu/storage/dlio_benchmark/src/utils/statscounter.py:212]
[INFO] 2023-05-20T19:22:44.749096 Epoch 1 - Block 1 [Training] Accelerator Utilization [AU] (%): 99.7708 [/home/ubuntu/storage/dlio_benchmark/src/utils/statscounter.py:215]
[INFO] 2023-05-20T19:22:44.749181 Epoch 1 - Block 1 [Training] Throughput (samples/second): 2.8124 [/home/ubuntu/storage/dlio_benchmark/src/utils/statscounter.py:216]
[INFO] 2023-05-20T19:22:44.759248 Ending epoch 1 - 25 steps completed in 35.57 s [/home/ubuntu/storage/dlio_benchmark/src/utils/statscounter.py:155]
[INFO] 2023-05-20T19:22:44.759602 Starting epoch 2: 25 steps expected [/home/ubuntu/storage/dlio_benchmark/src/utils/statscounter.py:128]
[INFO] 2023-05-20T19:22:44.759729 Prefetch size is 0; a default prefetch factor of 2 will be set to Torch DataLoader. [/home/ubuntu/storage/dlio_benchmark/src/reader/torch_data_loader_reader.py:123]
[INFO] 2023-05-20T19:22:44.759863 Starting block 1 [/home/ubuntu/storage/dlio_benchmark/src/utils/statscounter.py:194]
[INFO] 2023-05-20T19:22:47.367603 Rank 0 step 1 processed 4 samples in 2.607680559158325 s [/home/ubuntu/storage/dlio_benchmark/src/utils/statscounter.py:255]
[INFO] 2023-05-20T19:22:48.730378 Rank 0 step 2 processed 4 samples in 1.3624482154846191 s [/home/ubuntu/storage/dlio_benchmark/src/utils/statscounter.py:255]
[INFO] 2023-05-20T19:22:50.094773 Rank 0 step 3 processed 4 samples in 1.3642444610595703 s [/home/ubuntu/storage/dlio_benchmark/src/utils/statscounter.py:255]
[INFO] 2023-05-20T19:22:51.457327 Rank 0 step 4 processed 4 samples in 1.3623526096343994 s [/home/ubuntu/storage/dlio_benchmark/src/utils/statscounter.py:255]
[INFO] 2023-05-20T19:22:52.822664 Rank 0 step 5 processed 4 samples in 1.3651378154754639 s [/home/ubuntu/storage/dlio_benchmark/src/utils/statscounter.py:255]
[INFO] 2023-05-20T19:22:54.185446 Rank 0 step 6 processed 4 samples in 1.3625571727752686 s [/home/ubuntu/storage/dlio_benchmark/src/utils/statscounter.py:255]
[INFO] 2023-05-20T19:22:55.549113 Rank 0 step 7 processed 4 samples in 1.3634536266326904 s [/home/ubuntu/storage/dlio_benchmark/src/utils/statscounter.py:255]
[INFO] 2023-05-20T19:22:56.911844 Rank 0 step 8 processed 4 samples in 1.3625452518463135 s [/home/ubuntu/storage/dlio_benchmark/src/utils/statscounter.py:255]
[INFO] 2023-05-20T19:22:58.275538 Rank 0 step 9 processed 4 samples in 1.363511085510254 s [/home/ubuntu/storage/dlio_benchmark/src/utils/statscounter.py:255]
[INFO] 2023-05-20T19:22:59.640312 Rank 0 step 10 processed 4 samples in 1.3645474910736084 s [/home/ubuntu/storage/dlio_benchmark/src/utils/statscounter.py:255]
[INFO] 2023-05-20T19:23:01.004121 Rank 0 step 11 processed 4 samples in 1.3634073734283447 s [/home/ubuntu/storage/dlio_benchmark/src/utils/statscounter.py:255]
[INFO] 2023-05-20T19:23:02.367895 Rank 0 step 12 processed 4 samples in 1.363457441329956 s [/home/ubuntu/storage/dlio_benchmark/src/utils/statscounter.py:255]
[INFO] 2023-05-20T19:23:03.731640 Rank 0 step 13 processed 4 samples in 1.363494873046875 s [/home/ubuntu/storage/dlio_benchmark/src/utils/statscounter.py:255]
[INFO] 2023-05-20T19:23:05.095229 Rank 0 step 14 processed 4 samples in 1.3633604049682617 s [/home/ubuntu/storage/dlio_benchmark/src/utils/statscounter.py:255]
[INFO] 2023-05-20T19:23:06.458925 Rank 0 step 15 processed 4 samples in 1.3634552955627441 s [/home/ubuntu/storage/dlio_benchmark/src/utils/statscounter.py:255]
[INFO] 2023-05-20T19:23:07.822624 Rank 0 step 16 processed 4 samples in 1.3634331226348877 s [/home/ubuntu/storage/dlio_benchmark/src/utils/statscounter.py:255]
[INFO] 2023-05-20T19:23:09.186710 Rank 0 step 17 processed 4 samples in 1.3638255596160889 s [/home/ubuntu/storage/dlio_benchmark/src/utils/statscounter.py:255]
[INFO] 2023-05-20T19:23:10.550555 Rank 0 step 18 processed 4 samples in 1.363588571548462 s [/home/ubuntu/storage/dlio_benchmark/src/utils/statscounter.py:255]
[INFO] 2023-05-20T19:23:11.914360 Rank 0 step 19 processed 4 samples in 1.3635656833648682 s [/home/ubuntu/storage/dlio_benchmark/src/utils/statscounter.py:255]
[INFO] 2023-05-20T19:23:13.277991 Rank 0 step 20 processed 4 samples in 1.3634181022644043 s [/home/ubuntu/storage/dlio_benchmark/src/utils/statscounter.py:255]
[INFO] 2023-05-20T19:23:14.641441 Rank 0 step 21 processed 4 samples in 1.3632385730743408 s [/home/ubuntu/storage/dlio_benchmark/src/utils/statscounter.py:255]
[INFO] 2023-05-20T19:23:16.005126 Rank 0 step 22 processed 4 samples in 1.3634834289550781 s [/home/ubuntu/storage/dlio_benchmark/src/utils/statscounter.py:255]
[INFO] 2023-05-20T19:23:17.368563 Rank 0 step 23 processed 4 samples in 1.363243818283081 s [/home/ubuntu/storage/dlio_benchmark/src/utils/statscounter.py:255]
[INFO] 2023-05-20T19:23:18.731791 Rank 0 step 24 processed 4 samples in 1.36307692527771 s [/home/ubuntu/storage/dlio_benchmark/src/utils/statscounter.py:255]
[INFO] 2023-05-20T19:23:20.095046 Rank 0 step 25 processed 4 samples in 1.363112211227417 s [/home/ubuntu/storage/dlio_benchmark/src/utils/statscounter.py:255]
[INFO] 2023-05-20T19:23:20.095159 Maximum number of steps reached [/home/ubuntu/storage/dlio_benchmark/src/dlio_benchmark.py:247]
[INFO] 2023-05-20T19:23:20.095377 Ending block 1 - 25 steps completed in 35.34 s [/home/ubuntu/storage/dlio_benchmark/src/utils/statscounter.py:212]
[INFO] 2023-05-20T19:23:20.096408 Epoch 2 - Block 1 [Training] Accelerator Utilization [AU] (%): 99.7614 [/home/ubuntu/storage/dlio_benchmark/src/utils/statscounter.py:215]
[INFO] 2023-05-20T19:23:20.096497 Epoch 2 - Block 1 [Training] Throughput (samples/second): 2.8300 [/home/ubuntu/storage/dlio_benchmark/src/utils/statscounter.py:216]
[INFO] 2023-05-20T19:23:20.106791 Ending epoch 2 - 25 steps completed in 35.35 s [/home/ubuntu/storage/dlio_benchmark/src/utils/statscounter.py:155]
[INFO] 2023-05-20T19:23:20.107164 Starting epoch 3: 25 steps expected [/home/ubuntu/storage/dlio_benchmark/src/utils/statscounter.py:128]
[INFO] 2023-05-20T19:23:20.107291 Prefetch size is 0; a default prefetch factor of 2 will be set to Torch DataLoader. [/home/ubuntu/storage/dlio_benchmark/src/reader/torch_data_loader_reader.py:123]
[INFO] 2023-05-20T19:23:20.107418 Starting block 1 [/home/ubuntu/storage/dlio_benchmark/src/utils/statscounter.py:194]
[INFO] 2023-05-20T19:23:22.562506 Rank 0 step 1 processed 4 samples in 2.454998731613159 s [/home/ubuntu/storage/dlio_benchmark/src/utils/statscounter.py:255]
[INFO] 2023-05-20T19:23:23.927154 Rank 0 step 2 processed 4 samples in 1.3641629219055176 s [/home/ubuntu/storage/dlio_benchmark/src/utils/statscounter.py:255]
[INFO] 2023-05-20T19:23:25.289774 Rank 0 step 3 processed 4 samples in 1.3623881340026855 s [/home/ubuntu/storage/dlio_benchmark/src/utils/statscounter.py:255]
[INFO] 2023-05-20T19:23:26.652416 Rank 0 step 4 processed 4 samples in 1.3624296188354492 s [/home/ubuntu/storage/dlio_benchmark/src/utils/statscounter.py:255]
[INFO] 2023-05-20T19:23:28.017386 Rank 0 step 5 processed 4 samples in 1.364741325378418 s [/home/ubuntu/storage/dlio_benchmark/src/utils/statscounter.py:255]
[INFO] 2023-05-20T19:23:29.380433 Rank 0 step 6 processed 4 samples in 1.3628168106079102 s [/home/ubuntu/storage/dlio_benchmark/src/utils/statscounter.py:255]
[INFO] 2023-05-20T19:23:30.743015 Rank 0 step 7 processed 4 samples in 1.3624083995819092 s [/home/ubuntu/storage/dlio_benchmark/src/utils/statscounter.py:255]
[INFO] 2023-05-20T19:23:32.105748 Rank 0 step 8 processed 4 samples in 1.362541913986206 s [/home/ubuntu/storage/dlio_benchmark/src/utils/statscounter.py:255]
[INFO] 2023-05-20T19:23:33.469423 Rank 0 step 9 processed 4 samples in 1.3634843826293945 s [/home/ubuntu/storage/dlio_benchmark/src/utils/statscounter.py:255]
[INFO] 2023-05-20T19:23:34.833177 Rank 0 step 10 processed 4 samples in 1.3634917736053467 s [/home/ubuntu/storage/dlio_benchmark/src/utils/statscounter.py:255]
[INFO] 2023-05-20T19:23:36.196586 Rank 0 step 11 processed 4 samples in 1.3632023334503174 s [/home/ubuntu/storage/dlio_benchmark/src/utils/statscounter.py:255]
[INFO] 2023-05-20T19:23:37.560262 Rank 0 step 12 processed 4 samples in 1.363417625427246 s [/home/ubuntu/storage/dlio_benchmark/src/utils/statscounter.py:255]
[INFO] 2023-05-20T19:23:38.923987 Rank 0 step 13 processed 4 samples in 1.363443374633789 s [/home/ubuntu/storage/dlio_benchmark/src/utils/statscounter.py:255]
[INFO] 2023-05-20T19:23:40.287739 Rank 0 step 14 processed 4 samples in 1.3634889125823975 s [/home/ubuntu/storage/dlio_benchmark/src/utils/statscounter.py:255]
[INFO] 2023-05-20T19:23:41.651452 Rank 0 step 15 processed 4 samples in 1.363457202911377 s [/home/ubuntu/storage/dlio_benchmark/src/utils/statscounter.py:255]
[INFO] 2023-05-20T19:23:43.015085 Rank 0 step 16 processed 4 samples in 1.3633785247802734 s [/home/ubuntu/storage/dlio_benchmark/src/utils/statscounter.py:255]
[INFO] 2023-05-20T19:23:44.378848 Rank 0 step 17 processed 4 samples in 1.3635063171386719 s [/home/ubuntu/storage/dlio_benchmark/src/utils/statscounter.py:255]
[INFO] 2023-05-20T19:23:45.742611 Rank 0 step 18 processed 4 samples in 1.3634934425354004 s [/home/ubuntu/storage/dlio_benchmark/src/utils/statscounter.py:255]
[INFO] 2023-05-20T19:23:47.106062 Rank 0 step 19 processed 4 samples in 1.3632416725158691 s [/home/ubuntu/storage/dlio_benchmark/src/utils/statscounter.py:255]
[INFO] 2023-05-20T19:23:48.468427 Rank 0 step 20 processed 4 samples in 1.3621675968170166 s [/home/ubuntu/storage/dlio_benchmark/src/utils/statscounter.py:255]
[INFO] 2023-05-20T19:23:49.832131 Rank 0 step 21 processed 4 samples in 1.3635213375091553 s [/home/ubuntu/storage/dlio_benchmark/src/utils/statscounter.py:255]
[INFO] 2023-05-20T19:23:51.195758 Rank 0 step 22 processed 4 samples in 1.3634026050567627 s [/home/ubuntu/storage/dlio_benchmark/src/utils/statscounter.py:255]
[INFO] 2023-05-20T19:23:52.559084 Rank 0 step 23 processed 4 samples in 1.3631739616394043 s [/home/ubuntu/storage/dlio_benchmark/src/utils/statscounter.py:255]
[INFO] 2023-05-20T19:23:53.922335 Rank 0 step 24 processed 4 samples in 1.363112211227417 s [/home/ubuntu/storage/dlio_benchmark/src/utils/statscounter.py:255]
[INFO] 2023-05-20T19:23:55.285422 Rank 0 step 25 processed 4 samples in 1.3629570007324219 s [/home/ubuntu/storage/dlio_benchmark/src/utils/statscounter.py:255]
[INFO] 2023-05-20T19:23:55.285595 Maximum number of steps reached [/home/ubuntu/storage/dlio_benchmark/src/dlio_benchmark.py:247]
[INFO] 2023-05-20T19:23:55.285820 Ending block 1 - 25 steps completed in 35.18 s [/home/ubuntu/storage/dlio_benchmark/src/utils/statscounter.py:212]
[INFO] 2023-05-20T19:23:55.286855 Epoch 3 - Block 1 [Training] Accelerator Utilization [AU] (%): 99.7749 [/home/ubuntu/storage/dlio_benchmark/src/utils/statscounter.py:215]
[INFO] 2023-05-20T19:23:55.286932 Epoch 3 - Block 1 [Training] Throughput (samples/second): 2.8427 [/home/ubuntu/storage/dlio_benchmark/src/utils/statscounter.py:216]
[INFO] 2023-05-20T19:23:55.297116 Ending epoch 3 - 25 steps completed in 35.19 s [/home/ubuntu/storage/dlio_benchmark/src/utils/statscounter.py:155]
[INFO] 2023-05-20T19:23:55.297500 Starting epoch 4: 25 steps expected [/home/ubuntu/storage/dlio_benchmark/src/utils/statscounter.py:128]
[INFO] 2023-05-20T19:23:55.297640 Prefetch size is 0; a default prefetch factor of 2 will be set to Torch DataLoader. [/home/ubuntu/storage/dlio_benchmark/src/reader/torch_data_loader_reader.py:123]
[INFO] 2023-05-20T19:23:55.297778 Starting block 1 [/home/ubuntu/storage/dlio_benchmark/src/utils/statscounter.py:194]
[INFO] 2023-05-20T19:23:57.844122 Rank 0 step 1 processed 4 samples in 2.5462801456451416 s [/home/ubuntu/storage/dlio_benchmark/src/utils/statscounter.py:255]
[INFO] 2023-05-20T19:23:59.206914 Rank 0 step 2 processed 4 samples in 1.3624284267425537 s [/home/ubuntu/storage/dlio_benchmark/src/utils/statscounter.py:255]
[INFO] 2023-05-20T19:24:00.569426 Rank 0 step 3 processed 4 samples in 1.3623461723327637 s [/home/ubuntu/storage/dlio_benchmark/src/utils/statscounter.py:255]
[INFO] 2023-05-20T19:24:01.931950 Rank 0 step 4 processed 4 samples in 1.3623521327972412 s [/home/ubuntu/storage/dlio_benchmark/src/utils/statscounter.py:255]
[INFO] 2023-05-20T19:24:03.296201 Rank 0 step 5 processed 4 samples in 1.3640766143798828 s [/home/ubuntu/storage/dlio_benchmark/src/utils/statscounter.py:255]
[INFO] 2023-05-20T19:24:04.660062 Rank 0 step 6 processed 4 samples in 1.3636503219604492 s [/home/ubuntu/storage/dlio_benchmark/src/utils/statscounter.py:255]
[INFO] 2023-05-20T19:24:06.023762 Rank 0 step 7 processed 4 samples in 1.3635172843933105 s [/home/ubuntu/storage/dlio_benchmark/src/utils/statscounter.py:255]
[INFO] 2023-05-20T19:24:07.386416 Rank 0 step 8 processed 4 samples in 1.3624694347381592 s [/home/ubuntu/storage/dlio_benchmark/src/utils/statscounter.py:255]
[INFO] 2023-05-20T19:24:08.750345 Rank 0 step 9 processed 4 samples in 1.3637669086456299 s [/home/ubuntu/storage/dlio_benchmark/src/utils/statscounter.py:255]
[INFO] 2023-05-20T19:24:10.113969 Rank 0 step 10 processed 4 samples in 1.363433837890625 s [/home/ubuntu/storage/dlio_benchmark/src/utils/statscounter.py:255]
[INFO] 2023-05-20T19:24:11.477649 Rank 0 step 11 processed 4 samples in 1.3634836673736572 s [/home/ubuntu/storage/dlio_benchmark/src/utils/statscounter.py:255]
[INFO] 2023-05-20T19:24:12.841223 Rank 0 step 12 processed 4 samples in 1.3633928298950195 s [/home/ubuntu/storage/dlio_benchmark/src/utils/statscounter.py:255]
[INFO] 2023-05-20T19:24:14.204687 Rank 0 step 13 processed 4 samples in 1.3632988929748535 s [/home/ubuntu/storage/dlio_benchmark/src/utils/statscounter.py:255]
[INFO] 2023-05-20T19:24:15.568261 Rank 0 step 14 processed 4 samples in 1.3634099960327148 s [/home/ubuntu/storage/dlio_benchmark/src/utils/statscounter.py:255]
[INFO] 2023-05-20T19:24:16.931985 Rank 0 step 15 processed 4 samples in 1.3635172843933105 s [/home/ubuntu/storage/dlio_benchmark/src/utils/statscounter.py:255]
[INFO] 2023-05-20T19:24:18.295583 Rank 0 step 16 processed 4 samples in 1.3633923530578613 s [/home/ubuntu/storage/dlio_benchmark/src/utils/statscounter.py:255]
[INFO] 2023-05-20T19:24:19.659230 Rank 0 step 17 processed 4 samples in 1.3634603023529053 s [/home/ubuntu/storage/dlio_benchmark/src/utils/statscounter.py:255]
[INFO] 2023-05-20T19:24:21.022725 Rank 0 step 18 processed 4 samples in 1.3633244037628174 s [/home/ubuntu/storage/dlio_benchmark/src/utils/statscounter.py:255]
[INFO] 2023-05-20T19:24:22.386367 Rank 0 step 19 processed 4 samples in 1.3634533882141113 s [/home/ubuntu/storage/dlio_benchmark/src/utils/statscounter.py:255]
[INFO] 2023-05-20T19:24:23.749873 Rank 0 step 20 processed 4 samples in 1.3633148670196533 s [/home/ubuntu/storage/dlio_benchmark/src/utils/statscounter.py:255]
[INFO] 2023-05-20T19:24:25.113482 Rank 0 step 21 processed 4 samples in 1.3634264469146729 s [/home/ubuntu/storage/dlio_benchmark/src/utils/statscounter.py:255]
[INFO] 2023-05-20T19:24:26.477081 Rank 0 step 22 processed 4 samples in 1.3633899688720703 s [/home/ubuntu/storage/dlio_benchmark/src/utils/statscounter.py:255]
[INFO] 2023-05-20T19:24:27.840475 Rank 0 step 23 processed 4 samples in 1.3632080554962158 s [/home/ubuntu/storage/dlio_benchmark/src/utils/statscounter.py:255]
[INFO] 2023-05-20T19:24:29.203531 Rank 0 step 24 processed 4 samples in 1.362914800643921 s [/home/ubuntu/storage/dlio_benchmark/src/utils/statscounter.py:255]
[INFO] 2023-05-20T19:24:30.566654 Rank 0 step 25 processed 4 samples in 1.3629834651947021 s [/home/ubuntu/storage/dlio_benchmark/src/utils/statscounter.py:255]
[INFO] 2023-05-20T19:24:30.566765 Maximum number of steps reached [/home/ubuntu/storage/dlio_benchmark/src/dlio_benchmark.py:247]
[INFO] 2023-05-20T19:24:30.566971 Ending block 1 - 25 steps completed in 35.27 s [/home/ubuntu/storage/dlio_benchmark/src/utils/statscounter.py:212]
[INFO] 2023-05-20T19:24:30.567971 Epoch 4 - Block 1 [Training] Accelerator Utilization [AU] (%): 99.7764 [/home/ubuntu/storage/dlio_benchmark/src/utils/statscounter.py:215]
[INFO] 2023-05-20T19:24:30.568047 Epoch 4 - Block 1 [Training] Throughput (samples/second): 2.8353 [/home/ubuntu/storage/dlio_benchmark/src/utils/statscounter.py:216]
[INFO] 2023-05-20T19:24:30.577930 Ending epoch 4 - 25 steps completed in 35.28 s [/home/ubuntu/storage/dlio_benchmark/src/utils/statscounter.py:155]
[INFO] 2023-05-20T19:24:30.578338 Starting epoch 5: 25 steps expected [/home/ubuntu/storage/dlio_benchmark/src/utils/statscounter.py:128]
[INFO] 2023-05-20T19:24:30.578480 Prefetch size is 0; a default prefetch factor of 2 will be set to Torch DataLoader. [/home/ubuntu/storage/dlio_benchmark/src/reader/torch_data_loader_reader.py:123]
[INFO] 2023-05-20T19:24:30.578612 Starting block 1 [/home/ubuntu/storage/dlio_benchmark/src/utils/statscounter.py:194]
[INFO] 2023-05-20T19:24:33.103930 Rank 0 step 1 processed 4 samples in 2.5252468585968018 s [/home/ubuntu/storage/dlio_benchmark/src/utils/statscounter.py:255]
[INFO] 2023-05-20T19:24:34.468518 Rank 0 step 2 processed 4 samples in 1.3639886379241943 s [/home/ubuntu/storage/dlio_benchmark/src/utils/statscounter.py:255]
[INFO] 2023-05-20T19:24:35.831486 Rank 0 step 3 processed 4 samples in 1.3626396656036377 s [/home/ubuntu/storage/dlio_benchmark/src/utils/statscounter.py:255]
[INFO] 2023-05-20T19:24:37.195153 Rank 0 step 4 processed 4 samples in 1.3634347915649414 s [/home/ubuntu/storage/dlio_benchmark/src/utils/statscounter.py:255]
[INFO] 2023-05-20T19:24:38.559023 Rank 0 step 5 processed 4 samples in 1.3637053966522217 s [/home/ubuntu/storage/dlio_benchmark/src/utils/statscounter.py:255]
[INFO] 2023-05-20T19:24:39.923089 Rank 0 step 6 processed 4 samples in 1.3638441562652588 s [/home/ubuntu/storage/dlio_benchmark/src/utils/statscounter.py:255]
[INFO] 2023-05-20T19:24:41.285944 Rank 0 step 7 processed 4 samples in 1.3626704216003418 s [/home/ubuntu/storage/dlio_benchmark/src/utils/statscounter.py:255]
[INFO] 2023-05-20T19:24:42.649374 Rank 0 step 8 processed 4 samples in 1.3632850646972656 s [/home/ubuntu/storage/dlio_benchmark/src/utils/statscounter.py:255]
[INFO] 2023-05-20T19:24:44.012937 Rank 0 step 9 processed 4 samples in 1.3633832931518555 s [/home/ubuntu/storage/dlio_benchmark/src/utils/statscounter.py:255]
[INFO] 2023-05-20T19:24:45.376765 Rank 0 step 10 processed 4 samples in 1.3635432720184326 s [/home/ubuntu/storage/dlio_benchmark/src/utils/statscounter.py:255]
[INFO] 2023-05-20T19:24:46.740104 Rank 0 step 11 processed 4 samples in 1.363159418106079 s [/home/ubuntu/storage/dlio_benchmark/src/utils/statscounter.py:255]
[INFO] 2023-05-20T19:24:48.103580 Rank 0 step 12 processed 4 samples in 1.363290786743164 s [/home/ubuntu/storage/dlio_benchmark/src/utils/statscounter.py:255]
[INFO] 2023-05-20T19:24:49.467186 Rank 0 step 13 processed 4 samples in 1.3633649349212646 s [/home/ubuntu/storage/dlio_benchmark/src/utils/statscounter.py:255]
[INFO] 2023-05-20T19:24:50.830914 Rank 0 step 14 processed 4 samples in 1.3634748458862305 s [/home/ubuntu/storage/dlio_benchmark/src/utils/statscounter.py:255]
[INFO] 2023-05-20T19:24:52.194384 Rank 0 step 15 processed 4 samples in 1.3632729053497314 s [/home/ubuntu/storage/dlio_benchmark/src/utils/statscounter.py:255]
[INFO] 2023-05-20T19:24:53.557723 Rank 0 step 16 processed 4 samples in 1.3631503582000732 s [/home/ubuntu/storage/dlio_benchmark/src/utils/statscounter.py:255]
[INFO] 2023-05-20T19:24:54.921394 Rank 0 step 17 processed 4 samples in 1.3634157180786133 s [/home/ubuntu/storage/dlio_benchmark/src/utils/statscounter.py:255]
[INFO] 2023-05-20T19:24:56.285148 Rank 0 step 18 processed 4 samples in 1.3635051250457764 s [/home/ubuntu/storage/dlio_benchmark/src/utils/statscounter.py:255]
[INFO] 2023-05-20T19:24:57.648498 Rank 0 step 19 processed 4 samples in 1.3631689548492432 s [/home/ubuntu/storage/dlio_benchmark/src/utils/statscounter.py:255]
[INFO] 2023-05-20T19:24:59.011624 Rank 0 step 20 processed 4 samples in 1.363006591796875 s [/home/ubuntu/storage/dlio_benchmark/src/utils/statscounter.py:255]
[INFO] 2023-05-20T19:25:00.375298 Rank 0 step 21 processed 4 samples in 1.3634660243988037 s [/home/ubuntu/storage/dlio_benchmark/src/utils/statscounter.py:255]
[INFO] 2023-05-20T19:25:01.738936 Rank 0 step 22 processed 4 samples in 1.3634319305419922 s [/home/ubuntu/storage/dlio_benchmark/src/utils/statscounter.py:255]
[INFO] 2023-05-20T19:25:03.102433 Rank 0 step 23 processed 4 samples in 1.363313913345337 s [/home/ubuntu/storage/dlio_benchmark/src/utils/statscounter.py:255]
[INFO] 2023-05-20T19:25:04.465532 Rank 0 step 24 processed 4 samples in 1.362966775894165 s [/home/ubuntu/storage/dlio_benchmark/src/utils/statscounter.py:255]
[INFO] 2023-05-20T19:25:05.828978 Rank 0 step 25 processed 4 samples in 1.363290548324585 s [/home/ubuntu/storage/dlio_benchmark/src/utils/statscounter.py:255]
[INFO] 2023-05-20T19:25:05.829107 Maximum number of steps reached [/home/ubuntu/storage/dlio_benchmark/src/dlio_benchmark.py:247]
[INFO] 2023-05-20T19:25:05.829320 Ending block 1 - 25 steps completed in 35.25 s [/home/ubuntu/storage/dlio_benchmark/src/utils/statscounter.py:212]
[INFO] 2023-05-20T19:25:05.830350 Epoch 5 - Block 1 [Training] Accelerator Utilization [AU] (%): 99.7687 [/home/ubuntu/storage/dlio_benchmark/src/utils/statscounter.py:215]
[INFO] 2023-05-20T19:25:05.830428 Epoch 5 - Block 1 [Training] Throughput (samples/second): 2.8368 [/home/ubuntu/storage/dlio_benchmark/src/utils/statscounter.py:216]
[INFO] 2023-05-20T19:25:05.840531 Starting checkpoint 1 after total step 25 for epoch 5 [/home/ubuntu/storage/dlio_benchmark/src/utils/statscounter.py:221]
[INFO] 2023-05-20T19:25:07.111961 Ending checkpoint 1 for epoch 5 [/home/ubuntu/storage/dlio_benchmark/src/utils/statscounter.py:231]
[INFO] 2023-05-20T19:25:07.112775 Ending epoch 5 - 25 steps completed in 36.53 s [/home/ubuntu/storage/dlio_benchmark/src/utils/statscounter.py:155]
[INFO] 2023-05-20T19:25:07.113607 Saved outputs in /home/ubuntu/storage/results/unet3d/2023-05-20-19-22-08 [/home/ubuntu/storage/dlio_benchmark/src/utils/statscounter.py:108]
[INFO] Averaged metric over all epochs
[METRIC] ==========================================================
[METRIC] Training Accelerator Utilization [AU] (%): 99.7635 (0.0156)
[METRIC] Training Throughput (samples/second): 2.8313 (0.0103)
[METRIC] Training I/O Throughput (MB/second): 633.3397 (2.2955)
[METRIC] train_au_meet_expectation: success
[METRIC] ==========================================================
 [/home/ubuntu/storage/dlio_benchmark/src/utils/statscounter.py:121]
[INFO] 2023-05-20T19:25:07.114781 Rank 0 wrote json output [/home/ubuntu/storage/dlio_benchmark/src/utils/statscounter.py:301]
