[INFO] 2023-05-20T19:14:50.340548 Running DLIO with 1 process(es) [/home/ubuntu/storage/dlio_benchmark/src/dlio_benchmark.py:104]
[INFO] 2023-05-20T19:14:50.340674 Reading workload YAML config file '/home/ubuntu/storage/storage-conf/workload/unet3d.yaml' [/home/ubuntu/storage/dlio_benchmark/src/dlio_benchmark.py:106]
[WARNING] Number of files in data/unet3d/train (200) is more than requested (100). A subset of files will be used  [/home/ubuntu/storage/dlio_benchmark/src/reader/reader_handler.py:96]
[INFO] 2023-05-20T19:14:50.402664 Max steps per epoch: 25 = 1 * 100 / 4 / 1 (samples per file * num files / batch size / comm size) [/home/ubuntu/storage/dlio_benchmark/src/dlio_benchmark.py:274]
[INFO] 2023-05-20T19:14:50.402725 Starting epoch 1: 25 steps expected [/home/ubuntu/storage/dlio_benchmark/src/utils/statscounter.py:128]
[INFO] 2023-05-20T19:14:50.402854 Prefetch size is 0; a default prefetch factor of 2 will be set to Torch DataLoader. [/home/ubuntu/storage/dlio_benchmark/src/reader/torch_data_loader_reader.py:123]
[INFO] 2023-05-20T19:14:50.403026 Starting block 1 [/home/ubuntu/storage/dlio_benchmark/src/utils/statscounter.py:194]
[INFO] 2023-05-20T19:14:53.291432 Rank 0 step 1 processed 4 samples in 2.8883495330810547 s [/home/ubuntu/storage/dlio_benchmark/src/utils/statscounter.py:255]
[INFO] 2023-05-20T19:14:54.654277 Rank 0 step 2 processed 4 samples in 1.3624823093414307 s [/home/ubuntu/storage/dlio_benchmark/src/utils/statscounter.py:255]
[INFO] 2023-05-20T19:14:56.016797 Rank 0 step 3 processed 4 samples in 1.3623623847961426 s [/home/ubuntu/storage/dlio_benchmark/src/utils/statscounter.py:255]
[INFO] 2023-05-20T19:14:57.379415 Rank 0 step 4 processed 4 samples in 1.3624627590179443 s [/home/ubuntu/storage/dlio_benchmark/src/utils/statscounter.py:255]
[INFO] 2023-05-20T19:14:58.745480 Rank 0 step 5 processed 4 samples in 1.3658638000488281 s [/home/ubuntu/storage/dlio_benchmark/src/utils/statscounter.py:255]
[INFO] 2023-05-20T19:15:00.108149 Rank 0 step 6 processed 4 samples in 1.362483263015747 s [/home/ubuntu/storage/dlio_benchmark/src/utils/statscounter.py:255]
[INFO] 2023-05-20T19:15:01.470859 Rank 0 step 7 processed 4 samples in 1.3624591827392578 s [/home/ubuntu/storage/dlio_benchmark/src/utils/statscounter.py:255]
[INFO] 2023-05-20T19:15:02.833567 Rank 0 step 8 processed 4 samples in 1.3624517917633057 s [/home/ubuntu/storage/dlio_benchmark/src/utils/statscounter.py:255]
[INFO] 2023-05-20T19:15:04.197114 Rank 0 step 9 processed 4 samples in 1.363327980041504 s [/home/ubuntu/storage/dlio_benchmark/src/utils/statscounter.py:255]
[INFO] 2023-05-20T19:15:05.560872 Rank 0 step 10 processed 4 samples in 1.3635103702545166 s [/home/ubuntu/storage/dlio_benchmark/src/utils/statscounter.py:255]
[INFO] 2023-05-20T19:15:06.924512 Rank 0 step 11 processed 4 samples in 1.3633947372436523 s [/home/ubuntu/storage/dlio_benchmark/src/utils/statscounter.py:255]
[INFO] 2023-05-20T19:15:08.288124 Rank 0 step 12 processed 4 samples in 1.3633689880371094 s [/home/ubuntu/storage/dlio_benchmark/src/utils/statscounter.py:255]
[INFO] 2023-05-20T19:15:09.651681 Rank 0 step 13 processed 4 samples in 1.3633415699005127 s [/home/ubuntu/storage/dlio_benchmark/src/utils/statscounter.py:255]
[INFO] 2023-05-20T19:15:11.015368 Rank 0 step 14 processed 4 samples in 1.363431453704834 s [/home/ubuntu/storage/dlio_benchmark/src/utils/statscounter.py:255]
[INFO] 2023-05-20T19:15:12.379085 Rank 0 step 15 processed 4 samples in 1.3634703159332275 s [/home/ubuntu/storage/dlio_benchmark/src/utils/statscounter.py:255]
[INFO] 2023-05-20T19:15:13.742780 Rank 0 step 16 processed 4 samples in 1.3634560108184814 s [/home/ubuntu/storage/dlio_benchmark/src/utils/statscounter.py:255]
[INFO] 2023-05-20T19:15:15.106264 Rank 0 step 17 processed 4 samples in 1.3632748126983643 s [/home/ubuntu/storage/dlio_benchmark/src/utils/statscounter.py:255]
[INFO] 2023-05-20T19:15:16.469784 Rank 0 step 18 processed 4 samples in 1.3632886409759521 s [/home/ubuntu/storage/dlio_benchmark/src/utils/statscounter.py:255]
[INFO] 2023-05-20T19:15:17.833407 Rank 0 step 19 processed 4 samples in 1.363354206085205 s [/home/ubuntu/storage/dlio_benchmark/src/utils/statscounter.py:255]
[INFO] 2023-05-20T19:15:19.197102 Rank 0 step 20 processed 4 samples in 1.363433599472046 s [/home/ubuntu/storage/dlio_benchmark/src/utils/statscounter.py:255]
[INFO] 2023-05-20T19:15:20.560546 Rank 0 step 21 processed 4 samples in 1.3632404804229736 s [/home/ubuntu/storage/dlio_benchmark/src/utils/statscounter.py:255]
[INFO] 2023-05-20T19:15:21.924221 Rank 0 step 22 processed 4 samples in 1.3634541034698486 s [/home/ubuntu/storage/dlio_benchmark/src/utils/statscounter.py:255]
[INFO] 2023-05-20T19:15:23.287470 Rank 0 step 23 processed 4 samples in 1.3630621433258057 s [/home/ubuntu/storage/dlio_benchmark/src/utils/statscounter.py:255]
[INFO] 2023-05-20T19:15:24.650771 Rank 0 step 24 processed 4 samples in 1.3631863594055176 s [/home/ubuntu/storage/dlio_benchmark/src/utils/statscounter.py:255]
[INFO] 2023-05-20T19:15:26.013964 Rank 0 step 25 processed 4 samples in 1.3630304336547852 s [/home/ubuntu/storage/dlio_benchmark/src/utils/statscounter.py:255]
[INFO] 2023-05-20T19:15:26.014081 Maximum number of steps reached [/home/ubuntu/storage/dlio_benchmark/src/dlio_benchmark.py:247]
[INFO] 2023-05-20T19:15:26.014318 Ending block 1 - 25 steps completed in 35.61 s [/home/ubuntu/storage/dlio_benchmark/src/utils/statscounter.py:212]
[INFO] 2023-05-20T19:15:26.015789 Epoch 1 - Block 1 [Training] Accelerator Utilization [AU] (%): 99.7764 [/home/ubuntu/storage/dlio_benchmark/src/utils/statscounter.py:215]
[INFO] 2023-05-20T19:15:26.015885 Epoch 1 - Block 1 [Training] Throughput (samples/second): 2.8081 [/home/ubuntu/storage/dlio_benchmark/src/utils/statscounter.py:216]
[INFO] 2023-05-20T19:15:26.026413 Ending epoch 1 - 25 steps completed in 35.62 s [/home/ubuntu/storage/dlio_benchmark/src/utils/statscounter.py:155]
[INFO] 2023-05-20T19:15:26.026797 Starting epoch 2: 25 steps expected [/home/ubuntu/storage/dlio_benchmark/src/utils/statscounter.py:128]
[INFO] 2023-05-20T19:15:26.026935 Prefetch size is 0; a default prefetch factor of 2 will be set to Torch DataLoader. [/home/ubuntu/storage/dlio_benchmark/src/reader/torch_data_loader_reader.py:123]
[INFO] 2023-05-20T19:15:26.027073 Starting block 1 [/home/ubuntu/storage/dlio_benchmark/src/utils/statscounter.py:194]
[INFO] 2023-05-20T19:15:28.598258 Rank 0 step 1 processed 4 samples in 2.5711262226104736 s [/home/ubuntu/storage/dlio_benchmark/src/utils/statscounter.py:255]
[INFO] 2023-05-20T19:15:29.961119 Rank 0 step 2 processed 4 samples in 1.3625144958496094 s [/home/ubuntu/storage/dlio_benchmark/src/utils/statscounter.py:255]
[INFO] 2023-05-20T19:15:31.326291 Rank 0 step 3 processed 4 samples in 1.3649566173553467 s [/home/ubuntu/storage/dlio_benchmark/src/utils/statscounter.py:255]
[INFO] 2023-05-20T19:15:32.688625 Rank 0 step 4 processed 4 samples in 1.3619906902313232 s [/home/ubuntu/storage/dlio_benchmark/src/utils/statscounter.py:255]
[INFO] 2023-05-20T19:15:34.054232 Rank 0 step 5 processed 4 samples in 1.3653202056884766 s [/home/ubuntu/storage/dlio_benchmark/src/utils/statscounter.py:255]
[INFO] 2023-05-20T19:15:35.417200 Rank 0 step 6 processed 4 samples in 1.3627142906188965 s [/home/ubuntu/storage/dlio_benchmark/src/utils/statscounter.py:255]
[INFO] 2023-05-20T19:15:36.781245 Rank 0 step 7 processed 4 samples in 1.3638279438018799 s [/home/ubuntu/storage/dlio_benchmark/src/utils/statscounter.py:255]
[INFO] 2023-05-20T19:15:38.145092 Rank 0 step 8 processed 4 samples in 1.3636527061462402 s [/home/ubuntu/storage/dlio_benchmark/src/utils/statscounter.py:255]
[INFO] 2023-05-20T19:15:39.509137 Rank 0 step 9 processed 4 samples in 1.363741397857666 s [/home/ubuntu/storage/dlio_benchmark/src/utils/statscounter.py:255]
[INFO] 2023-05-20T19:15:40.874685 Rank 0 step 10 processed 4 samples in 1.3652875423431396 s [/home/ubuntu/storage/dlio_benchmark/src/utils/statscounter.py:255]
[INFO] 2023-05-20T19:15:42.238705 Rank 0 step 11 processed 4 samples in 1.3637406826019287 s [/home/ubuntu/storage/dlio_benchmark/src/utils/statscounter.py:255]
[INFO] 2023-05-20T19:15:43.602576 Rank 0 step 12 processed 4 samples in 1.363584280014038 s [/home/ubuntu/storage/dlio_benchmark/src/utils/statscounter.py:255]
[INFO] 2023-05-20T19:15:44.966297 Rank 0 step 13 processed 4 samples in 1.3634490966796875 s [/home/ubuntu/storage/dlio_benchmark/src/utils/statscounter.py:255]
[INFO] 2023-05-20T19:15:46.330131 Rank 0 step 14 processed 4 samples in 1.3635969161987305 s [/home/ubuntu/storage/dlio_benchmark/src/utils/statscounter.py:255]
[INFO] 2023-05-20T19:15:47.693953 Rank 0 step 15 processed 4 samples in 1.3635931015014648 s [/home/ubuntu/storage/dlio_benchmark/src/utils/statscounter.py:255]
[INFO] 2023-05-20T19:15:49.057935 Rank 0 step 16 processed 4 samples in 1.3637361526489258 s [/home/ubuntu/storage/dlio_benchmark/src/utils/statscounter.py:255]
[INFO] 2023-05-20T19:15:50.421473 Rank 0 step 17 processed 4 samples in 1.3633334636688232 s [/home/ubuntu/storage/dlio_benchmark/src/utils/statscounter.py:255]
[INFO] 2023-05-20T19:15:51.785428 Rank 0 step 18 processed 4 samples in 1.3637354373931885 s [/home/ubuntu/storage/dlio_benchmark/src/utils/statscounter.py:255]
[INFO] 2023-05-20T19:15:53.149529 Rank 0 step 19 processed 4 samples in 1.3638713359832764 s [/home/ubuntu/storage/dlio_benchmark/src/utils/statscounter.py:255]
[INFO] 2023-05-20T19:15:54.513648 Rank 0 step 20 processed 4 samples in 1.3638126850128174 s [/home/ubuntu/storage/dlio_benchmark/src/utils/statscounter.py:255]
[INFO] 2023-05-20T19:15:55.876430 Rank 0 step 21 processed 4 samples in 1.3624904155731201 s [/home/ubuntu/storage/dlio_benchmark/src/utils/statscounter.py:255]
[INFO] 2023-05-20T19:15:57.239993 Rank 0 step 22 processed 4 samples in 1.36336088180542 s [/home/ubuntu/storage/dlio_benchmark/src/utils/statscounter.py:255]
[INFO] 2023-05-20T19:15:58.603554 Rank 0 step 23 processed 4 samples in 1.3634004592895508 s [/home/ubuntu/storage/dlio_benchmark/src/utils/statscounter.py:255]
[INFO] 2023-05-20T19:15:59.966746 Rank 0 step 24 processed 4 samples in 1.3630709648132324 s [/home/ubuntu/storage/dlio_benchmark/src/utils/statscounter.py:255]
[INFO] 2023-05-20T19:16:01.329822 Rank 0 step 25 processed 4 samples in 1.362971305847168 s [/home/ubuntu/storage/dlio_benchmark/src/utils/statscounter.py:255]
[INFO] 2023-05-20T19:16:01.329978 Maximum number of steps reached [/home/ubuntu/storage/dlio_benchmark/src/dlio_benchmark.py:247]
[INFO] 2023-05-20T19:16:01.330236 Ending block 1 - 25 steps completed in 35.30 s [/home/ubuntu/storage/dlio_benchmark/src/utils/statscounter.py:212]
[INFO] 2023-05-20T19:16:01.331311 Epoch 2 - Block 1 [Training] Accelerator Utilization [AU] (%): 99.7486 [/home/ubuntu/storage/dlio_benchmark/src/utils/statscounter.py:215]
[INFO] 2023-05-20T19:16:01.331439 Epoch 2 - Block 1 [Training] Throughput (samples/second): 2.8326 [/home/ubuntu/storage/dlio_benchmark/src/utils/statscounter.py:216]
[INFO] 2023-05-20T19:16:01.345033 Ending epoch 2 - 25 steps completed in 35.32 s [/home/ubuntu/storage/dlio_benchmark/src/utils/statscounter.py:155]
[INFO] 2023-05-20T19:16:01.345474 Starting epoch 3: 25 steps expected [/home/ubuntu/storage/dlio_benchmark/src/utils/statscounter.py:128]
[INFO] 2023-05-20T19:16:01.345655 Prefetch size is 0; a default prefetch factor of 2 will be set to Torch DataLoader. [/home/ubuntu/storage/dlio_benchmark/src/reader/torch_data_loader_reader.py:123]
[INFO] 2023-05-20T19:16:01.345829 Starting block 1 [/home/ubuntu/storage/dlio_benchmark/src/utils/statscounter.py:194]
[INFO] 2023-05-20T19:16:03.862132 Rank 0 step 1 processed 4 samples in 2.5161972045898438 s [/home/ubuntu/storage/dlio_benchmark/src/utils/statscounter.py:255]
[INFO] 2023-05-20T19:16:05.226042 Rank 0 step 2 processed 4 samples in 1.3635456562042236 s [/home/ubuntu/storage/dlio_benchmark/src/utils/statscounter.py:255]
[INFO] 2023-05-20T19:16:06.588584 Rank 0 step 3 processed 4 samples in 1.3623840808868408 s [/home/ubuntu/storage/dlio_benchmark/src/utils/statscounter.py:255]
[INFO] 2023-05-20T19:16:07.951028 Rank 0 step 4 processed 4 samples in 1.3622794151306152 s [/home/ubuntu/storage/dlio_benchmark/src/utils/statscounter.py:255]
[INFO] 2023-05-20T19:16:09.316173 Rank 0 step 5 processed 4 samples in 1.3649346828460693 s [/home/ubuntu/storage/dlio_benchmark/src/utils/statscounter.py:255]
[INFO] 2023-05-20T19:16:10.680108 Rank 0 step 6 processed 4 samples in 1.3636624813079834 s [/home/ubuntu/storage/dlio_benchmark/src/utils/statscounter.py:255]
[INFO] 2023-05-20T19:16:12.042945 Rank 0 step 7 processed 4 samples in 1.3626508712768555 s [/home/ubuntu/storage/dlio_benchmark/src/utils/statscounter.py:255]
[INFO] 2023-05-20T19:16:13.405453 Rank 0 step 8 processed 4 samples in 1.362335205078125 s [/home/ubuntu/storage/dlio_benchmark/src/utils/statscounter.py:255]
[INFO] 2023-05-20T19:16:14.769808 Rank 0 step 9 processed 4 samples in 1.3641705513000488 s [/home/ubuntu/storage/dlio_benchmark/src/utils/statscounter.py:255]
[INFO] 2023-05-20T19:16:16.132362 Rank 0 step 10 processed 4 samples in 1.3623888492584229 s [/home/ubuntu/storage/dlio_benchmark/src/utils/statscounter.py:255]
[INFO] 2023-05-20T19:16:17.496482 Rank 0 step 11 processed 4 samples in 1.3638575077056885 s [/home/ubuntu/storage/dlio_benchmark/src/utils/statscounter.py:255]
[INFO] 2023-05-20T19:16:18.860834 Rank 0 step 12 processed 4 samples in 1.3639371395111084 s [/home/ubuntu/storage/dlio_benchmark/src/utils/statscounter.py:255]
[INFO] 2023-05-20T19:16:20.224726 Rank 0 step 13 processed 4 samples in 1.363663911819458 s [/home/ubuntu/storage/dlio_benchmark/src/utils/statscounter.py:255]
[INFO] 2023-05-20T19:16:21.588453 Rank 0 step 14 processed 4 samples in 1.3634631633758545 s [/home/ubuntu/storage/dlio_benchmark/src/utils/statscounter.py:255]
[INFO] 2023-05-20T19:16:22.952488 Rank 0 step 15 processed 4 samples in 1.3637759685516357 s [/home/ubuntu/storage/dlio_benchmark/src/utils/statscounter.py:255]
[INFO] 2023-05-20T19:16:24.316403 Rank 0 step 16 processed 4 samples in 1.3636798858642578 s [/home/ubuntu/storage/dlio_benchmark/src/utils/statscounter.py:255]
[INFO] 2023-05-20T19:16:25.680206 Rank 0 step 17 processed 4 samples in 1.3635931015014648 s [/home/ubuntu/storage/dlio_benchmark/src/utils/statscounter.py:255]
[INFO] 2023-05-20T19:16:27.044216 Rank 0 step 18 processed 4 samples in 1.3637821674346924 s [/home/ubuntu/storage/dlio_benchmark/src/utils/statscounter.py:255]
[INFO] 2023-05-20T19:16:28.408044 Rank 0 step 19 processed 4 samples in 1.3635766506195068 s [/home/ubuntu/storage/dlio_benchmark/src/utils/statscounter.py:255]
[INFO] 2023-05-20T19:16:29.771712 Rank 0 step 20 processed 4 samples in 1.3634917736053467 s [/home/ubuntu/storage/dlio_benchmark/src/utils/statscounter.py:255]
[INFO] 2023-05-20T19:16:31.135550 Rank 0 step 21 processed 4 samples in 1.3636577129364014 s [/home/ubuntu/storage/dlio_benchmark/src/utils/statscounter.py:255]
[INFO] 2023-05-20T19:16:32.499153 Rank 0 step 22 processed 4 samples in 1.3633887767791748 s [/home/ubuntu/storage/dlio_benchmark/src/utils/statscounter.py:255]
[INFO] 2023-05-20T19:16:33.862622 Rank 0 step 23 processed 4 samples in 1.3632917404174805 s [/home/ubuntu/storage/dlio_benchmark/src/utils/statscounter.py:255]
[INFO] 2023-05-20T19:16:35.226586 Rank 0 step 24 processed 4 samples in 1.3638050556182861 s [/home/ubuntu/storage/dlio_benchmark/src/utils/statscounter.py:255]
[INFO] 2023-05-20T19:16:36.590649 Rank 0 step 25 processed 4 samples in 1.363776445388794 s [/home/ubuntu/storage/dlio_benchmark/src/utils/statscounter.py:255]
[INFO] 2023-05-20T19:16:36.590933 Maximum number of steps reached [/home/ubuntu/storage/dlio_benchmark/src/dlio_benchmark.py:247]
[INFO] 2023-05-20T19:16:36.591200 Ending block 1 - 25 steps completed in 35.25 s [/home/ubuntu/storage/dlio_benchmark/src/utils/statscounter.py:212]
[INFO] 2023-05-20T19:16:36.592460 Epoch 3 - Block 1 [Training] Accelerator Utilization [AU] (%): 99.7575 [/home/ubuntu/storage/dlio_benchmark/src/utils/statscounter.py:215]
[INFO] 2023-05-20T19:16:36.592547 Epoch 3 - Block 1 [Training] Throughput (samples/second): 2.8373 [/home/ubuntu/storage/dlio_benchmark/src/utils/statscounter.py:216]
[INFO] 2023-05-20T19:16:36.607236 Ending epoch 3 - 25 steps completed in 35.26 s [/home/ubuntu/storage/dlio_benchmark/src/utils/statscounter.py:155]
[INFO] 2023-05-20T19:16:36.607743 Starting epoch 4: 25 steps expected [/home/ubuntu/storage/dlio_benchmark/src/utils/statscounter.py:128]
[INFO] 2023-05-20T19:16:36.607904 Prefetch size is 0; a default prefetch factor of 2 will be set to Torch DataLoader. [/home/ubuntu/storage/dlio_benchmark/src/reader/torch_data_loader_reader.py:123]
[INFO] 2023-05-20T19:16:36.608050 Starting block 1 [/home/ubuntu/storage/dlio_benchmark/src/utils/statscounter.py:194]
[INFO] 2023-05-20T19:16:39.151314 Rank 0 step 1 processed 4 samples in 2.543198347091675 s [/home/ubuntu/storage/dlio_benchmark/src/utils/statscounter.py:255]
[INFO] 2023-05-20T19:16:40.514290 Rank 0 step 2 processed 4 samples in 1.3625762462615967 s [/home/ubuntu/storage/dlio_benchmark/src/utils/statscounter.py:255]
[INFO] 2023-05-20T19:16:41.876937 Rank 0 step 3 processed 4 samples in 1.3624651432037354 s [/home/ubuntu/storage/dlio_benchmark/src/utils/statscounter.py:255]
[INFO] 2023-05-20T19:16:43.239659 Rank 0 step 4 processed 4 samples in 1.36250901222229 s [/home/ubuntu/storage/dlio_benchmark/src/utils/statscounter.py:255]
[INFO] 2023-05-20T19:16:44.604020 Rank 0 step 5 processed 4 samples in 1.3640823364257812 s [/home/ubuntu/storage/dlio_benchmark/src/utils/statscounter.py:255]
[INFO] 2023-05-20T19:16:45.969334 Rank 0 step 6 processed 4 samples in 1.3650598526000977 s [/home/ubuntu/storage/dlio_benchmark/src/utils/statscounter.py:255]
[INFO] 2023-05-20T19:16:47.333263 Rank 0 step 7 processed 4 samples in 1.3636903762817383 s [/home/ubuntu/storage/dlio_benchmark/src/utils/statscounter.py:255]
[INFO] 2023-05-20T19:16:48.696133 Rank 0 step 8 processed 4 samples in 1.3625531196594238 s [/home/ubuntu/storage/dlio_benchmark/src/utils/statscounter.py:255]
[INFO] 2023-05-20T19:16:50.060483 Rank 0 step 9 processed 4 samples in 1.3640618324279785 s [/home/ubuntu/storage/dlio_benchmark/src/utils/statscounter.py:255]
[INFO] 2023-05-20T19:16:51.424239 Rank 0 step 10 processed 4 samples in 1.363504409790039 s [/home/ubuntu/storage/dlio_benchmark/src/utils/statscounter.py:255]
[INFO] 2023-05-20T19:16:52.787920 Rank 0 step 11 processed 4 samples in 1.3634600639343262 s [/home/ubuntu/storage/dlio_benchmark/src/utils/statscounter.py:255]
[INFO] 2023-05-20T19:16:54.151702 Rank 0 step 12 processed 4 samples in 1.3635599613189697 s [/home/ubuntu/storage/dlio_benchmark/src/utils/statscounter.py:255]
[INFO] 2023-05-20T19:16:55.515183 Rank 0 step 13 processed 4 samples in 1.363288164138794 s [/home/ubuntu/storage/dlio_benchmark/src/utils/statscounter.py:255]
[INFO] 2023-05-20T19:16:56.878969 Rank 0 step 14 processed 4 samples in 1.3635478019714355 s [/home/ubuntu/storage/dlio_benchmark/src/utils/statscounter.py:255]
[INFO] 2023-05-20T19:16:58.242518 Rank 0 step 15 processed 4 samples in 1.3633449077606201 s [/home/ubuntu/storage/dlio_benchmark/src/utils/statscounter.py:255]
[INFO] 2023-05-20T19:16:59.606402 Rank 0 step 16 processed 4 samples in 1.3636353015899658 s [/home/ubuntu/storage/dlio_benchmark/src/utils/statscounter.py:255]
[INFO] 2023-05-20T19:17:00.969887 Rank 0 step 17 processed 4 samples in 1.3632786273956299 s [/home/ubuntu/storage/dlio_benchmark/src/utils/statscounter.py:255]
[INFO] 2023-05-20T19:17:02.333541 Rank 0 step 18 processed 4 samples in 1.3633959293365479 s [/home/ubuntu/storage/dlio_benchmark/src/utils/statscounter.py:255]
[INFO] 2023-05-20T19:17:03.696427 Rank 0 step 19 processed 4 samples in 1.3626608848571777 s [/home/ubuntu/storage/dlio_benchmark/src/utils/statscounter.py:255]
[INFO] 2023-05-20T19:17:05.060442 Rank 0 step 20 processed 4 samples in 1.3638229370117188 s [/home/ubuntu/storage/dlio_benchmark/src/utils/statscounter.py:255]
[INFO] 2023-05-20T19:17:06.423884 Rank 0 step 21 processed 4 samples in 1.3632783889770508 s [/home/ubuntu/storage/dlio_benchmark/src/utils/statscounter.py:255]
[INFO] 2023-05-20T19:17:07.787385 Rank 0 step 22 processed 4 samples in 1.3633089065551758 s [/home/ubuntu/storage/dlio_benchmark/src/utils/statscounter.py:255]
[INFO] 2023-05-20T19:17:09.150913 Rank 0 step 23 processed 4 samples in 1.3633718490600586 s [/home/ubuntu/storage/dlio_benchmark/src/utils/statscounter.py:255]
[INFO] 2023-05-20T19:17:10.514143 Rank 0 step 24 processed 4 samples in 1.3631057739257812 s [/home/ubuntu/storage/dlio_benchmark/src/utils/statscounter.py:255]
[INFO] 2023-05-20T19:17:11.877266 Rank 0 step 25 processed 4 samples in 1.3630223274230957 s [/home/ubuntu/storage/dlio_benchmark/src/utils/statscounter.py:255]
[INFO] 2023-05-20T19:17:11.877354 Maximum number of steps reached [/home/ubuntu/storage/dlio_benchmark/src/dlio_benchmark.py:247]
[INFO] 2023-05-20T19:17:11.877545 Ending block 1 - 25 steps completed in 35.27 s [/home/ubuntu/storage/dlio_benchmark/src/utils/statscounter.py:212]
[INFO] 2023-05-20T19:17:11.878566 Epoch 4 - Block 1 [Training] Accelerator Utilization [AU] (%): 99.7661 [/home/ubuntu/storage/dlio_benchmark/src/utils/statscounter.py:215]
[INFO] 2023-05-20T19:17:11.878631 Epoch 4 - Block 1 [Training] Throughput (samples/second): 2.8353 [/home/ubuntu/storage/dlio_benchmark/src/utils/statscounter.py:216]
[INFO] 2023-05-20T19:17:11.889199 Ending epoch 4 - 25 steps completed in 35.28 s [/home/ubuntu/storage/dlio_benchmark/src/utils/statscounter.py:155]
[INFO] 2023-05-20T19:17:11.889563 Starting epoch 5: 25 steps expected [/home/ubuntu/storage/dlio_benchmark/src/utils/statscounter.py:128]
[INFO] 2023-05-20T19:17:11.889703 Prefetch size is 0; a default prefetch factor of 2 will be set to Torch DataLoader. [/home/ubuntu/storage/dlio_benchmark/src/reader/torch_data_loader_reader.py:123]
[INFO] 2023-05-20T19:17:11.889832 Starting block 1 [/home/ubuntu/storage/dlio_benchmark/src/utils/statscounter.py:194]
[INFO] 2023-05-20T19:17:14.419021 Rank 0 step 1 processed 4 samples in 2.5291168689727783 s [/home/ubuntu/storage/dlio_benchmark/src/utils/statscounter.py:255]
[INFO] 2023-05-20T19:17:15.783040 Rank 0 step 2 processed 4 samples in 1.3636348247528076 s [/home/ubuntu/storage/dlio_benchmark/src/utils/statscounter.py:255]
[INFO] 2023-05-20T19:17:17.145575 Rank 0 step 3 processed 4 samples in 1.362365961074829 s [/home/ubuntu/storage/dlio_benchmark/src/utils/statscounter.py:255]
[INFO] 2023-05-20T19:17:18.509100 Rank 0 step 4 processed 4 samples in 1.3633644580841064 s [/home/ubuntu/storage/dlio_benchmark/src/utils/statscounter.py:255]
[INFO] 2023-05-20T19:17:19.872437 Rank 0 step 5 processed 4 samples in 1.3631656169891357 s [/home/ubuntu/storage/dlio_benchmark/src/utils/statscounter.py:255]
[INFO] 2023-05-20T19:17:21.236226 Rank 0 step 6 processed 4 samples in 1.3635973930358887 s [/home/ubuntu/storage/dlio_benchmark/src/utils/statscounter.py:255]
[INFO] 2023-05-20T19:17:22.598954 Rank 0 step 7 processed 4 samples in 1.3625328540802002 s [/home/ubuntu/storage/dlio_benchmark/src/utils/statscounter.py:255]
[INFO] 2023-05-20T19:17:23.962577 Rank 0 step 8 processed 4 samples in 1.3634440898895264 s [/home/ubuntu/storage/dlio_benchmark/src/utils/statscounter.py:255]
[INFO] 2023-05-20T19:17:25.326330 Rank 0 step 9 processed 4 samples in 1.3635663986206055 s [/home/ubuntu/storage/dlio_benchmark/src/utils/statscounter.py:255]
[INFO] 2023-05-20T19:17:26.689967 Rank 0 step 10 processed 4 samples in 1.36344575881958 s [/home/ubuntu/storage/dlio_benchmark/src/utils/statscounter.py:255]
[INFO] 2023-05-20T19:17:28.053563 Rank 0 step 11 processed 4 samples in 1.3634240627288818 s [/home/ubuntu/storage/dlio_benchmark/src/utils/statscounter.py:255]
[INFO] 2023-05-20T19:17:29.416432 Rank 0 step 12 processed 4 samples in 1.3626792430877686 s [/home/ubuntu/storage/dlio_benchmark/src/utils/statscounter.py:255]
[INFO] 2023-05-20T19:17:30.780308 Rank 0 step 13 processed 4 samples in 1.3636887073516846 s [/home/ubuntu/storage/dlio_benchmark/src/utils/statscounter.py:255]
[INFO] 2023-05-20T19:17:32.143960 Rank 0 step 14 processed 4 samples in 1.3634686470031738 s [/home/ubuntu/storage/dlio_benchmark/src/utils/statscounter.py:255]
[INFO] 2023-05-20T19:17:33.507576 Rank 0 step 15 processed 4 samples in 1.3634157180786133 s [/home/ubuntu/storage/dlio_benchmark/src/utils/statscounter.py:255]
[INFO] 2023-05-20T19:17:34.871147 Rank 0 step 16 processed 4 samples in 1.3633348941802979 s [/home/ubuntu/storage/dlio_benchmark/src/utils/statscounter.py:255]
[INFO] 2023-05-20T19:17:36.234924 Rank 0 step 17 processed 4 samples in 1.3635432720184326 s [/home/ubuntu/storage/dlio_benchmark/src/utils/statscounter.py:255]
[INFO] 2023-05-20T19:17:37.598457 Rank 0 step 18 processed 4 samples in 1.3633205890655518 s [/home/ubuntu/storage/dlio_benchmark/src/utils/statscounter.py:255]
[INFO] 2023-05-20T19:17:38.962023 Rank 0 step 19 processed 4 samples in 1.363335132598877 s [/home/ubuntu/storage/dlio_benchmark/src/utils/statscounter.py:255]
[INFO] 2023-05-20T19:17:40.325677 Rank 0 step 20 processed 4 samples in 1.3634135723114014 s [/home/ubuntu/storage/dlio_benchmark/src/utils/statscounter.py:255]
[INFO] 2023-05-20T19:17:41.689243 Rank 0 step 21 processed 4 samples in 1.363351583480835 s [/home/ubuntu/storage/dlio_benchmark/src/utils/statscounter.py:255]
[INFO] 2023-05-20T19:17:43.052687 Rank 0 step 22 processed 4 samples in 1.3632652759552002 s [/home/ubuntu/storage/dlio_benchmark/src/utils/statscounter.py:255]
[INFO] 2023-05-20T19:17:44.416126 Rank 0 step 23 processed 4 samples in 1.363266944885254 s [/home/ubuntu/storage/dlio_benchmark/src/utils/statscounter.py:255]
[INFO] 2023-05-20T19:17:45.779214 Rank 0 step 24 processed 4 samples in 1.3629534244537354 s [/home/ubuntu/storage/dlio_benchmark/src/utils/statscounter.py:255]
[INFO] 2023-05-20T19:17:47.142477 Rank 0 step 25 processed 4 samples in 1.3631477355957031 s [/home/ubuntu/storage/dlio_benchmark/src/utils/statscounter.py:255]
[INFO] 2023-05-20T19:17:47.142579 Maximum number of steps reached [/home/ubuntu/storage/dlio_benchmark/src/dlio_benchmark.py:247]
[INFO] 2023-05-20T19:17:47.142777 Ending block 1 - 25 steps completed in 35.25 s [/home/ubuntu/storage/dlio_benchmark/src/utils/statscounter.py:212]
[INFO] 2023-05-20T19:17:47.143792 Epoch 5 - Block 1 [Training] Accelerator Utilization [AU] (%): 99.7736 [/home/ubuntu/storage/dlio_benchmark/src/utils/statscounter.py:215]
[INFO] 2023-05-20T19:17:47.143876 Epoch 5 - Block 1 [Training] Throughput (samples/second): 2.8367 [/home/ubuntu/storage/dlio_benchmark/src/utils/statscounter.py:216]
[INFO] 2023-05-20T19:17:47.153505 Starting checkpoint 1 after total step 25 for epoch 5 [/home/ubuntu/storage/dlio_benchmark/src/utils/statscounter.py:221]
[INFO] 2023-05-20T19:17:48.440592 Ending checkpoint 1 for epoch 5 [/home/ubuntu/storage/dlio_benchmark/src/utils/statscounter.py:231]
[INFO] 2023-05-20T19:17:48.441379 Ending epoch 5 - 25 steps completed in 36.55 s [/home/ubuntu/storage/dlio_benchmark/src/utils/statscounter.py:155]
[INFO] 2023-05-20T19:17:48.442179 Saved outputs in /home/ubuntu/storage/results/unet3d/2023-05-20-19-14-49 [/home/ubuntu/storage/dlio_benchmark/src/utils/statscounter.py:108]
[INFO] Averaged metric over all epochs
[METRIC] ==========================================================
[METRIC] Training Accelerator Utilization [AU] (%): 99.7578 (0.0126)
[METRIC] Training Throughput (samples/second): 2.8298 (0.0110)
[METRIC] Training I/O Throughput (MB/second): 633.0159 (2.4512)
[METRIC] train_au_meet_expectation: success
[METRIC] ==========================================================
 [/home/ubuntu/storage/dlio_benchmark/src/utils/statscounter.py:121]
[INFO] 2023-05-20T19:17:48.443336 Rank 0 wrote json output [/home/ubuntu/storage/dlio_benchmark/src/utils/statscounter.py:301]
