[INFO] 2023-05-20T19:18:55.491446 Running DLIO with 1 process(es) [/home/ubuntu/storage/dlio_benchmark/src/dlio_benchmark.py:104]
[INFO] 2023-05-20T19:18:55.491571 Reading workload YAML config file '/home/ubuntu/storage/storage-conf/workload/unet3d.yaml' [/home/ubuntu/storage/dlio_benchmark/src/dlio_benchmark.py:106]
[WARNING] Number of files in data/unet3d/train (200) is more than requested (100). A subset of files will be used  [/home/ubuntu/storage/dlio_benchmark/src/reader/reader_handler.py:96]
[INFO] 2023-05-20T19:18:55.552643 Max steps per epoch: 25 = 1 * 100 / 4 / 1 (samples per file * num files / batch size / comm size) [/home/ubuntu/storage/dlio_benchmark/src/dlio_benchmark.py:274]
[INFO] 2023-05-20T19:18:55.552702 Starting epoch 1: 25 steps expected [/home/ubuntu/storage/dlio_benchmark/src/utils/statscounter.py:128]
[INFO] 2023-05-20T19:18:55.552854 Prefetch size is 0; a default prefetch factor of 2 will be set to Torch DataLoader. [/home/ubuntu/storage/dlio_benchmark/src/reader/torch_data_loader_reader.py:123]
[INFO] 2023-05-20T19:18:55.553040 Starting block 1 [/home/ubuntu/storage/dlio_benchmark/src/utils/statscounter.py:194]
[INFO] 2023-05-20T19:18:58.328674 Rank 0 step 1 processed 4 samples in 2.7755653858184814 s [/home/ubuntu/storage/dlio_benchmark/src/utils/statscounter.py:255]
[INFO] 2023-05-20T19:18:59.691560 Rank 0 step 2 processed 4 samples in 1.3624889850616455 s [/home/ubuntu/storage/dlio_benchmark/src/utils/statscounter.py:255]
[INFO] 2023-05-20T19:19:01.054049 Rank 0 step 3 processed 4 samples in 1.3623137474060059 s [/home/ubuntu/storage/dlio_benchmark/src/utils/statscounter.py:255]
[INFO] 2023-05-20T19:19:02.416687 Rank 0 step 4 processed 4 samples in 1.3624491691589355 s [/home/ubuntu/storage/dlio_benchmark/src/utils/statscounter.py:255]
[INFO] 2023-05-20T19:19:03.782033 Rank 0 step 5 processed 4 samples in 1.3651020526885986 s [/home/ubuntu/storage/dlio_benchmark/src/utils/statscounter.py:255]
[INFO] 2023-05-20T19:19:05.144709 Rank 0 step 6 processed 4 samples in 1.362462043762207 s [/home/ubuntu/storage/dlio_benchmark/src/utils/statscounter.py:255]
[INFO] 2023-05-20T19:19:06.507236 Rank 0 step 7 processed 4 samples in 1.3623347282409668 s [/home/ubuntu/storage/dlio_benchmark/src/utils/statscounter.py:255]
[INFO] 2023-05-20T19:19:07.870840 Rank 0 step 8 processed 4 samples in 1.3634402751922607 s [/home/ubuntu/storage/dlio_benchmark/src/utils/statscounter.py:255]
[INFO] 2023-05-20T19:19:09.234462 Rank 0 step 9 processed 4 samples in 1.3634297847747803 s [/home/ubuntu/storage/dlio_benchmark/src/utils/statscounter.py:255]
[INFO] 2023-05-20T19:19:10.598176 Rank 0 step 10 processed 4 samples in 1.3634748458862305 s [/home/ubuntu/storage/dlio_benchmark/src/utils/statscounter.py:255]
[INFO] 2023-05-20T19:19:11.961908 Rank 0 step 11 processed 4 samples in 1.363487720489502 s [/home/ubuntu/storage/dlio_benchmark/src/utils/statscounter.py:255]
[INFO] 2023-05-20T19:19:13.325557 Rank 0 step 12 processed 4 samples in 1.3634071350097656 s [/home/ubuntu/storage/dlio_benchmark/src/utils/statscounter.py:255]
[INFO] 2023-05-20T19:19:14.689251 Rank 0 step 13 processed 4 samples in 1.363447904586792 s [/home/ubuntu/storage/dlio_benchmark/src/utils/statscounter.py:255]
[INFO] 2023-05-20T19:19:16.052838 Rank 0 step 14 processed 4 samples in 1.363358974456787 s [/home/ubuntu/storage/dlio_benchmark/src/utils/statscounter.py:255]
[INFO] 2023-05-20T19:19:17.416601 Rank 0 step 15 processed 4 samples in 1.3634872436523438 s [/home/ubuntu/storage/dlio_benchmark/src/utils/statscounter.py:255]
[INFO] 2023-05-20T19:19:18.780261 Rank 0 step 16 processed 4 samples in 1.3634278774261475 s [/home/ubuntu/storage/dlio_benchmark/src/utils/statscounter.py:255]
[INFO] 2023-05-20T19:19:20.143953 Rank 0 step 17 processed 4 samples in 1.3634247779846191 s [/home/ubuntu/storage/dlio_benchmark/src/utils/statscounter.py:255]
[INFO] 2023-05-20T19:19:21.507584 Rank 0 step 18 processed 4 samples in 1.3633778095245361 s [/home/ubuntu/storage/dlio_benchmark/src/utils/statscounter.py:255]
[INFO] 2023-05-20T19:19:22.871270 Rank 0 step 19 processed 4 samples in 1.3634378910064697 s [/home/ubuntu/storage/dlio_benchmark/src/utils/statscounter.py:255]
[INFO] 2023-05-20T19:19:24.234920 Rank 0 step 20 processed 4 samples in 1.363389253616333 s [/home/ubuntu/storage/dlio_benchmark/src/utils/statscounter.py:255]
[INFO] 2023-05-20T19:19:25.598622 Rank 0 step 21 processed 4 samples in 1.3634591102600098 s [/home/ubuntu/storage/dlio_benchmark/src/utils/statscounter.py:255]
[INFO] 2023-05-20T19:19:26.962144 Rank 0 step 22 processed 4 samples in 1.3633067607879639 s [/home/ubuntu/storage/dlio_benchmark/src/utils/statscounter.py:255]
[INFO] 2023-05-20T19:19:28.325505 Rank 0 step 23 processed 4 samples in 1.3631799221038818 s [/home/ubuntu/storage/dlio_benchmark/src/utils/statscounter.py:255]
[INFO] 2023-05-20T19:19:29.688843 Rank 0 step 24 processed 4 samples in 1.3631908893585205 s [/home/ubuntu/storage/dlio_benchmark/src/utils/statscounter.py:255]
[INFO] 2023-05-20T19:19:31.051929 Rank 0 step 25 processed 4 samples in 1.3629488945007324 s [/home/ubuntu/storage/dlio_benchmark/src/utils/statscounter.py:255]
[INFO] 2023-05-20T19:19:31.052076 Maximum number of steps reached [/home/ubuntu/storage/dlio_benchmark/src/dlio_benchmark.py:247]
[INFO] 2023-05-20T19:19:31.052319 Ending block 1 - 25 steps completed in 35.50 s [/home/ubuntu/storage/dlio_benchmark/src/utils/statscounter.py:212]
[INFO] 2023-05-20T19:19:31.053807 Epoch 1 - Block 1 [Training] Accelerator Utilization [AU] (%): 99.7741 [/home/ubuntu/storage/dlio_benchmark/src/utils/statscounter.py:215]
[INFO] 2023-05-20T19:19:31.053904 Epoch 1 - Block 1 [Training] Throughput (samples/second): 2.8170 [/home/ubuntu/storage/dlio_benchmark/src/utils/statscounter.py:216]
[INFO] 2023-05-20T19:19:31.063813 Ending epoch 1 - 25 steps completed in 35.51 s [/home/ubuntu/storage/dlio_benchmark/src/utils/statscounter.py:155]
[INFO] 2023-05-20T19:19:31.064226 Starting epoch 2: 25 steps expected [/home/ubuntu/storage/dlio_benchmark/src/utils/statscounter.py:128]
[INFO] 2023-05-20T19:19:31.064361 Prefetch size is 0; a default prefetch factor of 2 will be set to Torch DataLoader. [/home/ubuntu/storage/dlio_benchmark/src/reader/torch_data_loader_reader.py:123]
[INFO] 2023-05-20T19:19:31.064518 Starting block 1 [/home/ubuntu/storage/dlio_benchmark/src/utils/statscounter.py:194]
[INFO] 2023-05-20T19:19:33.706110 Rank 0 step 1 processed 4 samples in 2.641524314880371 s [/home/ubuntu/storage/dlio_benchmark/src/utils/statscounter.py:255]
[INFO] 2023-05-20T19:19:35.068964 Rank 0 step 2 processed 4 samples in 1.3624930381774902 s [/home/ubuntu/storage/dlio_benchmark/src/utils/statscounter.py:255]
[INFO] 2023-05-20T19:19:36.432534 Rank 0 step 3 processed 4 samples in 1.3634154796600342 s [/home/ubuntu/storage/dlio_benchmark/src/utils/statscounter.py:255]
[INFO] 2023-05-20T19:19:37.795117 Rank 0 step 4 processed 4 samples in 1.3624188899993896 s [/home/ubuntu/storage/dlio_benchmark/src/utils/statscounter.py:255]
[INFO] 2023-05-20T19:19:39.160459 Rank 0 step 5 processed 4 samples in 1.3651208877563477 s [/home/ubuntu/storage/dlio_benchmark/src/utils/statscounter.py:255]
[INFO] 2023-05-20T19:19:40.523220 Rank 0 step 6 processed 4 samples in 1.3625578880310059 s [/home/ubuntu/storage/dlio_benchmark/src/utils/statscounter.py:255]
[INFO] 2023-05-20T19:19:41.890647 Rank 0 step 7 processed 4 samples in 1.3672394752502441 s [/home/ubuntu/storage/dlio_benchmark/src/utils/statscounter.py:255]
[INFO] 2023-05-20T19:19:43.253257 Rank 0 step 8 processed 4 samples in 1.3624346256256104 s [/home/ubuntu/storage/dlio_benchmark/src/utils/statscounter.py:255]
[INFO] 2023-05-20T19:19:44.616866 Rank 0 step 9 processed 4 samples in 1.36342191696167 s [/home/ubuntu/storage/dlio_benchmark/src/utils/statscounter.py:255]
[INFO] 2023-05-20T19:19:45.981704 Rank 0 step 10 processed 4 samples in 1.3646655082702637 s [/home/ubuntu/storage/dlio_benchmark/src/utils/statscounter.py:255]
[INFO] 2023-05-20T19:19:47.344429 Rank 0 step 11 processed 4 samples in 1.3624999523162842 s [/home/ubuntu/storage/dlio_benchmark/src/utils/statscounter.py:255]
[INFO] 2023-05-20T19:19:48.708297 Rank 0 step 12 processed 4 samples in 1.363684892654419 s [/home/ubuntu/storage/dlio_benchmark/src/utils/statscounter.py:255]
[INFO] 2023-05-20T19:19:50.071936 Rank 0 step 13 processed 4 samples in 1.3634393215179443 s [/home/ubuntu/storage/dlio_benchmark/src/utils/statscounter.py:255]
[INFO] 2023-05-20T19:19:51.435410 Rank 0 step 14 processed 4 samples in 1.363312005996704 s [/home/ubuntu/storage/dlio_benchmark/src/utils/statscounter.py:255]
[INFO] 2023-05-20T19:19:52.799153 Rank 0 step 15 processed 4 samples in 1.3635785579681396 s [/home/ubuntu/storage/dlio_benchmark/src/utils/statscounter.py:255]
[INFO] 2023-05-20T19:19:54.162870 Rank 0 step 16 processed 4 samples in 1.3634605407714844 s [/home/ubuntu/storage/dlio_benchmark/src/utils/statscounter.py:255]
[INFO] 2023-05-20T19:19:55.526565 Rank 0 step 17 processed 4 samples in 1.3634893894195557 s [/home/ubuntu/storage/dlio_benchmark/src/utils/statscounter.py:255]
[INFO] 2023-05-20T19:19:56.890292 Rank 0 step 18 processed 4 samples in 1.3635363578796387 s [/home/ubuntu/storage/dlio_benchmark/src/utils/statscounter.py:255]
[INFO] 2023-05-20T19:19:58.253920 Rank 0 step 19 processed 4 samples in 1.3634240627288818 s [/home/ubuntu/storage/dlio_benchmark/src/utils/statscounter.py:255]
[INFO] 2023-05-20T19:19:59.617388 Rank 0 step 20 processed 4 samples in 1.363288164138794 s [/home/ubuntu/storage/dlio_benchmark/src/utils/statscounter.py:255]
[INFO] 2023-05-20T19:20:00.980869 Rank 0 step 21 processed 4 samples in 1.3632795810699463 s [/home/ubuntu/storage/dlio_benchmark/src/utils/statscounter.py:255]
[INFO] 2023-05-20T19:20:02.344496 Rank 0 step 22 processed 4 samples in 1.3634085655212402 s [/home/ubuntu/storage/dlio_benchmark/src/utils/statscounter.py:255]
[INFO] 2023-05-20T19:20:03.707975 Rank 0 step 23 processed 4 samples in 1.3632047176361084 s [/home/ubuntu/storage/dlio_benchmark/src/utils/statscounter.py:255]
[INFO] 2023-05-20T19:20:05.071292 Rank 0 step 24 processed 4 samples in 1.3631765842437744 s [/home/ubuntu/storage/dlio_benchmark/src/utils/statscounter.py:255]
[INFO] 2023-05-20T19:20:06.434413 Rank 0 step 25 processed 4 samples in 1.3629827499389648 s [/home/ubuntu/storage/dlio_benchmark/src/utils/statscounter.py:255]
[INFO] 2023-05-20T19:20:06.434528 Maximum number of steps reached [/home/ubuntu/storage/dlio_benchmark/src/dlio_benchmark.py:247]
[INFO] 2023-05-20T19:20:06.434743 Ending block 1 - 25 steps completed in 35.37 s [/home/ubuntu/storage/dlio_benchmark/src/utils/statscounter.py:212]
[INFO] 2023-05-20T19:20:06.435796 Epoch 2 - Block 1 [Training] Accelerator Utilization [AU] (%): 99.7588 [/home/ubuntu/storage/dlio_benchmark/src/utils/statscounter.py:215]
[INFO] 2023-05-20T19:20:06.435885 Epoch 2 - Block 1 [Training] Throughput (samples/second): 2.8272 [/home/ubuntu/storage/dlio_benchmark/src/utils/statscounter.py:216]
[INFO] 2023-05-20T19:20:06.446055 Ending epoch 2 - 25 steps completed in 35.38 s [/home/ubuntu/storage/dlio_benchmark/src/utils/statscounter.py:155]
[INFO] 2023-05-20T19:20:06.446448 Starting epoch 3: 25 steps expected [/home/ubuntu/storage/dlio_benchmark/src/utils/statscounter.py:128]
[INFO] 2023-05-20T19:20:06.446591 Prefetch size is 0; a default prefetch factor of 2 will be set to Torch DataLoader. [/home/ubuntu/storage/dlio_benchmark/src/reader/torch_data_loader_reader.py:123]
[INFO] 2023-05-20T19:20:06.446728 Starting block 1 [/home/ubuntu/storage/dlio_benchmark/src/utils/statscounter.py:194]
[INFO] 2023-05-20T19:20:08.895976 Rank 0 step 1 processed 4 samples in 2.4491794109344482 s [/home/ubuntu/storage/dlio_benchmark/src/utils/statscounter.py:255]
[INFO] 2023-05-20T19:20:10.259883 Rank 0 step 2 processed 4 samples in 1.3635265827178955 s [/home/ubuntu/storage/dlio_benchmark/src/utils/statscounter.py:255]
[INFO] 2023-05-20T19:20:11.622334 Rank 0 step 3 processed 4 samples in 1.3623182773590088 s [/home/ubuntu/storage/dlio_benchmark/src/utils/statscounter.py:255]
[INFO] 2023-05-20T19:20:12.984439 Rank 0 step 4 processed 4 samples in 1.3619582653045654 s [/home/ubuntu/storage/dlio_benchmark/src/utils/statscounter.py:255]
[INFO] 2023-05-20T19:20:14.348454 Rank 0 step 5 processed 4 samples in 1.3638031482696533 s [/home/ubuntu/storage/dlio_benchmark/src/utils/statscounter.py:255]
[INFO] 2023-05-20T19:20:15.712118 Rank 0 step 6 processed 4 samples in 1.3634319305419922 s [/home/ubuntu/storage/dlio_benchmark/src/utils/statscounter.py:255]
[INFO] 2023-05-20T19:20:17.074873 Rank 0 step 7 processed 4 samples in 1.362563133239746 s [/home/ubuntu/storage/dlio_benchmark/src/utils/statscounter.py:255]
[INFO] 2023-05-20T19:20:18.436438 Rank 0 step 8 processed 4 samples in 1.361396312713623 s [/home/ubuntu/storage/dlio_benchmark/src/utils/statscounter.py:255]
[INFO] 2023-05-20T19:20:19.801165 Rank 0 step 9 processed 4 samples in 1.3645498752593994 s [/home/ubuntu/storage/dlio_benchmark/src/utils/statscounter.py:255]
[INFO] 2023-05-20T19:20:21.164110 Rank 0 step 10 processed 4 samples in 1.3627052307128906 s [/home/ubuntu/storage/dlio_benchmark/src/utils/statscounter.py:255]
[INFO] 2023-05-20T19:20:22.527849 Rank 0 step 11 processed 4 samples in 1.3635177612304688 s [/home/ubuntu/storage/dlio_benchmark/src/utils/statscounter.py:255]
[INFO] 2023-05-20T19:20:23.891466 Rank 0 step 12 processed 4 samples in 1.3633852005004883 s [/home/ubuntu/storage/dlio_benchmark/src/utils/statscounter.py:255]
[INFO] 2023-05-20T19:20:25.255208 Rank 0 step 13 processed 4 samples in 1.363504409790039 s [/home/ubuntu/storage/dlio_benchmark/src/utils/statscounter.py:255]
[INFO] 2023-05-20T19:20:26.618837 Rank 0 step 14 processed 4 samples in 1.3634059429168701 s [/home/ubuntu/storage/dlio_benchmark/src/utils/statscounter.py:255]
[INFO] 2023-05-20T19:20:27.982576 Rank 0 step 15 processed 4 samples in 1.3634886741638184 s [/home/ubuntu/storage/dlio_benchmark/src/utils/statscounter.py:255]
[INFO] 2023-05-20T19:20:29.346110 Rank 0 step 16 processed 4 samples in 1.363326072692871 s [/home/ubuntu/storage/dlio_benchmark/src/utils/statscounter.py:255]
[INFO] 2023-05-20T19:20:30.709634 Rank 0 step 17 processed 4 samples in 1.3632957935333252 s [/home/ubuntu/storage/dlio_benchmark/src/utils/statscounter.py:255]
[INFO] 2023-05-20T19:20:32.073811 Rank 0 step 18 processed 4 samples in 1.3639416694641113 s [/home/ubuntu/storage/dlio_benchmark/src/utils/statscounter.py:255]
[INFO] 2023-05-20T19:20:33.437838 Rank 0 step 19 processed 4 samples in 1.3637237548828125 s [/home/ubuntu/storage/dlio_benchmark/src/utils/statscounter.py:255]
[INFO] 2023-05-20T19:20:34.801746 Rank 0 step 20 processed 4 samples in 1.3636395931243896 s [/home/ubuntu/storage/dlio_benchmark/src/utils/statscounter.py:255]
[INFO] 2023-05-20T19:20:36.165755 Rank 0 step 21 processed 4 samples in 1.3637111186981201 s [/home/ubuntu/storage/dlio_benchmark/src/utils/statscounter.py:255]
[INFO] 2023-05-20T19:20:37.529305 Rank 0 step 22 processed 4 samples in 1.3633158206939697 s [/home/ubuntu/storage/dlio_benchmark/src/utils/statscounter.py:255]
[INFO] 2023-05-20T19:20:38.892734 Rank 0 step 23 processed 4 samples in 1.3632094860076904 s [/home/ubuntu/storage/dlio_benchmark/src/utils/statscounter.py:255]
[INFO] 2023-05-20T19:20:40.255838 Rank 0 step 24 processed 4 samples in 1.3629693984985352 s [/home/ubuntu/storage/dlio_benchmark/src/utils/statscounter.py:255]
[INFO] 2023-05-20T19:20:41.619041 Rank 0 step 25 processed 4 samples in 1.363072395324707 s [/home/ubuntu/storage/dlio_benchmark/src/utils/statscounter.py:255]
[INFO] 2023-05-20T19:20:41.619150 Maximum number of steps reached [/home/ubuntu/storage/dlio_benchmark/src/dlio_benchmark.py:247]
[INFO] 2023-05-20T19:20:41.619350 Ending block 1 - 25 steps completed in 35.17 s [/home/ubuntu/storage/dlio_benchmark/src/utils/statscounter.py:212]
[INFO] 2023-05-20T19:20:41.620411 Epoch 3 - Block 1 [Training] Accelerator Utilization [AU] (%): 99.7748 [/home/ubuntu/storage/dlio_benchmark/src/utils/statscounter.py:215]
[INFO] 2023-05-20T19:20:41.620493 Epoch 3 - Block 1 [Training] Throughput (samples/second): 2.8431 [/home/ubuntu/storage/dlio_benchmark/src/utils/statscounter.py:216]
[INFO] 2023-05-20T19:20:41.631203 Ending epoch 3 - 25 steps completed in 35.18 s [/home/ubuntu/storage/dlio_benchmark/src/utils/statscounter.py:155]
[INFO] 2023-05-20T19:20:41.631634 Starting epoch 4: 25 steps expected [/home/ubuntu/storage/dlio_benchmark/src/utils/statscounter.py:128]
[INFO] 2023-05-20T19:20:41.631790 Prefetch size is 0; a default prefetch factor of 2 will be set to Torch DataLoader. [/home/ubuntu/storage/dlio_benchmark/src/reader/torch_data_loader_reader.py:123]
[INFO] 2023-05-20T19:20:41.631946 Starting block 1 [/home/ubuntu/storage/dlio_benchmark/src/utils/statscounter.py:194]
[INFO] 2023-05-20T19:20:44.287559 Rank 0 step 1 processed 4 samples in 2.6555373668670654 s [/home/ubuntu/storage/dlio_benchmark/src/utils/statscounter.py:255]
[INFO] 2023-05-20T19:20:45.650523 Rank 0 step 2 processed 4 samples in 1.3625068664550781 s [/home/ubuntu/storage/dlio_benchmark/src/utils/statscounter.py:255]
[INFO] 2023-05-20T19:20:47.013254 Rank 0 step 3 processed 4 samples in 1.3624818325042725 s [/home/ubuntu/storage/dlio_benchmark/src/utils/statscounter.py:255]
[INFO] 2023-05-20T19:20:48.376138 Rank 0 step 4 processed 4 samples in 1.362527847290039 s [/home/ubuntu/storage/dlio_benchmark/src/utils/statscounter.py:255]
[INFO] 2023-05-20T19:20:49.743074 Rank 0 step 5 processed 4 samples in 1.3666503429412842 s [/home/ubuntu/storage/dlio_benchmark/src/utils/statscounter.py:255]
[INFO] 2023-05-20T19:20:51.105965 Rank 0 step 6 processed 4 samples in 1.3626325130462646 s [/home/ubuntu/storage/dlio_benchmark/src/utils/statscounter.py:255]
[INFO] 2023-05-20T19:20:52.468744 Rank 0 step 7 processed 4 samples in 1.3625714778900146 s [/home/ubuntu/storage/dlio_benchmark/src/utils/statscounter.py:255]
[INFO] 2023-05-20T19:20:53.831326 Rank 0 step 8 processed 4 samples in 1.3623895645141602 s [/home/ubuntu/storage/dlio_benchmark/src/utils/statscounter.py:255]
[INFO] 2023-05-20T19:20:55.195435 Rank 0 step 9 processed 4 samples in 1.3639066219329834 s [/home/ubuntu/storage/dlio_benchmark/src/utils/statscounter.py:255]
[INFO] 2023-05-20T19:20:56.559357 Rank 0 step 10 processed 4 samples in 1.3636362552642822 s [/home/ubuntu/storage/dlio_benchmark/src/utils/statscounter.py:255]
[INFO] 2023-05-20T19:20:57.923349 Rank 0 step 11 processed 4 samples in 1.36370849609375 s [/home/ubuntu/storage/dlio_benchmark/src/utils/statscounter.py:255]
[INFO] 2023-05-20T19:20:59.287179 Rank 0 step 12 processed 4 samples in 1.3635809421539307 s [/home/ubuntu/storage/dlio_benchmark/src/utils/statscounter.py:255]
[INFO] 2023-05-20T19:21:00.651344 Rank 0 step 13 processed 4 samples in 1.3638701438903809 s [/home/ubuntu/storage/dlio_benchmark/src/utils/statscounter.py:255]
[INFO] 2023-05-20T19:21:02.015040 Rank 0 step 14 processed 4 samples in 1.3634483814239502 s [/home/ubuntu/storage/dlio_benchmark/src/utils/statscounter.py:255]
[INFO] 2023-05-20T19:21:03.378908 Rank 0 step 15 processed 4 samples in 1.3636205196380615 s [/home/ubuntu/storage/dlio_benchmark/src/utils/statscounter.py:255]
[INFO] 2023-05-20T19:21:04.742556 Rank 0 step 16 processed 4 samples in 1.3634130954742432 s [/home/ubuntu/storage/dlio_benchmark/src/utils/statscounter.py:255]
[INFO] 2023-05-20T19:21:06.106079 Rank 0 step 17 processed 4 samples in 1.3633003234863281 s [/home/ubuntu/storage/dlio_benchmark/src/utils/statscounter.py:255]
[INFO] 2023-05-20T19:21:07.469609 Rank 0 step 18 processed 4 samples in 1.363306999206543 s [/home/ubuntu/storage/dlio_benchmark/src/utils/statscounter.py:255]
[INFO] 2023-05-20T19:21:08.833352 Rank 0 step 19 processed 4 samples in 1.3635094165802002 s [/home/ubuntu/storage/dlio_benchmark/src/utils/statscounter.py:255]
[INFO] 2023-05-20T19:21:10.196870 Rank 0 step 20 processed 4 samples in 1.3632962703704834 s [/home/ubuntu/storage/dlio_benchmark/src/utils/statscounter.py:255]
[INFO] 2023-05-20T19:21:11.560452 Rank 0 step 21 processed 4 samples in 1.3633625507354736 s [/home/ubuntu/storage/dlio_benchmark/src/utils/statscounter.py:255]
[INFO] 2023-05-20T19:21:12.923974 Rank 0 step 22 processed 4 samples in 1.3632817268371582 s [/home/ubuntu/storage/dlio_benchmark/src/utils/statscounter.py:255]
[INFO] 2023-05-20T19:21:14.287776 Rank 0 step 23 processed 4 samples in 1.3635227680206299 s [/home/ubuntu/storage/dlio_benchmark/src/utils/statscounter.py:255]
[INFO] 2023-05-20T19:21:15.651516 Rank 0 step 24 processed 4 samples in 1.3634617328643799 s [/home/ubuntu/storage/dlio_benchmark/src/utils/statscounter.py:255]
[INFO] 2023-05-20T19:21:17.014731 Rank 0 step 25 processed 4 samples in 1.3630282878875732 s [/home/ubuntu/storage/dlio_benchmark/src/utils/statscounter.py:255]
[INFO] 2023-05-20T19:21:17.014847 Maximum number of steps reached [/home/ubuntu/storage/dlio_benchmark/src/dlio_benchmark.py:247]
[INFO] 2023-05-20T19:21:17.015062 Ending block 1 - 25 steps completed in 35.38 s [/home/ubuntu/storage/dlio_benchmark/src/utils/statscounter.py:212]
[INFO] 2023-05-20T19:21:17.016089 Epoch 4 - Block 1 [Training] Accelerator Utilization [AU] (%): 99.7622 [/home/ubuntu/storage/dlio_benchmark/src/utils/statscounter.py:215]
[INFO] 2023-05-20T19:21:17.016173 Epoch 4 - Block 1 [Training] Throughput (samples/second): 2.8262 [/home/ubuntu/storage/dlio_benchmark/src/utils/statscounter.py:216]
[INFO] 2023-05-20T19:21:17.030966 Ending epoch 4 - 25 steps completed in 35.40 s [/home/ubuntu/storage/dlio_benchmark/src/utils/statscounter.py:155]
[INFO] 2023-05-20T19:21:17.031350 Starting epoch 5: 25 steps expected [/home/ubuntu/storage/dlio_benchmark/src/utils/statscounter.py:128]
[INFO] 2023-05-20T19:21:17.031499 Prefetch size is 0; a default prefetch factor of 2 will be set to Torch DataLoader. [/home/ubuntu/storage/dlio_benchmark/src/reader/torch_data_loader_reader.py:123]
[INFO] 2023-05-20T19:21:17.031639 Starting block 1 [/home/ubuntu/storage/dlio_benchmark/src/utils/statscounter.py:194]
[INFO] 2023-05-20T19:21:19.569196 Rank 0 step 1 processed 4 samples in 2.5374910831451416 s [/home/ubuntu/storage/dlio_benchmark/src/utils/statscounter.py:255]
[INFO] 2023-05-20T19:21:20.933201 Rank 0 step 2 processed 4 samples in 1.3636109828948975 s [/home/ubuntu/storage/dlio_benchmark/src/utils/statscounter.py:255]
[INFO] 2023-05-20T19:21:22.295697 Rank 0 step 3 processed 4 samples in 1.3623483180999756 s [/home/ubuntu/storage/dlio_benchmark/src/utils/statscounter.py:255]
[INFO] 2023-05-20T19:21:23.659216 Rank 0 step 4 processed 4 samples in 1.3633618354797363 s [/home/ubuntu/storage/dlio_benchmark/src/utils/statscounter.py:255]
[INFO] 2023-05-20T19:21:25.023788 Rank 0 step 5 processed 4 samples in 1.3643853664398193 s [/home/ubuntu/storage/dlio_benchmark/src/utils/statscounter.py:255]
[INFO] 2023-05-20T19:21:26.387459 Rank 0 step 6 processed 4 samples in 1.3634700775146484 s [/home/ubuntu/storage/dlio_benchmark/src/utils/statscounter.py:255]
[INFO] 2023-05-20T19:21:27.750640 Rank 0 step 7 processed 4 samples in 1.3630266189575195 s [/home/ubuntu/storage/dlio_benchmark/src/utils/statscounter.py:255]
[INFO] 2023-05-20T19:21:29.114156 Rank 0 step 8 processed 4 samples in 1.3632993698120117 s [/home/ubuntu/storage/dlio_benchmark/src/utils/statscounter.py:255]
[INFO] 2023-05-20T19:21:30.477580 Rank 0 step 9 processed 4 samples in 1.3632619380950928 s [/home/ubuntu/storage/dlio_benchmark/src/utils/statscounter.py:255]
[INFO] 2023-05-20T19:21:31.841047 Rank 0 step 10 processed 4 samples in 1.3633220195770264 s [/home/ubuntu/storage/dlio_benchmark/src/utils/statscounter.py:255]
[INFO] 2023-05-20T19:21:33.204632 Rank 0 step 11 processed 4 samples in 1.3633992671966553 s [/home/ubuntu/storage/dlio_benchmark/src/utils/statscounter.py:255]
[INFO] 2023-05-20T19:21:34.568284 Rank 0 step 12 processed 4 samples in 1.3634190559387207 s [/home/ubuntu/storage/dlio_benchmark/src/utils/statscounter.py:255]
[INFO] 2023-05-20T19:21:35.931748 Rank 0 step 13 processed 4 samples in 1.363281488418579 s [/home/ubuntu/storage/dlio_benchmark/src/utils/statscounter.py:255]
[INFO] 2023-05-20T19:21:37.295350 Rank 0 step 14 processed 4 samples in 1.3634357452392578 s [/home/ubuntu/storage/dlio_benchmark/src/utils/statscounter.py:255]
[INFO] 2023-05-20T19:21:38.659080 Rank 0 step 15 processed 4 samples in 1.3635683059692383 s [/home/ubuntu/storage/dlio_benchmark/src/utils/statscounter.py:255]
[INFO] 2023-05-20T19:21:40.022584 Rank 0 step 16 processed 4 samples in 1.363269329071045 s [/home/ubuntu/storage/dlio_benchmark/src/utils/statscounter.py:255]
[INFO] 2023-05-20T19:21:41.386137 Rank 0 step 17 processed 4 samples in 1.3633317947387695 s [/home/ubuntu/storage/dlio_benchmark/src/utils/statscounter.py:255]
[INFO] 2023-05-20T19:21:42.749721 Rank 0 step 18 processed 4 samples in 1.3633551597595215 s [/home/ubuntu/storage/dlio_benchmark/src/utils/statscounter.py:255]
[INFO] 2023-05-20T19:21:44.113492 Rank 0 step 19 processed 4 samples in 1.3635447025299072 s [/home/ubuntu/storage/dlio_benchmark/src/utils/statscounter.py:255]
[INFO] 2023-05-20T19:21:45.477119 Rank 0 step 20 processed 4 samples in 1.3633944988250732 s [/home/ubuntu/storage/dlio_benchmark/src/utils/statscounter.py:255]
[INFO] 2023-05-20T19:21:46.840592 Rank 0 step 21 processed 4 samples in 1.3632652759552002 s [/home/ubuntu/storage/dlio_benchmark/src/utils/statscounter.py:255]
[INFO] 2023-05-20T19:21:48.204301 Rank 0 step 22 processed 4 samples in 1.3634881973266602 s [/home/ubuntu/storage/dlio_benchmark/src/utils/statscounter.py:255]
[INFO] 2023-05-20T19:21:49.568472 Rank 0 step 23 processed 4 samples in 1.3639593124389648 s [/home/ubuntu/storage/dlio_benchmark/src/utils/statscounter.py:255]
[INFO] 2023-05-20T19:21:50.932462 Rank 0 step 24 processed 4 samples in 1.3636817932128906 s [/home/ubuntu/storage/dlio_benchmark/src/utils/statscounter.py:255]
[INFO] 2023-05-20T19:21:52.296507 Rank 0 step 25 processed 4 samples in 1.3637497425079346 s [/home/ubuntu/storage/dlio_benchmark/src/utils/statscounter.py:255]
[INFO] 2023-05-20T19:21:52.296670 Maximum number of steps reached [/home/ubuntu/storage/dlio_benchmark/src/dlio_benchmark.py:247]
[INFO] 2023-05-20T19:21:52.297787 Ending block 1 - 25 steps completed in 35.27 s [/home/ubuntu/storage/dlio_benchmark/src/utils/statscounter.py:212]
[INFO] 2023-05-20T19:21:52.298840 Epoch 5 - Block 1 [Training] Accelerator Utilization [AU] (%): 99.7589 [/home/ubuntu/storage/dlio_benchmark/src/utils/statscounter.py:215]
[INFO] 2023-05-20T19:21:52.298918 Epoch 5 - Block 1 [Training] Throughput (samples/second): 2.8356 [/home/ubuntu/storage/dlio_benchmark/src/utils/statscounter.py:216]
[INFO] 2023-05-20T19:21:52.311780 Starting checkpoint 1 after total step 25 for epoch 5 [/home/ubuntu/storage/dlio_benchmark/src/utils/statscounter.py:221]
[INFO] 2023-05-20T19:21:53.579999 Ending checkpoint 1 for epoch 5 [/home/ubuntu/storage/dlio_benchmark/src/utils/statscounter.py:231]
[INFO] 2023-05-20T19:21:53.580801 Ending epoch 5 - 25 steps completed in 36.55 s [/home/ubuntu/storage/dlio_benchmark/src/utils/statscounter.py:155]
[INFO] 2023-05-20T19:21:53.581626 Saved outputs in /home/ubuntu/storage/results/unet3d/2023-05-20-19-18-54 [/home/ubuntu/storage/dlio_benchmark/src/utils/statscounter.py:108]
[INFO] Averaged metric over all epochs
[METRIC] ==========================================================
[METRIC] Training Accelerator Utilization [AU] (%): 99.7571 (0.0215)
[METRIC] Training Throughput (samples/second): 2.8296 (0.0088)
[METRIC] Training I/O Throughput (MB/second): 632.9678 (1.9581)
[METRIC] train_au_meet_expectation: success
[METRIC] ==========================================================
 [/home/ubuntu/storage/dlio_benchmark/src/utils/statscounter.py:121]
[INFO] 2023-05-20T19:21:53.582815 Rank 0 wrote json output [/home/ubuntu/storage/dlio_benchmark/src/utils/statscounter.py:301]
