[INFO] 2023-05-20T19:22:15.697016 Running DLIO with 1 process(es) [/home/ubuntu/storage/dlio_benchmark/src/dlio_benchmark.py:104]
[INFO] 2023-05-20T19:22:15.697201 Reading workload YAML config file '/home/ubuntu/storage/storage-conf/workload/unet3d.yaml' [/home/ubuntu/storage/dlio_benchmark/src/dlio_benchmark.py:106]
[WARNING] Number of files in data/unet3d/train (200) is more than requested (100). A subset of files will be used  [/home/ubuntu/storage/dlio_benchmark/src/reader/reader_handler.py:96]
[INFO] 2023-05-20T19:22:15.758583 Max steps per epoch: 25 = 1 * 100 / 4 / 1 (samples per file * num files / batch size / comm size) [/home/ubuntu/storage/dlio_benchmark/src/dlio_benchmark.py:274]
[INFO] 2023-05-20T19:22:15.758664 Starting epoch 1: 25 steps expected [/home/ubuntu/storage/dlio_benchmark/src/utils/statscounter.py:128]
[INFO] 2023-05-20T19:22:15.758800 Prefetch size is 0; a default prefetch factor of 2 will be set to Torch DataLoader. [/home/ubuntu/storage/dlio_benchmark/src/reader/torch_data_loader_reader.py:123]
[INFO] 2023-05-20T19:22:15.759010 Starting block 1 [/home/ubuntu/storage/dlio_benchmark/src/utils/statscounter.py:194]
[INFO] 2023-05-20T19:22:18.567095 Rank 0 step 1 processed 4 samples in 2.8080081939697266 s [/home/ubuntu/storage/dlio_benchmark/src/utils/statscounter.py:255]
[INFO] 2023-05-20T19:22:19.929936 Rank 0 step 2 processed 4 samples in 1.3624632358551025 s [/home/ubuntu/storage/dlio_benchmark/src/utils/statscounter.py:255]
[INFO] 2023-05-20T19:22:21.292501 Rank 0 step 3 processed 4 samples in 1.362403392791748 s [/home/ubuntu/storage/dlio_benchmark/src/utils/statscounter.py:255]
[INFO] 2023-05-20T19:22:22.655054 Rank 0 step 4 processed 4 samples in 1.362396240234375 s [/home/ubuntu/storage/dlio_benchmark/src/utils/statscounter.py:255]
[INFO] 2023-05-20T19:22:24.020161 Rank 0 step 5 processed 4 samples in 1.36494779586792 s [/home/ubuntu/storage/dlio_benchmark/src/utils/statscounter.py:255]
[INFO] 2023-05-20T19:22:25.382732 Rank 0 step 6 processed 4 samples in 1.3623721599578857 s [/home/ubuntu/storage/dlio_benchmark/src/utils/statscounter.py:255]
[INFO] 2023-05-20T19:22:26.745462 Rank 0 step 7 processed 4 samples in 1.3625004291534424 s [/home/ubuntu/storage/dlio_benchmark/src/utils/statscounter.py:255]
[INFO] 2023-05-20T19:22:28.108985 Rank 0 step 8 processed 4 samples in 1.3633077144622803 s [/home/ubuntu/storage/dlio_benchmark/src/utils/statscounter.py:255]
[INFO] 2023-05-20T19:22:29.472625 Rank 0 step 9 processed 4 samples in 1.363398790359497 s [/home/ubuntu/storage/dlio_benchmark/src/utils/statscounter.py:255]
[INFO] 2023-05-20T19:22:30.836146 Rank 0 step 10 processed 4 samples in 1.3633241653442383 s [/home/ubuntu/storage/dlio_benchmark/src/utils/statscounter.py:255]
[INFO] 2023-05-20T19:22:32.199632 Rank 0 step 11 processed 4 samples in 1.3632869720458984 s [/home/ubuntu/storage/dlio_benchmark/src/utils/statscounter.py:255]
[INFO] 2023-05-20T19:22:33.563084 Rank 0 step 12 processed 4 samples in 1.3632495403289795 s [/home/ubuntu/storage/dlio_benchmark/src/utils/statscounter.py:255]
[INFO] 2023-05-20T19:22:34.926715 Rank 0 step 13 processed 4 samples in 1.3633959293365479 s [/home/ubuntu/storage/dlio_benchmark/src/utils/statscounter.py:255]
[INFO] 2023-05-20T19:22:36.290234 Rank 0 step 14 processed 4 samples in 1.3633003234863281 s [/home/ubuntu/storage/dlio_benchmark/src/utils/statscounter.py:255]
[INFO] 2023-05-20T19:22:37.653764 Rank 0 step 15 processed 4 samples in 1.363311529159546 s [/home/ubuntu/storage/dlio_benchmark/src/utils/statscounter.py:255]
[INFO] 2023-05-20T19:22:39.017147 Rank 0 step 16 processed 4 samples in 1.3631796836853027 s [/home/ubuntu/storage/dlio_benchmark/src/utils/statscounter.py:255]
[INFO] 2023-05-20T19:22:40.380597 Rank 0 step 17 processed 4 samples in 1.3632638454437256 s [/home/ubuntu/storage/dlio_benchmark/src/utils/statscounter.py:255]
[INFO] 2023-05-20T19:22:41.743896 Rank 0 step 18 processed 4 samples in 1.3631181716918945 s [/home/ubuntu/storage/dlio_benchmark/src/utils/statscounter.py:255]
[INFO] 2023-05-20T19:22:43.107155 Rank 0 step 19 processed 4 samples in 1.3630847930908203 s [/home/ubuntu/storage/dlio_benchmark/src/utils/statscounter.py:255]
[INFO] 2023-05-20T19:22:44.470278 Rank 0 step 20 processed 4 samples in 1.3629779815673828 s [/home/ubuntu/storage/dlio_benchmark/src/utils/statscounter.py:255]
[INFO] 2023-05-20T19:22:45.833469 Rank 0 step 21 processed 4 samples in 1.3630576133728027 s [/home/ubuntu/storage/dlio_benchmark/src/utils/statscounter.py:255]
[INFO] 2023-05-20T19:22:47.197183 Rank 0 step 22 processed 4 samples in 1.3634998798370361 s [/home/ubuntu/storage/dlio_benchmark/src/utils/statscounter.py:255]
[INFO] 2023-05-20T19:22:48.560914 Rank 0 step 23 processed 4 samples in 1.3635344505310059 s [/home/ubuntu/storage/dlio_benchmark/src/utils/statscounter.py:255]
[INFO] 2023-05-20T19:22:49.924474 Rank 0 step 24 processed 4 samples in 1.363349437713623 s [/home/ubuntu/storage/dlio_benchmark/src/utils/statscounter.py:255]
[INFO] 2023-05-20T19:22:51.287989 Rank 0 step 25 processed 4 samples in 1.3633153438568115 s [/home/ubuntu/storage/dlio_benchmark/src/utils/statscounter.py:255]
[INFO] 2023-05-20T19:22:51.288167 Maximum number of steps reached [/home/ubuntu/storage/dlio_benchmark/src/dlio_benchmark.py:247]
[INFO] 2023-05-20T19:22:51.288490 Ending block 1 - 25 steps completed in 35.53 s [/home/ubuntu/storage/dlio_benchmark/src/utils/statscounter.py:212]
[INFO] 2023-05-20T19:22:51.290061 Epoch 1 - Block 1 [Training] Accelerator Utilization [AU] (%): 99.7809 [/home/ubuntu/storage/dlio_benchmark/src/utils/statscounter.py:215]
[INFO] 2023-05-20T19:22:51.290162 Epoch 1 - Block 1 [Training] Throughput (samples/second): 2.8146 [/home/ubuntu/storage/dlio_benchmark/src/utils/statscounter.py:216]
[INFO] 2023-05-20T19:22:51.302137 Ending epoch 1 - 25 steps completed in 35.54 s [/home/ubuntu/storage/dlio_benchmark/src/utils/statscounter.py:155]
[INFO] 2023-05-20T19:22:51.302572 Starting epoch 2: 25 steps expected [/home/ubuntu/storage/dlio_benchmark/src/utils/statscounter.py:128]
[INFO] 2023-05-20T19:22:51.302743 Prefetch size is 0; a default prefetch factor of 2 will be set to Torch DataLoader. [/home/ubuntu/storage/dlio_benchmark/src/reader/torch_data_loader_reader.py:123]
[INFO] 2023-05-20T19:22:51.302922 Starting block 1 [/home/ubuntu/storage/dlio_benchmark/src/utils/statscounter.py:194]
[INFO] 2023-05-20T19:22:53.952449 Rank 0 step 1 processed 4 samples in 2.6494321823120117 s [/home/ubuntu/storage/dlio_benchmark/src/utils/statscounter.py:255]
[INFO] 2023-05-20T19:22:55.315160 Rank 0 step 2 processed 4 samples in 1.362384557723999 s [/home/ubuntu/storage/dlio_benchmark/src/utils/statscounter.py:255]
[INFO] 2023-05-20T19:22:56.679428 Rank 0 step 3 processed 4 samples in 1.3640546798706055 s [/home/ubuntu/storage/dlio_benchmark/src/utils/statscounter.py:255]
[INFO] 2023-05-20T19:22:58.042202 Rank 0 step 4 processed 4 samples in 1.3625519275665283 s [/home/ubuntu/storage/dlio_benchmark/src/utils/statscounter.py:255]
[INFO] 2023-05-20T19:22:59.407138 Rank 0 step 5 processed 4 samples in 1.3647348880767822 s [/home/ubuntu/storage/dlio_benchmark/src/utils/statscounter.py:255]
[INFO] 2023-05-20T19:23:00.769908 Rank 0 step 6 processed 4 samples in 1.3625288009643555 s [/home/ubuntu/storage/dlio_benchmark/src/utils/statscounter.py:255]
[INFO] 2023-05-20T19:23:02.133706 Rank 0 step 7 processed 4 samples in 1.3635225296020508 s [/home/ubuntu/storage/dlio_benchmark/src/utils/statscounter.py:255]
[INFO] 2023-05-20T19:23:03.496429 Rank 0 step 8 processed 4 samples in 1.3625059127807617 s [/home/ubuntu/storage/dlio_benchmark/src/utils/statscounter.py:255]
[INFO] 2023-05-20T19:23:04.860231 Rank 0 step 9 processed 4 samples in 1.363569974899292 s [/home/ubuntu/storage/dlio_benchmark/src/utils/statscounter.py:255]
[INFO] 2023-05-20T19:23:06.225005 Rank 0 step 10 processed 4 samples in 1.3645827770233154 s [/home/ubuntu/storage/dlio_benchmark/src/utils/statscounter.py:255]
[INFO] 2023-05-20T19:23:07.588899 Rank 0 step 11 processed 4 samples in 1.3636748790740967 s [/home/ubuntu/storage/dlio_benchmark/src/utils/statscounter.py:255]
[INFO] 2023-05-20T19:23:08.952463 Rank 0 step 12 processed 4 samples in 1.363356590270996 s [/home/ubuntu/storage/dlio_benchmark/src/utils/statscounter.py:255]
[INFO] 2023-05-20T19:23:10.316330 Rank 0 step 13 processed 4 samples in 1.3636424541473389 s [/home/ubuntu/storage/dlio_benchmark/src/utils/statscounter.py:255]
[INFO] 2023-05-20T19:23:11.680524 Rank 0 step 14 processed 4 samples in 1.3637917041778564 s [/home/ubuntu/storage/dlio_benchmark/src/utils/statscounter.py:255]
[INFO] 2023-05-20T19:23:13.044435 Rank 0 step 15 processed 4 samples in 1.3636832237243652 s [/home/ubuntu/storage/dlio_benchmark/src/utils/statscounter.py:255]
[INFO] 2023-05-20T19:23:14.408350 Rank 0 step 16 processed 4 samples in 1.363685131072998 s [/home/ubuntu/storage/dlio_benchmark/src/utils/statscounter.py:255]
[INFO] 2023-05-20T19:23:15.772580 Rank 0 step 17 processed 4 samples in 1.3638575077056885 s [/home/ubuntu/storage/dlio_benchmark/src/utils/statscounter.py:255]
[INFO] 2023-05-20T19:23:17.136897 Rank 0 step 18 processed 4 samples in 1.363978624343872 s [/home/ubuntu/storage/dlio_benchmark/src/utils/statscounter.py:255]
[INFO] 2023-05-20T19:23:18.500797 Rank 0 step 19 processed 4 samples in 1.3635685443878174 s [/home/ubuntu/storage/dlio_benchmark/src/utils/statscounter.py:255]
[INFO] 2023-05-20T19:23:19.864061 Rank 0 step 20 processed 4 samples in 1.3630967140197754 s [/home/ubuntu/storage/dlio_benchmark/src/utils/statscounter.py:255]
[INFO] 2023-05-20T19:23:21.227081 Rank 0 step 21 processed 4 samples in 1.362894058227539 s [/home/ubuntu/storage/dlio_benchmark/src/utils/statscounter.py:255]
[INFO] 2023-05-20T19:23:22.590728 Rank 0 step 22 processed 4 samples in 1.363450050354004 s [/home/ubuntu/storage/dlio_benchmark/src/utils/statscounter.py:255]
[INFO] 2023-05-20T19:23:23.954227 Rank 0 step 23 processed 4 samples in 1.3633337020874023 s [/home/ubuntu/storage/dlio_benchmark/src/utils/statscounter.py:255]
[INFO] 2023-05-20T19:23:25.317678 Rank 0 step 24 processed 4 samples in 1.3633036613464355 s [/home/ubuntu/storage/dlio_benchmark/src/utils/statscounter.py:255]
[INFO] 2023-05-20T19:23:26.681186 Rank 0 step 25 processed 4 samples in 1.3633241653442383 s [/home/ubuntu/storage/dlio_benchmark/src/utils/statscounter.py:255]
[INFO] 2023-05-20T19:23:26.681349 Maximum number of steps reached [/home/ubuntu/storage/dlio_benchmark/src/dlio_benchmark.py:247]
[INFO] 2023-05-20T19:23:26.681555 Ending block 1 - 25 steps completed in 35.38 s [/home/ubuntu/storage/dlio_benchmark/src/utils/statscounter.py:212]
[INFO] 2023-05-20T19:23:26.682629 Epoch 2 - Block 1 [Training] Accelerator Utilization [AU] (%): 99.7572 [/home/ubuntu/storage/dlio_benchmark/src/utils/statscounter.py:215]
[INFO] 2023-05-20T19:23:26.682707 Epoch 2 - Block 1 [Training] Throughput (samples/second): 2.8266 [/home/ubuntu/storage/dlio_benchmark/src/utils/statscounter.py:216]
[INFO] 2023-05-20T19:23:26.692342 Ending epoch 2 - 25 steps completed in 35.39 s [/home/ubuntu/storage/dlio_benchmark/src/utils/statscounter.py:155]
[INFO] 2023-05-20T19:23:26.692772 Starting epoch 3: 25 steps expected [/home/ubuntu/storage/dlio_benchmark/src/utils/statscounter.py:128]
[INFO] 2023-05-20T19:23:26.692901 Prefetch size is 0; a default prefetch factor of 2 will be set to Torch DataLoader. [/home/ubuntu/storage/dlio_benchmark/src/reader/torch_data_loader_reader.py:123]
[INFO] 2023-05-20T19:23:26.693047 Starting block 1 [/home/ubuntu/storage/dlio_benchmark/src/utils/statscounter.py:194]
[INFO] 2023-05-20T19:23:29.182262 Rank 0 step 1 processed 4 samples in 2.4891350269317627 s [/home/ubuntu/storage/dlio_benchmark/src/utils/statscounter.py:255]
[INFO] 2023-05-20T19:23:30.547020 Rank 0 step 2 processed 4 samples in 1.3642456531524658 s [/home/ubuntu/storage/dlio_benchmark/src/utils/statscounter.py:255]
[INFO] 2023-05-20T19:23:31.909865 Rank 0 step 3 processed 4 samples in 1.362607479095459 s [/home/ubuntu/storage/dlio_benchmark/src/utils/statscounter.py:255]
[INFO] 2023-05-20T19:23:33.272764 Rank 0 step 4 processed 4 samples in 1.362637996673584 s [/home/ubuntu/storage/dlio_benchmark/src/utils/statscounter.py:255]
[INFO] 2023-05-20T19:23:34.638458 Rank 0 step 5 processed 4 samples in 1.3654370307922363 s [/home/ubuntu/storage/dlio_benchmark/src/utils/statscounter.py:255]
[INFO] 2023-05-20T19:23:36.001915 Rank 0 step 6 processed 4 samples in 1.3632843494415283 s [/home/ubuntu/storage/dlio_benchmark/src/utils/statscounter.py:255]
[INFO] 2023-05-20T19:23:37.364521 Rank 0 step 7 processed 4 samples in 1.362438440322876 s [/home/ubuntu/storage/dlio_benchmark/src/utils/statscounter.py:255]
[INFO] 2023-05-20T19:23:38.727121 Rank 0 step 8 processed 4 samples in 1.3624308109283447 s [/home/ubuntu/storage/dlio_benchmark/src/utils/statscounter.py:255]
[INFO] 2023-05-20T19:23:40.090617 Rank 0 step 9 processed 4 samples in 1.3633458614349365 s [/home/ubuntu/storage/dlio_benchmark/src/utils/statscounter.py:255]
[INFO] 2023-05-20T19:23:41.454008 Rank 0 step 10 processed 4 samples in 1.3632292747497559 s [/home/ubuntu/storage/dlio_benchmark/src/utils/statscounter.py:255]
[INFO] 2023-05-20T19:23:42.817473 Rank 0 step 11 processed 4 samples in 1.3633098602294922 s [/home/ubuntu/storage/dlio_benchmark/src/utils/statscounter.py:255]
[INFO] 2023-05-20T19:23:44.180911 Rank 0 step 12 processed 4 samples in 1.363271713256836 s [/home/ubuntu/storage/dlio_benchmark/src/utils/statscounter.py:255]
[INFO] 2023-05-20T19:23:45.544452 Rank 0 step 13 processed 4 samples in 1.3633177280426025 s [/home/ubuntu/storage/dlio_benchmark/src/utils/statscounter.py:255]
[INFO] 2023-05-20T19:23:46.907916 Rank 0 step 14 processed 4 samples in 1.3633089065551758 s [/home/ubuntu/storage/dlio_benchmark/src/utils/statscounter.py:255]
[INFO] 2023-05-20T19:23:48.271399 Rank 0 step 15 processed 4 samples in 1.3633098602294922 s [/home/ubuntu/storage/dlio_benchmark/src/utils/statscounter.py:255]
[INFO] 2023-05-20T19:23:49.634794 Rank 0 step 16 processed 4 samples in 1.3632326126098633 s [/home/ubuntu/storage/dlio_benchmark/src/utils/statscounter.py:255]
[INFO] 2023-05-20T19:23:50.998222 Rank 0 step 17 processed 4 samples in 1.3632187843322754 s [/home/ubuntu/storage/dlio_benchmark/src/utils/statscounter.py:255]
[INFO] 2023-05-20T19:23:52.361710 Rank 0 step 18 processed 4 samples in 1.3633196353912354 s [/home/ubuntu/storage/dlio_benchmark/src/utils/statscounter.py:255]
[INFO] 2023-05-20T19:23:53.724933 Rank 0 step 19 processed 4 samples in 1.3630948066711426 s [/home/ubuntu/storage/dlio_benchmark/src/utils/statscounter.py:255]
[INFO] 2023-05-20T19:23:55.088075 Rank 0 step 20 processed 4 samples in 1.363041877746582 s [/home/ubuntu/storage/dlio_benchmark/src/utils/statscounter.py:255]
[INFO] 2023-05-20T19:23:56.451626 Rank 0 step 21 processed 4 samples in 1.3633852005004883 s [/home/ubuntu/storage/dlio_benchmark/src/utils/statscounter.py:255]
[INFO] 2023-05-20T19:23:57.815214 Rank 0 step 22 processed 4 samples in 1.3634157180786133 s [/home/ubuntu/storage/dlio_benchmark/src/utils/statscounter.py:255]
[INFO] 2023-05-20T19:23:59.178745 Rank 0 step 23 processed 4 samples in 1.3633666038513184 s [/home/ubuntu/storage/dlio_benchmark/src/utils/statscounter.py:255]
[INFO] 2023-05-20T19:24:00.542179 Rank 0 step 24 processed 4 samples in 1.3632609844207764 s [/home/ubuntu/storage/dlio_benchmark/src/utils/statscounter.py:255]
[INFO] 2023-05-20T19:24:01.905786 Rank 0 step 25 processed 4 samples in 1.3633525371551514 s [/home/ubuntu/storage/dlio_benchmark/src/utils/statscounter.py:255]
[INFO] 2023-05-20T19:24:01.906038 Maximum number of steps reached [/home/ubuntu/storage/dlio_benchmark/src/dlio_benchmark.py:247]
[INFO] 2023-05-20T19:24:01.906291 Ending block 1 - 25 steps completed in 35.21 s [/home/ubuntu/storage/dlio_benchmark/src/utils/statscounter.py:212]
[INFO] 2023-05-20T19:24:01.907434 Epoch 3 - Block 1 [Training] Accelerator Utilization [AU] (%): 99.7728 [/home/ubuntu/storage/dlio_benchmark/src/utils/statscounter.py:215]
[INFO] 2023-05-20T19:24:01.907527 Epoch 3 - Block 1 [Training] Throughput (samples/second): 2.8399 [/home/ubuntu/storage/dlio_benchmark/src/utils/statscounter.py:216]
[INFO] 2023-05-20T19:24:01.917452 Ending epoch 3 - 25 steps completed in 35.22 s [/home/ubuntu/storage/dlio_benchmark/src/utils/statscounter.py:155]
[INFO] 2023-05-20T19:24:01.917883 Starting epoch 4: 25 steps expected [/home/ubuntu/storage/dlio_benchmark/src/utils/statscounter.py:128]
[INFO] 2023-05-20T19:24:01.918028 Prefetch size is 0; a default prefetch factor of 2 will be set to Torch DataLoader. [/home/ubuntu/storage/dlio_benchmark/src/reader/torch_data_loader_reader.py:123]
[INFO] 2023-05-20T19:24:01.918189 Starting block 1 [/home/ubuntu/storage/dlio_benchmark/src/utils/statscounter.py:194]
[INFO] 2023-05-20T19:24:04.479646 Rank 0 step 1 processed 4 samples in 2.561383008956909 s [/home/ubuntu/storage/dlio_benchmark/src/utils/statscounter.py:255]
[INFO] 2023-05-20T19:24:05.842386 Rank 0 step 2 processed 4 samples in 1.3624000549316406 s [/home/ubuntu/storage/dlio_benchmark/src/utils/statscounter.py:255]
[INFO] 2023-05-20T19:24:07.204976 Rank 0 step 3 processed 4 samples in 1.362424612045288 s [/home/ubuntu/storage/dlio_benchmark/src/utils/statscounter.py:255]
[INFO] 2023-05-20T19:24:08.567449 Rank 0 step 4 processed 4 samples in 1.362321138381958 s [/home/ubuntu/storage/dlio_benchmark/src/utils/statscounter.py:255]
[INFO] 2023-05-20T19:24:09.931590 Rank 0 step 5 processed 4 samples in 1.3640007972717285 s [/home/ubuntu/storage/dlio_benchmark/src/utils/statscounter.py:255]
[INFO] 2023-05-20T19:24:11.295331 Rank 0 step 6 processed 4 samples in 1.3635039329528809 s [/home/ubuntu/storage/dlio_benchmark/src/utils/statscounter.py:255]
[INFO] 2023-05-20T19:24:12.659084 Rank 0 step 7 processed 4 samples in 1.3634858131408691 s [/home/ubuntu/storage/dlio_benchmark/src/utils/statscounter.py:255]
[INFO] 2023-05-20T19:24:14.021774 Rank 0 step 8 processed 4 samples in 1.3624613285064697 s [/home/ubuntu/storage/dlio_benchmark/src/utils/statscounter.py:255]
[INFO] 2023-05-20T19:24:15.385802 Rank 0 step 9 processed 4 samples in 1.3637213706970215 s [/home/ubuntu/storage/dlio_benchmark/src/utils/statscounter.py:255]
[INFO] 2023-05-20T19:24:16.749428 Rank 0 step 10 processed 4 samples in 1.3633368015289307 s [/home/ubuntu/storage/dlio_benchmark/src/utils/statscounter.py:255]
[INFO] 2023-05-20T19:24:18.113092 Rank 0 step 11 processed 4 samples in 1.363391399383545 s [/home/ubuntu/storage/dlio_benchmark/src/utils/statscounter.py:255]
[INFO] 2023-05-20T19:24:19.476837 Rank 0 step 12 processed 4 samples in 1.3634610176086426 s [/home/ubuntu/storage/dlio_benchmark/src/utils/statscounter.py:255]
[INFO] 2023-05-20T19:24:20.840424 Rank 0 step 13 processed 4 samples in 1.3633184432983398 s [/home/ubuntu/storage/dlio_benchmark/src/utils/statscounter.py:255]
[INFO] 2023-05-20T19:24:22.204109 Rank 0 step 14 processed 4 samples in 1.3634231090545654 s [/home/ubuntu/storage/dlio_benchmark/src/utils/statscounter.py:255]
[INFO] 2023-05-20T19:24:23.567758 Rank 0 step 15 processed 4 samples in 1.3633460998535156 s [/home/ubuntu/storage/dlio_benchmark/src/utils/statscounter.py:255]
[INFO] 2023-05-20T19:24:24.931438 Rank 0 step 16 processed 4 samples in 1.3634116649627686 s [/home/ubuntu/storage/dlio_benchmark/src/utils/statscounter.py:255]
[INFO] 2023-05-20T19:24:26.294977 Rank 0 step 17 processed 4 samples in 1.3632781505584717 s [/home/ubuntu/storage/dlio_benchmark/src/utils/statscounter.py:255]
[INFO] 2023-05-20T19:24:27.658520 Rank 0 step 18 processed 4 samples in 1.3632616996765137 s [/home/ubuntu/storage/dlio_benchmark/src/utils/statscounter.py:255]
[INFO] 2023-05-20T19:24:29.021677 Rank 0 step 19 processed 4 samples in 1.3630027770996094 s [/home/ubuntu/storage/dlio_benchmark/src/utils/statscounter.py:255]
[INFO] 2023-05-20T19:24:30.384832 Rank 0 step 20 processed 4 samples in 1.36301589012146 s [/home/ubuntu/storage/dlio_benchmark/src/utils/statscounter.py:255]
[INFO] 2023-05-20T19:24:31.748019 Rank 0 step 21 processed 4 samples in 1.363053321838379 s [/home/ubuntu/storage/dlio_benchmark/src/utils/statscounter.py:255]
[INFO] 2023-05-20T19:24:33.111683 Rank 0 step 22 processed 4 samples in 1.3634684085845947 s [/home/ubuntu/storage/dlio_benchmark/src/utils/statscounter.py:255]
[INFO] 2023-05-20T19:24:34.475483 Rank 0 step 23 processed 4 samples in 1.3636400699615479 s [/home/ubuntu/storage/dlio_benchmark/src/utils/statscounter.py:255]
[INFO] 2023-05-20T19:24:35.839052 Rank 0 step 24 processed 4 samples in 1.3634014129638672 s [/home/ubuntu/storage/dlio_benchmark/src/utils/statscounter.py:255]
[INFO] 2023-05-20T19:24:37.202460 Rank 0 step 25 processed 4 samples in 1.363205909729004 s [/home/ubuntu/storage/dlio_benchmark/src/utils/statscounter.py:255]
[INFO] 2023-05-20T19:24:37.202596 Maximum number of steps reached [/home/ubuntu/storage/dlio_benchmark/src/dlio_benchmark.py:247]
[INFO] 2023-05-20T19:24:37.202798 Ending block 1 - 25 steps completed in 35.28 s [/home/ubuntu/storage/dlio_benchmark/src/utils/statscounter.py:212]
[INFO] 2023-05-20T19:24:37.203862 Epoch 4 - Block 1 [Training] Accelerator Utilization [AU] (%): 99.7754 [/home/ubuntu/storage/dlio_benchmark/src/utils/statscounter.py:215]
[INFO] 2023-05-20T19:24:37.203945 Epoch 4 - Block 1 [Training] Throughput (samples/second): 2.8341 [/home/ubuntu/storage/dlio_benchmark/src/utils/statscounter.py:216]
[INFO] 2023-05-20T19:24:37.217925 Ending epoch 4 - 25 steps completed in 35.30 s [/home/ubuntu/storage/dlio_benchmark/src/utils/statscounter.py:155]
[INFO] 2023-05-20T19:24:37.218361 Starting epoch 5: 25 steps expected [/home/ubuntu/storage/dlio_benchmark/src/utils/statscounter.py:128]
[INFO] 2023-05-20T19:24:37.218508 Prefetch size is 0; a default prefetch factor of 2 will be set to Torch DataLoader. [/home/ubuntu/storage/dlio_benchmark/src/reader/torch_data_loader_reader.py:123]
[INFO] 2023-05-20T19:24:37.218656 Starting block 1 [/home/ubuntu/storage/dlio_benchmark/src/utils/statscounter.py:194]
[INFO] 2023-05-20T19:24:39.774191 Rank 0 step 1 processed 4 samples in 2.555459499359131 s [/home/ubuntu/storage/dlio_benchmark/src/utils/statscounter.py:255]
[INFO] 2023-05-20T19:24:41.138401 Rank 0 step 2 processed 4 samples in 1.3638038635253906 s [/home/ubuntu/storage/dlio_benchmark/src/utils/statscounter.py:255]
[INFO] 2023-05-20T19:24:42.501045 Rank 0 step 3 processed 4 samples in 1.3624327182769775 s [/home/ubuntu/storage/dlio_benchmark/src/utils/statscounter.py:255]
[INFO] 2023-05-20T19:24:43.864652 Rank 0 step 4 processed 4 samples in 1.363374948501587 s [/home/ubuntu/storage/dlio_benchmark/src/utils/statscounter.py:255]
[INFO] 2023-05-20T19:24:45.228883 Rank 0 step 5 processed 4 samples in 1.3640036582946777 s [/home/ubuntu/storage/dlio_benchmark/src/utils/statscounter.py:255]
[INFO] 2023-05-20T19:24:46.592417 Rank 0 step 6 processed 4 samples in 1.363321304321289 s [/home/ubuntu/storage/dlio_benchmark/src/utils/statscounter.py:255]
[INFO] 2023-05-20T19:24:47.955114 Rank 0 step 7 processed 4 samples in 1.362504005432129 s [/home/ubuntu/storage/dlio_benchmark/src/utils/statscounter.py:255]
[INFO] 2023-05-20T19:24:49.318644 Rank 0 step 8 processed 4 samples in 1.3633229732513428 s [/home/ubuntu/storage/dlio_benchmark/src/utils/statscounter.py:255]
[INFO] 2023-05-20T19:24:50.682373 Rank 0 step 9 processed 4 samples in 1.3634989261627197 s [/home/ubuntu/storage/dlio_benchmark/src/utils/statscounter.py:255]
[INFO] 2023-05-20T19:24:52.045927 Rank 0 step 10 processed 4 samples in 1.3633396625518799 s [/home/ubuntu/storage/dlio_benchmark/src/utils/statscounter.py:255]
[INFO] 2023-05-20T19:24:53.409471 Rank 0 step 11 processed 4 samples in 1.363342046737671 s [/home/ubuntu/storage/dlio_benchmark/src/utils/statscounter.py:255]
[INFO] 2023-05-20T19:24:54.772984 Rank 0 step 12 processed 4 samples in 1.3632984161376953 s [/home/ubuntu/storage/dlio_benchmark/src/utils/statscounter.py:255]
[INFO] 2023-05-20T19:24:56.136680 Rank 0 step 13 processed 4 samples in 1.3634452819824219 s [/home/ubuntu/storage/dlio_benchmark/src/utils/statscounter.py:255]
[INFO] 2023-05-20T19:24:57.500307 Rank 0 step 14 processed 4 samples in 1.3634037971496582 s [/home/ubuntu/storage/dlio_benchmark/src/utils/statscounter.py:255]
[INFO] 2023-05-20T19:24:58.863532 Rank 0 step 15 processed 4 samples in 1.3630585670471191 s [/home/ubuntu/storage/dlio_benchmark/src/utils/statscounter.py:255]
[INFO] 2023-05-20T19:25:00.226729 Rank 0 step 16 processed 4 samples in 1.3630661964416504 s [/home/ubuntu/storage/dlio_benchmark/src/utils/statscounter.py:255]
[INFO] 2023-05-20T19:25:01.590717 Rank 0 step 17 processed 4 samples in 1.3637514114379883 s [/home/ubuntu/storage/dlio_benchmark/src/utils/statscounter.py:255]
[INFO] 2023-05-20T19:25:02.954101 Rank 0 step 18 processed 4 samples in 1.363191843032837 s [/home/ubuntu/storage/dlio_benchmark/src/utils/statscounter.py:255]
[INFO] 2023-05-20T19:25:04.317166 Rank 0 step 19 processed 4 samples in 1.3629214763641357 s [/home/ubuntu/storage/dlio_benchmark/src/utils/statscounter.py:255]
[INFO] 2023-05-20T19:25:05.680451 Rank 0 step 20 processed 4 samples in 1.3631081581115723 s [/home/ubuntu/storage/dlio_benchmark/src/utils/statscounter.py:255]
[INFO] 2023-05-20T19:25:07.044295 Rank 0 step 21 processed 4 samples in 1.3636794090270996 s [/home/ubuntu/storage/dlio_benchmark/src/utils/statscounter.py:255]
[INFO] 2023-05-20T19:25:08.408364 Rank 0 step 22 processed 4 samples in 1.3636963367462158 s [/home/ubuntu/storage/dlio_benchmark/src/utils/statscounter.py:255]
[INFO] 2023-05-20T19:25:09.772017 Rank 0 step 23 processed 4 samples in 1.3634204864501953 s [/home/ubuntu/storage/dlio_benchmark/src/utils/statscounter.py:255]
[INFO] 2023-05-20T19:25:11.135515 Rank 0 step 24 processed 4 samples in 1.3633158206939697 s [/home/ubuntu/storage/dlio_benchmark/src/utils/statscounter.py:255]
[INFO] 2023-05-20T19:25:12.499015 Rank 0 step 25 processed 4 samples in 1.3633406162261963 s [/home/ubuntu/storage/dlio_benchmark/src/utils/statscounter.py:255]
[INFO] 2023-05-20T19:25:12.499138 Maximum number of steps reached [/home/ubuntu/storage/dlio_benchmark/src/dlio_benchmark.py:247]
[INFO] 2023-05-20T19:25:12.499384 Ending block 1 - 25 steps completed in 35.28 s [/home/ubuntu/storage/dlio_benchmark/src/utils/statscounter.py:212]
[INFO] 2023-05-20T19:25:12.500477 Epoch 5 - Block 1 [Training] Accelerator Utilization [AU] (%): 99.7694 [/home/ubuntu/storage/dlio_benchmark/src/utils/statscounter.py:215]
[INFO] 2023-05-20T19:25:12.500596 Epoch 5 - Block 1 [Training] Throughput (samples/second): 2.8344 [/home/ubuntu/storage/dlio_benchmark/src/utils/statscounter.py:216]
[INFO] 2023-05-20T19:25:12.510698 Starting checkpoint 1 after total step 25 for epoch 5 [/home/ubuntu/storage/dlio_benchmark/src/utils/statscounter.py:221]
[INFO] 2023-05-20T19:25:13.818050 Ending checkpoint 1 for epoch 5 [/home/ubuntu/storage/dlio_benchmark/src/utils/statscounter.py:231]
[INFO] 2023-05-20T19:25:13.818905 Ending epoch 5 - 25 steps completed in 36.60 s [/home/ubuntu/storage/dlio_benchmark/src/utils/statscounter.py:155]
[INFO] 2023-05-20T19:25:13.819792 Saved outputs in /home/ubuntu/storage/results/unet3d/2023-05-20-19-22-15 [/home/ubuntu/storage/dlio_benchmark/src/utils/statscounter.py:108]
[INFO] Averaged metric over all epochs
[METRIC] ==========================================================
[METRIC] Training Accelerator Utilization [AU] (%): 99.7642 (0.0168)
[METRIC] Training Throughput (samples/second): 2.8297 (0.0087)
[METRIC] Training I/O Throughput (MB/second): 632.9942 (1.9383)
[METRIC] train_au_meet_expectation: success
[METRIC] ==========================================================
 [/home/ubuntu/storage/dlio_benchmark/src/utils/statscounter.py:121]
[INFO] 2023-05-20T19:25:13.821060 Rank 0 wrote json output [/home/ubuntu/storage/dlio_benchmark/src/utils/statscounter.py:301]
