[INFO] 2023-05-20T19:11:33.901302 Running DLIO with 1 process(es) [/home/ubuntu/storage/dlio_benchmark/src/dlio_benchmark.py:104]
[INFO] 2023-05-20T19:11:33.901424 Reading workload YAML config file '/home/ubuntu/storage/storage-conf/workload/unet3d.yaml' [/home/ubuntu/storage/dlio_benchmark/src/dlio_benchmark.py:106]
[WARNING] Number of files in data/unet3d/train (200) is more than requested (100). A subset of files will be used  [/home/ubuntu/storage/dlio_benchmark/src/reader/reader_handler.py:96]
[INFO] 2023-05-20T19:11:33.962147 Max steps per epoch: 25 = 1 * 100 / 4 / 1 (samples per file * num files / batch size / comm size) [/home/ubuntu/storage/dlio_benchmark/src/dlio_benchmark.py:274]
[INFO] 2023-05-20T19:11:33.962217 Starting epoch 1: 25 steps expected [/home/ubuntu/storage/dlio_benchmark/src/utils/statscounter.py:128]
[INFO] 2023-05-20T19:11:33.962341 Prefetch size is 0; a default prefetch factor of 2 will be set to Torch DataLoader. [/home/ubuntu/storage/dlio_benchmark/src/reader/torch_data_loader_reader.py:123]
[INFO] 2023-05-20T19:11:33.962513 Starting block 1 [/home/ubuntu/storage/dlio_benchmark/src/utils/statscounter.py:194]
[INFO] 2023-05-20T19:11:36.784461 Rank 0 step 1 processed 4 samples in 2.821887254714966 s [/home/ubuntu/storage/dlio_benchmark/src/utils/statscounter.py:255]
[INFO] 2023-05-20T19:11:38.147319 Rank 0 step 2 processed 4 samples in 1.3624823093414307 s [/home/ubuntu/storage/dlio_benchmark/src/utils/statscounter.py:255]
[INFO] 2023-05-20T19:11:39.509842 Rank 0 step 3 processed 4 samples in 1.362354040145874 s [/home/ubuntu/storage/dlio_benchmark/src/utils/statscounter.py:255]
[INFO] 2023-05-20T19:11:40.872366 Rank 0 step 4 processed 4 samples in 1.362365961074829 s [/home/ubuntu/storage/dlio_benchmark/src/utils/statscounter.py:255]
[INFO] 2023-05-20T19:11:42.237295 Rank 0 step 5 processed 4 samples in 1.3647551536560059 s [/home/ubuntu/storage/dlio_benchmark/src/utils/statscounter.py:255]
[INFO] 2023-05-20T19:11:43.600033 Rank 0 step 6 processed 4 samples in 1.3625366687774658 s [/home/ubuntu/storage/dlio_benchmark/src/utils/statscounter.py:255]
[INFO] 2023-05-20T19:11:44.962900 Rank 0 step 7 processed 4 samples in 1.3626692295074463 s [/home/ubuntu/storage/dlio_benchmark/src/utils/statscounter.py:255]
[INFO] 2023-05-20T19:11:46.326518 Rank 0 step 8 processed 4 samples in 1.3634579181671143 s [/home/ubuntu/storage/dlio_benchmark/src/utils/statscounter.py:255]
[INFO] 2023-05-20T19:11:47.690278 Rank 0 step 9 processed 4 samples in 1.3635668754577637 s [/home/ubuntu/storage/dlio_benchmark/src/utils/statscounter.py:255]
[INFO] 2023-05-20T19:11:49.054028 Rank 0 step 10 processed 4 samples in 1.3634836673736572 s [/home/ubuntu/storage/dlio_benchmark/src/utils/statscounter.py:255]
[INFO] 2023-05-20T19:11:50.417772 Rank 0 step 11 processed 4 samples in 1.3634912967681885 s [/home/ubuntu/storage/dlio_benchmark/src/utils/statscounter.py:255]
[INFO] 2023-05-20T19:11:51.781366 Rank 0 step 12 processed 4 samples in 1.3633511066436768 s [/home/ubuntu/storage/dlio_benchmark/src/utils/statscounter.py:255]
[INFO] 2023-05-20T19:11:53.145117 Rank 0 step 13 processed 4 samples in 1.3635060787200928 s [/home/ubuntu/storage/dlio_benchmark/src/utils/statscounter.py:255]
[INFO] 2023-05-20T19:11:54.508883 Rank 0 step 14 processed 4 samples in 1.3635170459747314 s [/home/ubuntu/storage/dlio_benchmark/src/utils/statscounter.py:255]
[INFO] 2023-05-20T19:11:55.872668 Rank 0 step 15 processed 4 samples in 1.3635227680206299 s [/home/ubuntu/storage/dlio_benchmark/src/utils/statscounter.py:255]
[INFO] 2023-05-20T19:11:57.236227 Rank 0 step 16 processed 4 samples in 1.3633410930633545 s [/home/ubuntu/storage/dlio_benchmark/src/utils/statscounter.py:255]
[INFO] 2023-05-20T19:11:58.599946 Rank 0 step 17 processed 4 samples in 1.363450527191162 s [/home/ubuntu/storage/dlio_benchmark/src/utils/statscounter.py:255]
[INFO] 2023-05-20T19:11:59.963540 Rank 0 step 18 processed 4 samples in 1.363330602645874 s [/home/ubuntu/storage/dlio_benchmark/src/utils/statscounter.py:255]
[INFO] 2023-05-20T19:12:01.327205 Rank 0 step 19 processed 4 samples in 1.363398790359497 s [/home/ubuntu/storage/dlio_benchmark/src/utils/statscounter.py:255]
[INFO] 2023-05-20T19:12:02.690554 Rank 0 step 20 processed 4 samples in 1.363152027130127 s [/home/ubuntu/storage/dlio_benchmark/src/utils/statscounter.py:255]
[INFO] 2023-05-20T19:12:04.054160 Rank 0 step 21 processed 4 samples in 1.3633651733398438 s [/home/ubuntu/storage/dlio_benchmark/src/utils/statscounter.py:255]
[INFO] 2023-05-20T19:12:05.418407 Rank 0 step 22 processed 4 samples in 1.3639936447143555 s [/home/ubuntu/storage/dlio_benchmark/src/utils/statscounter.py:255]
[INFO] 2023-05-20T19:12:06.782527 Rank 0 step 23 processed 4 samples in 1.3637895584106445 s [/home/ubuntu/storage/dlio_benchmark/src/utils/statscounter.py:255]
[INFO] 2023-05-20T19:12:08.145981 Rank 0 step 24 processed 4 samples in 1.3632500171661377 s [/home/ubuntu/storage/dlio_benchmark/src/utils/statscounter.py:255]
[INFO] 2023-05-20T19:12:09.509237 Rank 0 step 25 processed 4 samples in 1.363110065460205 s [/home/ubuntu/storage/dlio_benchmark/src/utils/statscounter.py:255]
[INFO] 2023-05-20T19:12:09.509370 Maximum number of steps reached [/home/ubuntu/storage/dlio_benchmark/src/dlio_benchmark.py:247]
[INFO] 2023-05-20T19:12:09.509607 Ending block 1 - 25 steps completed in 35.55 s [/home/ubuntu/storage/dlio_benchmark/src/utils/statscounter.py:212]
[INFO] 2023-05-20T19:12:09.511083 Epoch 1 - Block 1 [Training] Accelerator Utilization [AU] (%): 99.7695 [/home/ubuntu/storage/dlio_benchmark/src/utils/statscounter.py:215]
[INFO] 2023-05-20T19:12:09.511169 Epoch 1 - Block 1 [Training] Throughput (samples/second): 2.8132 [/home/ubuntu/storage/dlio_benchmark/src/utils/statscounter.py:216]
[INFO] 2023-05-20T19:12:09.521416 Ending epoch 1 - 25 steps completed in 35.56 s [/home/ubuntu/storage/dlio_benchmark/src/utils/statscounter.py:155]
[INFO] 2023-05-20T19:12:09.521783 Starting epoch 2: 25 steps expected [/home/ubuntu/storage/dlio_benchmark/src/utils/statscounter.py:128]
[INFO] 2023-05-20T19:12:09.521913 Prefetch size is 0; a default prefetch factor of 2 will be set to Torch DataLoader. [/home/ubuntu/storage/dlio_benchmark/src/reader/torch_data_loader_reader.py:123]
[INFO] 2023-05-20T19:12:09.522048 Starting block 1 [/home/ubuntu/storage/dlio_benchmark/src/utils/statscounter.py:194]
[INFO] 2023-05-20T19:12:12.107073 Rank 0 step 1 processed 4 samples in 2.5849547386169434 s [/home/ubuntu/storage/dlio_benchmark/src/utils/statscounter.py:255]
[INFO] 2023-05-20T19:12:13.469966 Rank 0 step 2 processed 4 samples in 1.3624911308288574 s [/home/ubuntu/storage/dlio_benchmark/src/utils/statscounter.py:255]
[INFO] 2023-05-20T19:12:14.835417 Rank 0 step 3 processed 4 samples in 1.3652873039245605 s [/home/ubuntu/storage/dlio_benchmark/src/utils/statscounter.py:255]
[INFO] 2023-05-20T19:12:16.198312 Rank 0 step 4 processed 4 samples in 1.3625621795654297 s [/home/ubuntu/storage/dlio_benchmark/src/utils/statscounter.py:255]
[INFO] 2023-05-20T19:12:17.562417 Rank 0 step 5 processed 4 samples in 1.363926887512207 s [/home/ubuntu/storage/dlio_benchmark/src/utils/statscounter.py:255]
[INFO] 2023-05-20T19:12:18.925225 Rank 0 step 6 processed 4 samples in 1.3626172542572021 s [/home/ubuntu/storage/dlio_benchmark/src/utils/statscounter.py:255]
[INFO] 2023-05-20T19:12:20.290215 Rank 0 step 7 processed 4 samples in 1.3647828102111816 s [/home/ubuntu/storage/dlio_benchmark/src/utils/statscounter.py:255]
[INFO] 2023-05-20T19:12:21.652917 Rank 0 step 8 processed 4 samples in 1.3625271320343018 s [/home/ubuntu/storage/dlio_benchmark/src/utils/statscounter.py:255]
[INFO] 2023-05-20T19:12:23.016553 Rank 0 step 9 processed 4 samples in 1.363447904586792 s [/home/ubuntu/storage/dlio_benchmark/src/utils/statscounter.py:255]
[INFO] 2023-05-20T19:12:24.381474 Rank 0 step 10 processed 4 samples in 1.3647160530090332 s [/home/ubuntu/storage/dlio_benchmark/src/utils/statscounter.py:255]
[INFO] 2023-05-20T19:12:25.744950 Rank 0 step 11 processed 4 samples in 1.3632707595825195 s [/home/ubuntu/storage/dlio_benchmark/src/utils/statscounter.py:255]
[INFO] 2023-05-20T19:12:27.108632 Rank 0 step 12 processed 4 samples in 1.3634517192840576 s [/home/ubuntu/storage/dlio_benchmark/src/utils/statscounter.py:255]
[INFO] 2023-05-20T19:12:28.472005 Rank 0 step 13 processed 4 samples in 1.3631699085235596 s [/home/ubuntu/storage/dlio_benchmark/src/utils/statscounter.py:255]
[INFO] 2023-05-20T19:12:29.835645 Rank 0 step 14 processed 4 samples in 1.3634028434753418 s [/home/ubuntu/storage/dlio_benchmark/src/utils/statscounter.py:255]
[INFO] 2023-05-20T19:12:31.199084 Rank 0 step 15 processed 4 samples in 1.3632416725158691 s [/home/ubuntu/storage/dlio_benchmark/src/utils/statscounter.py:255]
[INFO] 2023-05-20T19:12:32.562722 Rank 0 step 16 processed 4 samples in 1.3634049892425537 s [/home/ubuntu/storage/dlio_benchmark/src/utils/statscounter.py:255]
[INFO] 2023-05-20T19:12:33.926353 Rank 0 step 17 processed 4 samples in 1.3633909225463867 s [/home/ubuntu/storage/dlio_benchmark/src/utils/statscounter.py:255]
[INFO] 2023-05-20T19:12:35.290280 Rank 0 step 18 processed 4 samples in 1.363675832748413 s [/home/ubuntu/storage/dlio_benchmark/src/utils/statscounter.py:255]
[INFO] 2023-05-20T19:12:36.653901 Rank 0 step 19 processed 4 samples in 1.3634004592895508 s [/home/ubuntu/storage/dlio_benchmark/src/utils/statscounter.py:255]
[INFO] 2023-05-20T19:12:38.017584 Rank 0 step 20 processed 4 samples in 1.3634669780731201 s [/home/ubuntu/storage/dlio_benchmark/src/utils/statscounter.py:255]
[INFO] 2023-05-20T19:12:39.381290 Rank 0 step 21 processed 4 samples in 1.3634731769561768 s [/home/ubuntu/storage/dlio_benchmark/src/utils/statscounter.py:255]
[INFO] 2023-05-20T19:12:40.744802 Rank 0 step 22 processed 4 samples in 1.3633050918579102 s [/home/ubuntu/storage/dlio_benchmark/src/utils/statscounter.py:255]
[INFO] 2023-05-20T19:12:42.108435 Rank 0 step 23 processed 4 samples in 1.3633606433868408 s [/home/ubuntu/storage/dlio_benchmark/src/utils/statscounter.py:255]
[INFO] 2023-05-20T19:12:43.471779 Rank 0 step 24 processed 4 samples in 1.3631782531738281 s [/home/ubuntu/storage/dlio_benchmark/src/utils/statscounter.py:255]
[INFO] 2023-05-20T19:12:44.835018 Rank 0 step 25 processed 4 samples in 1.3630859851837158 s [/home/ubuntu/storage/dlio_benchmark/src/utils/statscounter.py:255]
[INFO] 2023-05-20T19:12:44.835123 Maximum number of steps reached [/home/ubuntu/storage/dlio_benchmark/src/dlio_benchmark.py:247]
[INFO] 2023-05-20T19:12:44.835320 Ending block 1 - 25 steps completed in 35.31 s [/home/ubuntu/storage/dlio_benchmark/src/utils/statscounter.py:212]
[INFO] 2023-05-20T19:12:44.836311 Epoch 2 - Block 1 [Training] Accelerator Utilization [AU] (%): 99.7599 [/home/ubuntu/storage/dlio_benchmark/src/utils/statscounter.py:215]
[INFO] 2023-05-20T19:12:44.836402 Epoch 2 - Block 1 [Training] Throughput (samples/second): 2.8318 [/home/ubuntu/storage/dlio_benchmark/src/utils/statscounter.py:216]
[INFO] 2023-05-20T19:12:44.848597 Ending epoch 2 - 25 steps completed in 35.33 s [/home/ubuntu/storage/dlio_benchmark/src/utils/statscounter.py:155]
[INFO] 2023-05-20T19:12:44.848995 Starting epoch 3: 25 steps expected [/home/ubuntu/storage/dlio_benchmark/src/utils/statscounter.py:128]
[INFO] 2023-05-20T19:12:44.849129 Prefetch size is 0; a default prefetch factor of 2 will be set to Torch DataLoader. [/home/ubuntu/storage/dlio_benchmark/src/reader/torch_data_loader_reader.py:123]
[INFO] 2023-05-20T19:12:44.849263 Starting block 1 [/home/ubuntu/storage/dlio_benchmark/src/utils/statscounter.py:194]
[INFO] 2023-05-20T19:12:47.309131 Rank 0 step 1 processed 4 samples in 2.459803819656372 s [/home/ubuntu/storage/dlio_benchmark/src/utils/statscounter.py:255]
[INFO] 2023-05-20T19:12:48.672973 Rank 0 step 2 processed 4 samples in 1.363481044769287 s [/home/ubuntu/storage/dlio_benchmark/src/utils/statscounter.py:255]
[INFO] 2023-05-20T19:12:50.035495 Rank 0 step 3 processed 4 samples in 1.3623619079589844 s [/home/ubuntu/storage/dlio_benchmark/src/utils/statscounter.py:255]
[INFO] 2023-05-20T19:12:51.397968 Rank 0 step 4 processed 4 samples in 1.3623278141021729 s [/home/ubuntu/storage/dlio_benchmark/src/utils/statscounter.py:255]
[INFO] 2023-05-20T19:12:52.761942 Rank 0 step 5 processed 4 samples in 1.3638434410095215 s [/home/ubuntu/storage/dlio_benchmark/src/utils/statscounter.py:255]
[INFO] 2023-05-20T19:12:54.126369 Rank 0 step 6 processed 4 samples in 1.3642048835754395 s [/home/ubuntu/storage/dlio_benchmark/src/utils/statscounter.py:255]
[INFO] 2023-05-20T19:12:55.489052 Rank 0 step 7 processed 4 samples in 1.3624658584594727 s [/home/ubuntu/storage/dlio_benchmark/src/utils/statscounter.py:255]
[INFO] 2023-05-20T19:12:56.851726 Rank 0 step 8 processed 4 samples in 1.362492322921753 s [/home/ubuntu/storage/dlio_benchmark/src/utils/statscounter.py:255]
[INFO] 2023-05-20T19:12:58.216152 Rank 0 step 9 processed 4 samples in 1.364253282546997 s [/home/ubuntu/storage/dlio_benchmark/src/utils/statscounter.py:255]
[INFO] 2023-05-20T19:12:59.578715 Rank 0 step 10 processed 4 samples in 1.3624053001403809 s [/home/ubuntu/storage/dlio_benchmark/src/utils/statscounter.py:255]
[INFO] 2023-05-20T19:13:00.942550 Rank 0 step 11 processed 4 samples in 1.3636484146118164 s [/home/ubuntu/storage/dlio_benchmark/src/utils/statscounter.py:255]
[INFO] 2023-05-20T19:13:02.306276 Rank 0 step 12 processed 4 samples in 1.3634881973266602 s [/home/ubuntu/storage/dlio_benchmark/src/utils/statscounter.py:255]
[INFO] 2023-05-20T19:13:03.669931 Rank 0 step 13 processed 4 samples in 1.3633978366851807 s [/home/ubuntu/storage/dlio_benchmark/src/utils/statscounter.py:255]
[INFO] 2023-05-20T19:13:05.033704 Rank 0 step 14 processed 4 samples in 1.3635470867156982 s [/home/ubuntu/storage/dlio_benchmark/src/utils/statscounter.py:255]
[INFO] 2023-05-20T19:13:06.397303 Rank 0 step 15 processed 4 samples in 1.363375186920166 s [/home/ubuntu/storage/dlio_benchmark/src/utils/statscounter.py:255]
[INFO] 2023-05-20T19:13:07.760427 Rank 0 step 16 processed 4 samples in 1.3629069328308105 s [/home/ubuntu/storage/dlio_benchmark/src/utils/statscounter.py:255]
[INFO] 2023-05-20T19:13:09.123983 Rank 0 step 17 processed 4 samples in 1.3633835315704346 s [/home/ubuntu/storage/dlio_benchmark/src/utils/statscounter.py:255]
[INFO] 2023-05-20T19:13:10.487519 Rank 0 step 18 processed 4 samples in 1.363349437713623 s [/home/ubuntu/storage/dlio_benchmark/src/utils/statscounter.py:255]
[INFO] 2023-05-20T19:13:11.850984 Rank 0 step 19 processed 4 samples in 1.363288402557373 s [/home/ubuntu/storage/dlio_benchmark/src/utils/statscounter.py:255]
[INFO] 2023-05-20T19:13:13.214575 Rank 0 step 20 processed 4 samples in 1.3633880615234375 s [/home/ubuntu/storage/dlio_benchmark/src/utils/statscounter.py:255]
[INFO] 2023-05-20T19:13:14.578168 Rank 0 step 21 processed 4 samples in 1.3634064197540283 s [/home/ubuntu/storage/dlio_benchmark/src/utils/statscounter.py:255]
[INFO] 2023-05-20T19:13:15.941723 Rank 0 step 22 processed 4 samples in 1.3633816242218018 s [/home/ubuntu/storage/dlio_benchmark/src/utils/statscounter.py:255]
[INFO] 2023-05-20T19:13:17.305325 Rank 0 step 23 processed 4 samples in 1.3634223937988281 s [/home/ubuntu/storage/dlio_benchmark/src/utils/statscounter.py:255]
[INFO] 2023-05-20T19:13:18.668784 Rank 0 step 24 processed 4 samples in 1.3632731437683105 s [/home/ubuntu/storage/dlio_benchmark/src/utils/statscounter.py:255]
[INFO] 2023-05-20T19:13:20.031994 Rank 0 step 25 processed 4 samples in 1.3629858493804932 s [/home/ubuntu/storage/dlio_benchmark/src/utils/statscounter.py:255]
[INFO] 2023-05-20T19:13:20.032111 Maximum number of steps reached [/home/ubuntu/storage/dlio_benchmark/src/dlio_benchmark.py:247]
[INFO] 2023-05-20T19:13:20.032305 Ending block 1 - 25 steps completed in 35.18 s [/home/ubuntu/storage/dlio_benchmark/src/utils/statscounter.py:212]
[INFO] 2023-05-20T19:13:20.033314 Epoch 3 - Block 1 [Training] Accelerator Utilization [AU] (%): 99.7754 [/home/ubuntu/storage/dlio_benchmark/src/utils/statscounter.py:215]
[INFO] 2023-05-20T19:13:20.033392 Epoch 3 - Block 1 [Training] Throughput (samples/second): 2.8423 [/home/ubuntu/storage/dlio_benchmark/src/utils/statscounter.py:216]
[INFO] 2023-05-20T19:13:20.046637 Ending epoch 3 - 25 steps completed in 35.20 s [/home/ubuntu/storage/dlio_benchmark/src/utils/statscounter.py:155]
[INFO] 2023-05-20T19:13:20.047025 Starting epoch 4: 25 steps expected [/home/ubuntu/storage/dlio_benchmark/src/utils/statscounter.py:128]
[INFO] 2023-05-20T19:13:20.047164 Prefetch size is 0; a default prefetch factor of 2 will be set to Torch DataLoader. [/home/ubuntu/storage/dlio_benchmark/src/reader/torch_data_loader_reader.py:123]
[INFO] 2023-05-20T19:13:20.047312 Starting block 1 [/home/ubuntu/storage/dlio_benchmark/src/utils/statscounter.py:194]
[INFO] 2023-05-20T19:13:22.608260 Rank 0 step 1 processed 4 samples in 2.5608766078948975 s [/home/ubuntu/storage/dlio_benchmark/src/utils/statscounter.py:255]
[INFO] 2023-05-20T19:13:23.971186 Rank 0 step 2 processed 4 samples in 1.3625540733337402 s [/home/ubuntu/storage/dlio_benchmark/src/utils/statscounter.py:255]
[INFO] 2023-05-20T19:13:25.333636 Rank 0 step 3 processed 4 samples in 1.3623170852661133 s [/home/ubuntu/storage/dlio_benchmark/src/utils/statscounter.py:255]
[INFO] 2023-05-20T19:13:26.696212 Rank 0 step 4 processed 4 samples in 1.3623826503753662 s [/home/ubuntu/storage/dlio_benchmark/src/utils/statscounter.py:255]
[INFO] 2023-05-20T19:13:28.060448 Rank 0 step 5 processed 4 samples in 1.3640344142913818 s [/home/ubuntu/storage/dlio_benchmark/src/utils/statscounter.py:255]
[INFO] 2023-05-20T19:13:29.424972 Rank 0 step 6 processed 4 samples in 1.3643369674682617 s [/home/ubuntu/storage/dlio_benchmark/src/utils/statscounter.py:255]
[INFO] 2023-05-20T19:13:30.787701 Rank 0 step 7 processed 4 samples in 1.362553596496582 s [/home/ubuntu/storage/dlio_benchmark/src/utils/statscounter.py:255]
[INFO] 2023-05-20T19:13:32.150486 Rank 0 step 8 processed 4 samples in 1.3625919818878174 s [/home/ubuntu/storage/dlio_benchmark/src/utils/statscounter.py:255]
[INFO] 2023-05-20T19:13:33.514458 Rank 0 step 9 processed 4 samples in 1.3637762069702148 s [/home/ubuntu/storage/dlio_benchmark/src/utils/statscounter.py:255]
[INFO] 2023-05-20T19:13:34.878075 Rank 0 step 10 processed 4 samples in 1.3634369373321533 s [/home/ubuntu/storage/dlio_benchmark/src/utils/statscounter.py:255]
[INFO] 2023-05-20T19:13:36.241643 Rank 0 step 11 processed 4 samples in 1.3633522987365723 s [/home/ubuntu/storage/dlio_benchmark/src/utils/statscounter.py:255]
[INFO] 2023-05-20T19:13:37.605180 Rank 0 step 12 processed 4 samples in 1.3633217811584473 s [/home/ubuntu/storage/dlio_benchmark/src/utils/statscounter.py:255]
[INFO] 2023-05-20T19:13:38.968812 Rank 0 step 13 processed 4 samples in 1.3633983135223389 s [/home/ubuntu/storage/dlio_benchmark/src/utils/statscounter.py:255]
[INFO] 2023-05-20T19:13:40.332452 Rank 0 step 14 processed 4 samples in 1.3634202480316162 s [/home/ubuntu/storage/dlio_benchmark/src/utils/statscounter.py:255]
[INFO] 2023-05-20T19:13:41.695945 Rank 0 step 15 processed 4 samples in 1.3632771968841553 s [/home/ubuntu/storage/dlio_benchmark/src/utils/statscounter.py:255]
[INFO] 2023-05-20T19:13:43.059602 Rank 0 step 16 processed 4 samples in 1.3634142875671387 s [/home/ubuntu/storage/dlio_benchmark/src/utils/statscounter.py:255]
[INFO] 2023-05-20T19:13:44.423238 Rank 0 step 17 processed 4 samples in 1.3633832931518555 s [/home/ubuntu/storage/dlio_benchmark/src/utils/statscounter.py:255]
[INFO] 2023-05-20T19:13:45.786767 Rank 0 step 18 processed 4 samples in 1.3632996082305908 s [/home/ubuntu/storage/dlio_benchmark/src/utils/statscounter.py:255]
[INFO] 2023-05-20T19:13:47.150384 Rank 0 step 19 processed 4 samples in 1.363365888595581 s [/home/ubuntu/storage/dlio_benchmark/src/utils/statscounter.py:255]
[INFO] 2023-05-20T19:13:48.514007 Rank 0 step 20 processed 4 samples in 1.3633761405944824 s [/home/ubuntu/storage/dlio_benchmark/src/utils/statscounter.py:255]
[INFO] 2023-05-20T19:13:49.877543 Rank 0 step 21 processed 4 samples in 1.36330246925354 s [/home/ubuntu/storage/dlio_benchmark/src/utils/statscounter.py:255]
[INFO] 2023-05-20T19:13:51.241206 Rank 0 step 22 processed 4 samples in 1.3634305000305176 s [/home/ubuntu/storage/dlio_benchmark/src/utils/statscounter.py:255]
[INFO] 2023-05-20T19:13:52.604617 Rank 0 step 23 processed 4 samples in 1.3632144927978516 s [/home/ubuntu/storage/dlio_benchmark/src/utils/statscounter.py:255]
[INFO] 2023-05-20T19:13:53.967951 Rank 0 step 24 processed 4 samples in 1.3631742000579834 s [/home/ubuntu/storage/dlio_benchmark/src/utils/statscounter.py:255]
[INFO] 2023-05-20T19:13:55.331176 Rank 0 step 25 processed 4 samples in 1.3630926609039307 s [/home/ubuntu/storage/dlio_benchmark/src/utils/statscounter.py:255]
[INFO] 2023-05-20T19:13:55.331294 Maximum number of steps reached [/home/ubuntu/storage/dlio_benchmark/src/dlio_benchmark.py:247]
[INFO] 2023-05-20T19:13:55.331555 Ending block 1 - 25 steps completed in 35.28 s [/home/ubuntu/storage/dlio_benchmark/src/utils/statscounter.py:212]
[INFO] 2023-05-20T19:13:55.332591 Epoch 4 - Block 1 [Training] Accelerator Utilization [AU] (%): 99.7751 [/home/ubuntu/storage/dlio_benchmark/src/utils/statscounter.py:215]
[INFO] 2023-05-20T19:13:55.332708 Epoch 4 - Block 1 [Training] Throughput (samples/second): 2.8341 [/home/ubuntu/storage/dlio_benchmark/src/utils/statscounter.py:216]
[INFO] 2023-05-20T19:13:55.342745 Ending epoch 4 - 25 steps completed in 35.30 s [/home/ubuntu/storage/dlio_benchmark/src/utils/statscounter.py:155]
[INFO] 2023-05-20T19:13:55.343148 Starting epoch 5: 25 steps expected [/home/ubuntu/storage/dlio_benchmark/src/utils/statscounter.py:128]
[INFO] 2023-05-20T19:13:55.343309 Prefetch size is 0; a default prefetch factor of 2 will be set to Torch DataLoader. [/home/ubuntu/storage/dlio_benchmark/src/reader/torch_data_loader_reader.py:123]
[INFO] 2023-05-20T19:13:55.343476 Starting block 1 [/home/ubuntu/storage/dlio_benchmark/src/utils/statscounter.py:194]
[INFO] 2023-05-20T19:13:57.866828 Rank 0 step 1 processed 4 samples in 2.523283004760742 s [/home/ubuntu/storage/dlio_benchmark/src/utils/statscounter.py:255]
[INFO] 2023-05-20T19:13:59.231278 Rank 0 step 2 processed 4 samples in 1.3640460968017578 s [/home/ubuntu/storage/dlio_benchmark/src/utils/statscounter.py:255]
[INFO] 2023-05-20T19:14:00.593858 Rank 0 step 3 processed 4 samples in 1.3623647689819336 s [/home/ubuntu/storage/dlio_benchmark/src/utils/statscounter.py:255]
[INFO] 2023-05-20T19:14:01.957478 Rank 0 step 4 processed 4 samples in 1.3634302616119385 s [/home/ubuntu/storage/dlio_benchmark/src/utils/statscounter.py:255]
[INFO] 2023-05-20T19:14:03.322043 Rank 0 step 5 processed 4 samples in 1.3643498420715332 s [/home/ubuntu/storage/dlio_benchmark/src/utils/statscounter.py:255]
[INFO] 2023-05-20T19:14:04.685965 Rank 0 step 6 processed 4 samples in 1.3636929988861084 s [/home/ubuntu/storage/dlio_benchmark/src/utils/statscounter.py:255]
[INFO] 2023-05-20T19:14:06.048826 Rank 0 step 7 processed 4 samples in 1.3626253604888916 s [/home/ubuntu/storage/dlio_benchmark/src/utils/statscounter.py:255]
[INFO] 2023-05-20T19:14:07.412477 Rank 0 step 8 processed 4 samples in 1.3634707927703857 s [/home/ubuntu/storage/dlio_benchmark/src/utils/statscounter.py:255]
[INFO] 2023-05-20T19:14:08.776158 Rank 0 step 9 processed 4 samples in 1.363504409790039 s [/home/ubuntu/storage/dlio_benchmark/src/utils/statscounter.py:255]
[INFO] 2023-05-20T19:14:10.139974 Rank 0 step 10 processed 4 samples in 1.3635551929473877 s [/home/ubuntu/storage/dlio_benchmark/src/utils/statscounter.py:255]
[INFO] 2023-05-20T19:14:11.503707 Rank 0 step 11 processed 4 samples in 1.3634891510009766 s [/home/ubuntu/storage/dlio_benchmark/src/utils/statscounter.py:255]
[INFO] 2023-05-20T19:14:12.867448 Rank 0 step 12 processed 4 samples in 1.363511085510254 s [/home/ubuntu/storage/dlio_benchmark/src/utils/statscounter.py:255]
[INFO] 2023-05-20T19:14:14.231292 Rank 0 step 13 processed 4 samples in 1.363605260848999 s [/home/ubuntu/storage/dlio_benchmark/src/utils/statscounter.py:255]
[INFO] 2023-05-20T19:14:15.594983 Rank 0 step 14 processed 4 samples in 1.3634586334228516 s [/home/ubuntu/storage/dlio_benchmark/src/utils/statscounter.py:255]
[INFO] 2023-05-20T19:14:16.958560 Rank 0 step 15 processed 4 samples in 1.3633666038513184 s [/home/ubuntu/storage/dlio_benchmark/src/utils/statscounter.py:255]
[INFO] 2023-05-20T19:14:18.322288 Rank 0 step 16 processed 4 samples in 1.3635172843933105 s [/home/ubuntu/storage/dlio_benchmark/src/utils/statscounter.py:255]
[INFO] 2023-05-20T19:14:19.685769 Rank 0 step 17 processed 4 samples in 1.363257884979248 s [/home/ubuntu/storage/dlio_benchmark/src/utils/statscounter.py:255]
[INFO] 2023-05-20T19:14:21.049447 Rank 0 step 18 processed 4 samples in 1.3634262084960938 s [/home/ubuntu/storage/dlio_benchmark/src/utils/statscounter.py:255]
[INFO] 2023-05-20T19:14:22.412852 Rank 0 step 19 processed 4 samples in 1.3632056713104248 s [/home/ubuntu/storage/dlio_benchmark/src/utils/statscounter.py:255]
[INFO] 2023-05-20T19:14:23.776847 Rank 0 step 20 processed 4 samples in 1.3637523651123047 s [/home/ubuntu/storage/dlio_benchmark/src/utils/statscounter.py:255]
[INFO] 2023-05-20T19:14:25.140585 Rank 0 step 21 processed 4 samples in 1.363480806350708 s [/home/ubuntu/storage/dlio_benchmark/src/utils/statscounter.py:255]
[INFO] 2023-05-20T19:14:26.504113 Rank 0 step 22 processed 4 samples in 1.36329984664917 s [/home/ubuntu/storage/dlio_benchmark/src/utils/statscounter.py:255]
[INFO] 2023-05-20T19:14:27.867883 Rank 0 step 23 processed 4 samples in 1.3635458946228027 s [/home/ubuntu/storage/dlio_benchmark/src/utils/statscounter.py:255]
[INFO] 2023-05-20T19:14:29.231261 Rank 0 step 24 processed 4 samples in 1.3632049560546875 s [/home/ubuntu/storage/dlio_benchmark/src/utils/statscounter.py:255]
[INFO] 2023-05-20T19:14:30.594810 Rank 0 step 25 processed 4 samples in 1.3633952140808105 s [/home/ubuntu/storage/dlio_benchmark/src/utils/statscounter.py:255]
[INFO] 2023-05-20T19:14:30.594928 Maximum number of steps reached [/home/ubuntu/storage/dlio_benchmark/src/dlio_benchmark.py:247]
[INFO] 2023-05-20T19:14:30.595131 Ending block 1 - 25 steps completed in 35.25 s [/home/ubuntu/storage/dlio_benchmark/src/utils/statscounter.py:212]
[INFO] 2023-05-20T19:14:30.596162 Epoch 5 - Block 1 [Training] Accelerator Utilization [AU] (%): 99.7598 [/home/ubuntu/storage/dlio_benchmark/src/utils/statscounter.py:215]
[INFO] 2023-05-20T19:14:30.596247 Epoch 5 - Block 1 [Training] Throughput (samples/second): 2.8368 [/home/ubuntu/storage/dlio_benchmark/src/utils/statscounter.py:216]
[INFO] 2023-05-20T19:14:30.606872 Starting checkpoint 1 after total step 25 for epoch 5 [/home/ubuntu/storage/dlio_benchmark/src/utils/statscounter.py:221]
[INFO] 2023-05-20T19:14:31.844879 Ending checkpoint 1 for epoch 5 [/home/ubuntu/storage/dlio_benchmark/src/utils/statscounter.py:231]
[INFO] 2023-05-20T19:14:31.845683 Ending epoch 5 - 25 steps completed in 36.50 s [/home/ubuntu/storage/dlio_benchmark/src/utils/statscounter.py:155]
[INFO] 2023-05-20T19:14:31.846498 Saved outputs in /home/ubuntu/storage/results/unet3d/2023-05-20-19-11-33 [/home/ubuntu/storage/dlio_benchmark/src/utils/statscounter.py:108]
[INFO] Averaged metric over all epochs
[METRIC] ==========================================================
[METRIC] Training Accelerator Utilization [AU] (%): 99.7607 (0.0193)
[METRIC] Training Throughput (samples/second): 2.8314 (0.0098)
[METRIC] Training I/O Throughput (MB/second): 633.3792 (2.1860)
[METRIC] train_au_meet_expectation: success
[METRIC] ==========================================================
 [/home/ubuntu/storage/dlio_benchmark/src/utils/statscounter.py:121]
[INFO] 2023-05-20T19:14:31.847674 Rank 0 wrote json output [/home/ubuntu/storage/dlio_benchmark/src/utils/statscounter.py:301]
