[INFO] 2023-05-20T19:19:01.678071 Running DLIO with 1 process(es) [/home/ubuntu/storage/dlio_benchmark/src/dlio_benchmark.py:104]
[INFO] 2023-05-20T19:19:01.678200 Reading workload YAML config file '/home/ubuntu/storage/storage-conf/workload/unet3d.yaml' [/home/ubuntu/storage/dlio_benchmark/src/dlio_benchmark.py:106]
[WARNING] Number of files in data/unet3d/train (200) is more than requested (100). A subset of files will be used  [/home/ubuntu/storage/dlio_benchmark/src/reader/reader_handler.py:96]
[INFO] 2023-05-20T19:19:01.740065 Max steps per epoch: 25 = 1 * 100 / 4 / 1 (samples per file * num files / batch size / comm size) [/home/ubuntu/storage/dlio_benchmark/src/dlio_benchmark.py:274]
[INFO] 2023-05-20T19:19:01.740131 Starting epoch 1: 25 steps expected [/home/ubuntu/storage/dlio_benchmark/src/utils/statscounter.py:128]
[INFO] 2023-05-20T19:19:01.740255 Prefetch size is 0; a default prefetch factor of 2 will be set to Torch DataLoader. [/home/ubuntu/storage/dlio_benchmark/src/reader/torch_data_loader_reader.py:123]
[INFO] 2023-05-20T19:19:01.740463 Starting block 1 [/home/ubuntu/storage/dlio_benchmark/src/utils/statscounter.py:194]
[INFO] 2023-05-20T19:19:04.537285 Rank 0 step 1 processed 4 samples in 2.7967569828033447 s [/home/ubuntu/storage/dlio_benchmark/src/utils/statscounter.py:255]
[INFO] 2023-05-20T19:19:05.900109 Rank 0 step 2 processed 4 samples in 1.3624441623687744 s [/home/ubuntu/storage/dlio_benchmark/src/utils/statscounter.py:255]
[INFO] 2023-05-20T19:19:07.262723 Rank 0 step 3 processed 4 samples in 1.3624358177185059 s [/home/ubuntu/storage/dlio_benchmark/src/utils/statscounter.py:255]
[INFO] 2023-05-20T19:19:08.625420 Rank 0 step 4 processed 4 samples in 1.362504243850708 s [/home/ubuntu/storage/dlio_benchmark/src/utils/statscounter.py:255]
[INFO] 2023-05-20T19:19:09.990553 Rank 0 step 5 processed 4 samples in 1.36491060256958 s [/home/ubuntu/storage/dlio_benchmark/src/utils/statscounter.py:255]
[INFO] 2023-05-20T19:19:11.353230 Rank 0 step 6 processed 4 samples in 1.3624744415283203 s [/home/ubuntu/storage/dlio_benchmark/src/utils/statscounter.py:255]
[INFO] 2023-05-20T19:19:12.715951 Rank 0 step 7 processed 4 samples in 1.3625130653381348 s [/home/ubuntu/storage/dlio_benchmark/src/utils/statscounter.py:255]
[INFO] 2023-05-20T19:19:14.079625 Rank 0 step 8 processed 4 samples in 1.3634629249572754 s [/home/ubuntu/storage/dlio_benchmark/src/utils/statscounter.py:255]
[INFO] 2023-05-20T19:19:15.443343 Rank 0 step 9 processed 4 samples in 1.3635053634643555 s [/home/ubuntu/storage/dlio_benchmark/src/utils/statscounter.py:255]
[INFO] 2023-05-20T19:19:16.807015 Rank 0 step 10 processed 4 samples in 1.3634653091430664 s [/home/ubuntu/storage/dlio_benchmark/src/utils/statscounter.py:255]
[INFO] 2023-05-20T19:19:18.170590 Rank 0 step 11 processed 4 samples in 1.363372802734375 s [/home/ubuntu/storage/dlio_benchmark/src/utils/statscounter.py:255]
[INFO] 2023-05-20T19:19:19.534230 Rank 0 step 12 processed 4 samples in 1.3634471893310547 s [/home/ubuntu/storage/dlio_benchmark/src/utils/statscounter.py:255]
[INFO] 2023-05-20T19:19:20.897839 Rank 0 step 13 processed 4 samples in 1.3633975982666016 s [/home/ubuntu/storage/dlio_benchmark/src/utils/statscounter.py:255]
[INFO] 2023-05-20T19:19:22.261442 Rank 0 step 14 processed 4 samples in 1.363389492034912 s [/home/ubuntu/storage/dlio_benchmark/src/utils/statscounter.py:255]
[INFO] 2023-05-20T19:19:23.624977 Rank 0 step 15 processed 4 samples in 1.3633577823638916 s [/home/ubuntu/storage/dlio_benchmark/src/utils/statscounter.py:255]
[INFO] 2023-05-20T19:19:24.988562 Rank 0 step 16 processed 4 samples in 1.3633882999420166 s [/home/ubuntu/storage/dlio_benchmark/src/utils/statscounter.py:255]
[INFO] 2023-05-20T19:19:26.352106 Rank 0 step 17 processed 4 samples in 1.363358497619629 s [/home/ubuntu/storage/dlio_benchmark/src/utils/statscounter.py:255]
[INFO] 2023-05-20T19:19:27.715568 Rank 0 step 18 processed 4 samples in 1.3632712364196777 s [/home/ubuntu/storage/dlio_benchmark/src/utils/statscounter.py:255]
[INFO] 2023-05-20T19:19:29.078880 Rank 0 step 19 processed 4 samples in 1.363175868988037 s [/home/ubuntu/storage/dlio_benchmark/src/utils/statscounter.py:255]
[INFO] 2023-05-20T19:19:30.441994 Rank 0 step 20 processed 4 samples in 1.3629777431488037 s [/home/ubuntu/storage/dlio_benchmark/src/utils/statscounter.py:255]
[INFO] 2023-05-20T19:19:31.804436 Rank 0 step 21 processed 4 samples in 1.3623242378234863 s [/home/ubuntu/storage/dlio_benchmark/src/utils/statscounter.py:255]
[INFO] 2023-05-20T19:19:33.168128 Rank 0 step 22 processed 4 samples in 1.3634765148162842 s [/home/ubuntu/storage/dlio_benchmark/src/utils/statscounter.py:255]
[INFO] 2023-05-20T19:19:34.531820 Rank 0 step 23 processed 4 samples in 1.3635199069976807 s [/home/ubuntu/storage/dlio_benchmark/src/utils/statscounter.py:255]
[INFO] 2023-05-20T19:19:35.895816 Rank 0 step 24 processed 4 samples in 1.363785982131958 s [/home/ubuntu/storage/dlio_benchmark/src/utils/statscounter.py:255]
[INFO] 2023-05-20T19:19:37.259414 Rank 0 step 25 processed 4 samples in 1.3633356094360352 s [/home/ubuntu/storage/dlio_benchmark/src/utils/statscounter.py:255]
[INFO] 2023-05-20T19:19:37.259660 Maximum number of steps reached [/home/ubuntu/storage/dlio_benchmark/src/dlio_benchmark.py:247]
[INFO] 2023-05-20T19:19:37.259928 Ending block 1 - 25 steps completed in 35.52 s [/home/ubuntu/storage/dlio_benchmark/src/utils/statscounter.py:212]
[INFO] 2023-05-20T19:19:37.261522 Epoch 1 - Block 1 [Training] Accelerator Utilization [AU] (%): 99.7771 [/home/ubuntu/storage/dlio_benchmark/src/utils/statscounter.py:215]
[INFO] 2023-05-20T19:19:37.261629 Epoch 1 - Block 1 [Training] Throughput (samples/second): 2.8154 [/home/ubuntu/storage/dlio_benchmark/src/utils/statscounter.py:216]
[INFO] 2023-05-20T19:19:37.271469 Ending epoch 1 - 25 steps completed in 35.53 s [/home/ubuntu/storage/dlio_benchmark/src/utils/statscounter.py:155]
[INFO] 2023-05-20T19:19:37.271922 Starting epoch 2: 25 steps expected [/home/ubuntu/storage/dlio_benchmark/src/utils/statscounter.py:128]
[INFO] 2023-05-20T19:19:37.272072 Prefetch size is 0; a default prefetch factor of 2 will be set to Torch DataLoader. [/home/ubuntu/storage/dlio_benchmark/src/reader/torch_data_loader_reader.py:123]
[INFO] 2023-05-20T19:19:37.272235 Starting block 1 [/home/ubuntu/storage/dlio_benchmark/src/utils/statscounter.py:194]
[INFO] 2023-05-20T19:19:39.912448 Rank 0 step 1 processed 4 samples in 2.640136241912842 s [/home/ubuntu/storage/dlio_benchmark/src/utils/statscounter.py:255]
[INFO] 2023-05-20T19:19:41.275269 Rank 0 step 2 processed 4 samples in 1.3624229431152344 s [/home/ubuntu/storage/dlio_benchmark/src/utils/statscounter.py:255]
[INFO] 2023-05-20T19:19:42.639095 Rank 0 step 3 processed 4 samples in 1.363638162612915 s [/home/ubuntu/storage/dlio_benchmark/src/utils/statscounter.py:255]
[INFO] 2023-05-20T19:19:44.001799 Rank 0 step 4 processed 4 samples in 1.3625082969665527 s [/home/ubuntu/storage/dlio_benchmark/src/utils/statscounter.py:255]
[INFO] 2023-05-20T19:19:45.366701 Rank 0 step 5 processed 4 samples in 1.3647291660308838 s [/home/ubuntu/storage/dlio_benchmark/src/utils/statscounter.py:255]
[INFO] 2023-05-20T19:19:46.728430 Rank 0 step 6 processed 4 samples in 1.3615527153015137 s [/home/ubuntu/storage/dlio_benchmark/src/utils/statscounter.py:255]
[INFO] 2023-05-20T19:19:48.092004 Rank 0 step 7 processed 4 samples in 1.3633906841278076 s [/home/ubuntu/storage/dlio_benchmark/src/utils/statscounter.py:255]
[INFO] 2023-05-20T19:19:49.454612 Rank 0 step 8 processed 4 samples in 1.3624284267425537 s [/home/ubuntu/storage/dlio_benchmark/src/utils/statscounter.py:255]
[INFO] 2023-05-20T19:19:50.817990 Rank 0 step 9 processed 4 samples in 1.363224983215332 s [/home/ubuntu/storage/dlio_benchmark/src/utils/statscounter.py:255]
[INFO] 2023-05-20T19:19:52.182886 Rank 0 step 10 processed 4 samples in 1.364715576171875 s [/home/ubuntu/storage/dlio_benchmark/src/utils/statscounter.py:255]
[INFO] 2023-05-20T19:19:53.546576 Rank 0 step 11 processed 4 samples in 1.3634967803955078 s [/home/ubuntu/storage/dlio_benchmark/src/utils/statscounter.py:255]
[INFO] 2023-05-20T19:19:54.910268 Rank 0 step 12 processed 4 samples in 1.3634967803955078 s [/home/ubuntu/storage/dlio_benchmark/src/utils/statscounter.py:255]
[INFO] 2023-05-20T19:19:56.273756 Rank 0 step 13 processed 4 samples in 1.3633062839508057 s [/home/ubuntu/storage/dlio_benchmark/src/utils/statscounter.py:255]
[INFO] 2023-05-20T19:19:57.637199 Rank 0 step 14 processed 4 samples in 1.3632915019989014 s [/home/ubuntu/storage/dlio_benchmark/src/utils/statscounter.py:255]
[INFO] 2023-05-20T19:19:59.000684 Rank 0 step 15 processed 4 samples in 1.3632702827453613 s [/home/ubuntu/storage/dlio_benchmark/src/utils/statscounter.py:255]
[INFO] 2023-05-20T19:20:00.364194 Rank 0 step 16 processed 4 samples in 1.363300085067749 s [/home/ubuntu/storage/dlio_benchmark/src/utils/statscounter.py:255]
[INFO] 2023-05-20T19:20:01.727446 Rank 0 step 17 processed 4 samples in 1.363081693649292 s [/home/ubuntu/storage/dlio_benchmark/src/utils/statscounter.py:255]
[INFO] 2023-05-20T19:20:03.091272 Rank 0 step 18 processed 4 samples in 1.3635857105255127 s [/home/ubuntu/storage/dlio_benchmark/src/utils/statscounter.py:255]
[INFO] 2023-05-20T19:20:04.454476 Rank 0 step 19 processed 4 samples in 1.3630435466766357 s [/home/ubuntu/storage/dlio_benchmark/src/utils/statscounter.py:255]
[INFO] 2023-05-20T19:20:05.817696 Rank 0 step 20 processed 4 samples in 1.363088607788086 s [/home/ubuntu/storage/dlio_benchmark/src/utils/statscounter.py:255]
[INFO] 2023-05-20T19:20:07.180807 Rank 0 step 21 processed 4 samples in 1.3629791736602783 s [/home/ubuntu/storage/dlio_benchmark/src/utils/statscounter.py:255]
[INFO] 2023-05-20T19:20:08.544607 Rank 0 step 22 processed 4 samples in 1.3635928630828857 s [/home/ubuntu/storage/dlio_benchmark/src/utils/statscounter.py:255]
[INFO] 2023-05-20T19:20:09.908411 Rank 0 step 23 processed 4 samples in 1.3636047840118408 s [/home/ubuntu/storage/dlio_benchmark/src/utils/statscounter.py:255]
[INFO] 2023-05-20T19:20:11.271875 Rank 0 step 24 processed 4 samples in 1.3633077144622803 s [/home/ubuntu/storage/dlio_benchmark/src/utils/statscounter.py:255]
[INFO] 2023-05-20T19:20:12.635070 Rank 0 step 25 processed 4 samples in 1.363067626953125 s [/home/ubuntu/storage/dlio_benchmark/src/utils/statscounter.py:255]
[INFO] 2023-05-20T19:20:12.635292 Maximum number of steps reached [/home/ubuntu/storage/dlio_benchmark/src/dlio_benchmark.py:247]
[INFO] 2023-05-20T19:20:12.635536 Ending block 1 - 25 steps completed in 35.36 s [/home/ubuntu/storage/dlio_benchmark/src/utils/statscounter.py:212]
[INFO] 2023-05-20T19:20:12.636621 Epoch 2 - Block 1 [Training] Accelerator Utilization [AU] (%): 99.7757 [/home/ubuntu/storage/dlio_benchmark/src/utils/statscounter.py:215]
[INFO] 2023-05-20T19:20:12.636708 Epoch 2 - Block 1 [Training] Throughput (samples/second): 2.8278 [/home/ubuntu/storage/dlio_benchmark/src/utils/statscounter.py:216]
[INFO] 2023-05-20T19:20:12.646655 Ending epoch 2 - 25 steps completed in 35.37 s [/home/ubuntu/storage/dlio_benchmark/src/utils/statscounter.py:155]
[INFO] 2023-05-20T19:20:12.647077 Starting epoch 3: 25 steps expected [/home/ubuntu/storage/dlio_benchmark/src/utils/statscounter.py:128]
[INFO] 2023-05-20T19:20:12.647209 Prefetch size is 0; a default prefetch factor of 2 will be set to Torch DataLoader. [/home/ubuntu/storage/dlio_benchmark/src/reader/torch_data_loader_reader.py:123]
[INFO] 2023-05-20T19:20:12.647347 Starting block 1 [/home/ubuntu/storage/dlio_benchmark/src/utils/statscounter.py:194]
[INFO] 2023-05-20T19:20:15.122534 Rank 0 step 1 processed 4 samples in 2.475119113922119 s [/home/ubuntu/storage/dlio_benchmark/src/utils/statscounter.py:255]
[INFO] 2023-05-20T19:20:16.486779 Rank 0 step 2 processed 4 samples in 1.363816738128662 s [/home/ubuntu/storage/dlio_benchmark/src/utils/statscounter.py:255]
[INFO] 2023-05-20T19:20:17.849672 Rank 0 step 3 processed 4 samples in 1.3626515865325928 s [/home/ubuntu/storage/dlio_benchmark/src/utils/statscounter.py:255]
[INFO] 2023-05-20T19:20:19.212634 Rank 0 step 4 processed 4 samples in 1.3627080917358398 s [/home/ubuntu/storage/dlio_benchmark/src/utils/statscounter.py:255]
[INFO] 2023-05-20T19:20:20.578841 Rank 0 step 5 processed 4 samples in 1.3659586906433105 s [/home/ubuntu/storage/dlio_benchmark/src/utils/statscounter.py:255]
[INFO] 2023-05-20T19:20:21.942450 Rank 0 step 6 processed 4 samples in 1.363328456878662 s [/home/ubuntu/storage/dlio_benchmark/src/utils/statscounter.py:255]
[INFO] 2023-05-20T19:20:23.304994 Rank 0 step 7 processed 4 samples in 1.3623793125152588 s [/home/ubuntu/storage/dlio_benchmark/src/utils/statscounter.py:255]
[INFO] 2023-05-20T19:20:24.667579 Rank 0 step 8 processed 4 samples in 1.362410068511963 s [/home/ubuntu/storage/dlio_benchmark/src/utils/statscounter.py:255]
[INFO] 2023-05-20T19:20:26.031295 Rank 0 step 9 processed 4 samples in 1.363560676574707 s [/home/ubuntu/storage/dlio_benchmark/src/utils/statscounter.py:255]
[INFO] 2023-05-20T19:20:27.394741 Rank 0 step 10 processed 4 samples in 1.3632996082305908 s [/home/ubuntu/storage/dlio_benchmark/src/utils/statscounter.py:255]
[INFO] 2023-05-20T19:20:28.758170 Rank 0 step 11 processed 4 samples in 1.3632583618164062 s [/home/ubuntu/storage/dlio_benchmark/src/utils/statscounter.py:255]
[INFO] 2023-05-20T19:20:30.121736 Rank 0 step 12 processed 4 samples in 1.363377571105957 s [/home/ubuntu/storage/dlio_benchmark/src/utils/statscounter.py:255]
[INFO] 2023-05-20T19:20:31.485356 Rank 0 step 13 processed 4 samples in 1.3634495735168457 s [/home/ubuntu/storage/dlio_benchmark/src/utils/statscounter.py:255]
[INFO] 2023-05-20T19:20:32.848858 Rank 0 step 14 processed 4 samples in 1.363312005996704 s [/home/ubuntu/storage/dlio_benchmark/src/utils/statscounter.py:255]
[INFO] 2023-05-20T19:20:34.212243 Rank 0 step 15 processed 4 samples in 1.36322021484375 s [/home/ubuntu/storage/dlio_benchmark/src/utils/statscounter.py:255]
[INFO] 2023-05-20T19:20:35.575377 Rank 0 step 16 processed 4 samples in 1.363020420074463 s [/home/ubuntu/storage/dlio_benchmark/src/utils/statscounter.py:255]
[INFO] 2023-05-20T19:20:36.938882 Rank 0 step 17 processed 4 samples in 1.363358736038208 s [/home/ubuntu/storage/dlio_benchmark/src/utils/statscounter.py:255]
[INFO] 2023-05-20T19:20:38.302337 Rank 0 step 18 processed 4 samples in 1.3632938861846924 s [/home/ubuntu/storage/dlio_benchmark/src/utils/statscounter.py:255]
[INFO] 2023-05-20T19:20:39.665631 Rank 0 step 19 processed 4 samples in 1.3631293773651123 s [/home/ubuntu/storage/dlio_benchmark/src/utils/statscounter.py:255]
[INFO] 2023-05-20T19:20:41.028708 Rank 0 step 20 processed 4 samples in 1.3629450798034668 s [/home/ubuntu/storage/dlio_benchmark/src/utils/statscounter.py:255]
[INFO] 2023-05-20T19:20:42.392484 Rank 0 step 21 processed 4 samples in 1.3636317253112793 s [/home/ubuntu/storage/dlio_benchmark/src/utils/statscounter.py:255]
[INFO] 2023-05-20T19:20:43.756559 Rank 0 step 22 processed 4 samples in 1.3637995719909668 s [/home/ubuntu/storage/dlio_benchmark/src/utils/statscounter.py:255]
[INFO] 2023-05-20T19:20:45.120265 Rank 0 step 23 processed 4 samples in 1.3635315895080566 s [/home/ubuntu/storage/dlio_benchmark/src/utils/statscounter.py:255]
[INFO] 2023-05-20T19:20:46.483665 Rank 0 step 24 processed 4 samples in 1.3632378578186035 s [/home/ubuntu/storage/dlio_benchmark/src/utils/statscounter.py:255]
[INFO] 2023-05-20T19:20:47.847295 Rank 0 step 25 processed 4 samples in 1.3634116649627686 s [/home/ubuntu/storage/dlio_benchmark/src/utils/statscounter.py:255]
[INFO] 2023-05-20T19:20:47.847516 Maximum number of steps reached [/home/ubuntu/storage/dlio_benchmark/src/dlio_benchmark.py:247]
[INFO] 2023-05-20T19:20:47.847752 Ending block 1 - 25 steps completed in 35.20 s [/home/ubuntu/storage/dlio_benchmark/src/utils/statscounter.py:212]
[INFO] 2023-05-20T19:20:47.848891 Epoch 3 - Block 1 [Training] Accelerator Utilization [AU] (%): 99.7692 [/home/ubuntu/storage/dlio_benchmark/src/utils/statscounter.py:215]
[INFO] 2023-05-20T19:20:47.848991 Epoch 3 - Block 1 [Training] Throughput (samples/second): 2.8409 [/home/ubuntu/storage/dlio_benchmark/src/utils/statscounter.py:216]
[INFO] 2023-05-20T19:20:47.868486 Ending epoch 3 - 25 steps completed in 35.22 s [/home/ubuntu/storage/dlio_benchmark/src/utils/statscounter.py:155]
[INFO] 2023-05-20T19:20:47.869004 Starting epoch 4: 25 steps expected [/home/ubuntu/storage/dlio_benchmark/src/utils/statscounter.py:128]
[INFO] 2023-05-20T19:20:47.869160 Prefetch size is 0; a default prefetch factor of 2 will be set to Torch DataLoader. [/home/ubuntu/storage/dlio_benchmark/src/reader/torch_data_loader_reader.py:123]
[INFO] 2023-05-20T19:20:47.869319 Starting block 1 [/home/ubuntu/storage/dlio_benchmark/src/utils/statscounter.py:194]
[INFO] 2023-05-20T19:20:50.560261 Rank 0 step 1 processed 4 samples in 2.690870761871338 s [/home/ubuntu/storage/dlio_benchmark/src/utils/statscounter.py:255]
[INFO] 2023-05-20T19:20:51.923143 Rank 0 step 2 processed 4 samples in 1.3624937534332275 s [/home/ubuntu/storage/dlio_benchmark/src/utils/statscounter.py:255]
[INFO] 2023-05-20T19:20:53.285656 Rank 0 step 3 processed 4 samples in 1.3623554706573486 s [/home/ubuntu/storage/dlio_benchmark/src/utils/statscounter.py:255]
[INFO] 2023-05-20T19:20:54.648356 Rank 0 step 4 processed 4 samples in 1.3625149726867676 s [/home/ubuntu/storage/dlio_benchmark/src/utils/statscounter.py:255]
[INFO] 2023-05-20T19:20:56.014181 Rank 0 step 5 processed 4 samples in 1.3656535148620605 s [/home/ubuntu/storage/dlio_benchmark/src/utils/statscounter.py:255]
[INFO] 2023-05-20T19:20:57.376949 Rank 0 step 6 processed 4 samples in 1.3625051975250244 s [/home/ubuntu/storage/dlio_benchmark/src/utils/statscounter.py:255]
[INFO] 2023-05-20T19:20:58.739689 Rank 0 step 7 processed 4 samples in 1.3625261783599854 s [/home/ubuntu/storage/dlio_benchmark/src/utils/statscounter.py:255]
[INFO] 2023-05-20T19:21:00.102454 Rank 0 step 8 processed 4 samples in 1.3625094890594482 s [/home/ubuntu/storage/dlio_benchmark/src/utils/statscounter.py:255]
[INFO] 2023-05-20T19:21:01.466233 Rank 0 step 9 processed 4 samples in 1.3635618686676025 s [/home/ubuntu/storage/dlio_benchmark/src/utils/statscounter.py:255]
[INFO] 2023-05-20T19:21:02.829984 Rank 0 step 10 processed 4 samples in 1.3635008335113525 s [/home/ubuntu/storage/dlio_benchmark/src/utils/statscounter.py:255]
[INFO] 2023-05-20T19:21:04.193626 Rank 0 step 11 processed 4 samples in 1.363405704498291 s [/home/ubuntu/storage/dlio_benchmark/src/utils/statscounter.py:255]
[INFO] 2023-05-20T19:21:05.557323 Rank 0 step 12 processed 4 samples in 1.3634049892425537 s [/home/ubuntu/storage/dlio_benchmark/src/utils/statscounter.py:255]
[INFO] 2023-05-20T19:21:06.920780 Rank 0 step 13 processed 4 samples in 1.3632559776306152 s [/home/ubuntu/storage/dlio_benchmark/src/utils/statscounter.py:255]
[INFO] 2023-05-20T19:21:08.284405 Rank 0 step 14 processed 4 samples in 1.3633999824523926 s [/home/ubuntu/storage/dlio_benchmark/src/utils/statscounter.py:255]
[INFO] 2023-05-20T19:21:09.647866 Rank 0 step 15 processed 4 samples in 1.3632407188415527 s [/home/ubuntu/storage/dlio_benchmark/src/utils/statscounter.py:255]
[INFO] 2023-05-20T19:21:11.011515 Rank 0 step 16 processed 4 samples in 1.3634240627288818 s [/home/ubuntu/storage/dlio_benchmark/src/utils/statscounter.py:255]
[INFO] 2023-05-20T19:21:12.374984 Rank 0 step 17 processed 4 samples in 1.363257884979248 s [/home/ubuntu/storage/dlio_benchmark/src/utils/statscounter.py:255]
[INFO] 2023-05-20T19:21:13.738497 Rank 0 step 18 processed 4 samples in 1.3633060455322266 s [/home/ubuntu/storage/dlio_benchmark/src/utils/statscounter.py:255]
[INFO] 2023-05-20T19:21:15.100459 Rank 0 step 19 processed 4 samples in 1.3617730140686035 s [/home/ubuntu/storage/dlio_benchmark/src/utils/statscounter.py:255]
[INFO] 2023-05-20T19:21:16.463691 Rank 0 step 20 processed 4 samples in 1.3630704879760742 s [/home/ubuntu/storage/dlio_benchmark/src/utils/statscounter.py:255]
[INFO] 2023-05-20T19:21:17.826910 Rank 0 step 21 processed 4 samples in 1.3630690574645996 s [/home/ubuntu/storage/dlio_benchmark/src/utils/statscounter.py:255]
[INFO] 2023-05-20T19:21:19.190639 Rank 0 step 22 processed 4 samples in 1.3635289669036865 s [/home/ubuntu/storage/dlio_benchmark/src/utils/statscounter.py:255]
[INFO] 2023-05-20T19:21:20.554271 Rank 0 step 23 processed 4 samples in 1.3634271621704102 s [/home/ubuntu/storage/dlio_benchmark/src/utils/statscounter.py:255]
[INFO] 2023-05-20T19:21:21.917741 Rank 0 step 24 processed 4 samples in 1.3632895946502686 s [/home/ubuntu/storage/dlio_benchmark/src/utils/statscounter.py:255]
[INFO] 2023-05-20T19:21:23.281235 Rank 0 step 25 processed 4 samples in 1.3632903099060059 s [/home/ubuntu/storage/dlio_benchmark/src/utils/statscounter.py:255]
[INFO] 2023-05-20T19:21:23.281401 Maximum number of steps reached [/home/ubuntu/storage/dlio_benchmark/src/dlio_benchmark.py:247]
[INFO] 2023-05-20T19:21:23.281614 Ending block 1 - 25 steps completed in 35.41 s [/home/ubuntu/storage/dlio_benchmark/src/utils/statscounter.py:212]
[INFO] 2023-05-20T19:21:23.282652 Epoch 4 - Block 1 [Training] Accelerator Utilization [AU] (%): 99.7809 [/home/ubuntu/storage/dlio_benchmark/src/utils/statscounter.py:215]
[INFO] 2023-05-20T19:21:23.282736 Epoch 4 - Block 1 [Training] Throughput (samples/second): 2.8239 [/home/ubuntu/storage/dlio_benchmark/src/utils/statscounter.py:216]
[INFO] 2023-05-20T19:21:23.295779 Ending epoch 4 - 25 steps completed in 35.43 s [/home/ubuntu/storage/dlio_benchmark/src/utils/statscounter.py:155]
[INFO] 2023-05-20T19:21:23.296125 Starting epoch 5: 25 steps expected [/home/ubuntu/storage/dlio_benchmark/src/utils/statscounter.py:128]
[INFO] 2023-05-20T19:21:23.296265 Prefetch size is 0; a default prefetch factor of 2 will be set to Torch DataLoader. [/home/ubuntu/storage/dlio_benchmark/src/reader/torch_data_loader_reader.py:123]
[INFO] 2023-05-20T19:21:23.296414 Starting block 1 [/home/ubuntu/storage/dlio_benchmark/src/utils/statscounter.py:194]
[INFO] 2023-05-20T19:21:25.846448 Rank 0 step 1 processed 4 samples in 2.54996919631958 s [/home/ubuntu/storage/dlio_benchmark/src/utils/statscounter.py:255]
[INFO] 2023-05-20T19:21:27.210267 Rank 0 step 2 processed 4 samples in 1.363431453704834 s [/home/ubuntu/storage/dlio_benchmark/src/utils/statscounter.py:255]
[INFO] 2023-05-20T19:21:28.572984 Rank 0 step 3 processed 4 samples in 1.3625397682189941 s [/home/ubuntu/storage/dlio_benchmark/src/utils/statscounter.py:255]
[INFO] 2023-05-20T19:21:29.936835 Rank 0 step 4 processed 4 samples in 1.36368727684021 s [/home/ubuntu/storage/dlio_benchmark/src/utils/statscounter.py:255]
[INFO] 2023-05-20T19:21:31.301826 Rank 0 step 5 processed 4 samples in 1.3647572994232178 s [/home/ubuntu/storage/dlio_benchmark/src/utils/statscounter.py:255]
[INFO] 2023-05-20T19:21:32.665872 Rank 0 step 6 processed 4 samples in 1.3637521266937256 s [/home/ubuntu/storage/dlio_benchmark/src/utils/statscounter.py:255]
[INFO] 2023-05-20T19:21:34.028105 Rank 0 step 7 processed 4 samples in 1.3618896007537842 s [/home/ubuntu/storage/dlio_benchmark/src/utils/statscounter.py:255]
[INFO] 2023-05-20T19:21:35.392363 Rank 0 step 8 processed 4 samples in 1.3638651371002197 s [/home/ubuntu/storage/dlio_benchmark/src/utils/statscounter.py:255]
[INFO] 2023-05-20T19:21:36.756648 Rank 0 step 9 processed 4 samples in 1.3638832569122314 s [/home/ubuntu/storage/dlio_benchmark/src/utils/statscounter.py:255]
[INFO] 2023-05-20T19:21:38.120871 Rank 0 step 10 processed 4 samples in 1.3638689517974854 s [/home/ubuntu/storage/dlio_benchmark/src/utils/statscounter.py:255]
[INFO] 2023-05-20T19:21:39.485024 Rank 0 step 11 processed 4 samples in 1.3637847900390625 s [/home/ubuntu/storage/dlio_benchmark/src/utils/statscounter.py:255]
[INFO] 2023-05-20T19:21:40.848450 Rank 0 step 12 processed 4 samples in 1.3630647659301758 s [/home/ubuntu/storage/dlio_benchmark/src/utils/statscounter.py:255]
[INFO] 2023-05-20T19:21:42.212696 Rank 0 step 13 processed 4 samples in 1.3639116287231445 s [/home/ubuntu/storage/dlio_benchmark/src/utils/statscounter.py:255]
[INFO] 2023-05-20T19:21:43.576555 Rank 0 step 14 processed 4 samples in 1.3635389804840088 s [/home/ubuntu/storage/dlio_benchmark/src/utils/statscounter.py:255]
[INFO] 2023-05-20T19:21:44.940304 Rank 0 step 15 processed 4 samples in 1.3635272979736328 s [/home/ubuntu/storage/dlio_benchmark/src/utils/statscounter.py:255]
[INFO] 2023-05-20T19:21:46.304470 Rank 0 step 16 processed 4 samples in 1.3639297485351562 s [/home/ubuntu/storage/dlio_benchmark/src/utils/statscounter.py:255]
[INFO] 2023-05-20T19:21:47.668450 Rank 0 step 17 processed 4 samples in 1.3636586666107178 s [/home/ubuntu/storage/dlio_benchmark/src/utils/statscounter.py:255]
[INFO] 2023-05-20T19:21:49.032028 Rank 0 step 18 processed 4 samples in 1.3633511066436768 s [/home/ubuntu/storage/dlio_benchmark/src/utils/statscounter.py:255]
[INFO] 2023-05-20T19:21:50.395333 Rank 0 step 19 processed 4 samples in 1.3631651401519775 s [/home/ubuntu/storage/dlio_benchmark/src/utils/statscounter.py:255]
[INFO] 2023-05-20T19:21:51.759164 Rank 0 step 20 processed 4 samples in 1.363661766052246 s [/home/ubuntu/storage/dlio_benchmark/src/utils/statscounter.py:255]
[INFO] 2023-05-20T19:21:53.122863 Rank 0 step 21 processed 4 samples in 1.363466501235962 s [/home/ubuntu/storage/dlio_benchmark/src/utils/statscounter.py:255]
[INFO] 2023-05-20T19:21:54.486947 Rank 0 step 22 processed 4 samples in 1.363752841949463 s [/home/ubuntu/storage/dlio_benchmark/src/utils/statscounter.py:255]
[INFO] 2023-05-20T19:21:55.851010 Rank 0 step 23 processed 4 samples in 1.3637468814849854 s [/home/ubuntu/storage/dlio_benchmark/src/utils/statscounter.py:255]
[INFO] 2023-05-20T19:21:57.214190 Rank 0 step 24 processed 4 samples in 1.3630096912384033 s [/home/ubuntu/storage/dlio_benchmark/src/utils/statscounter.py:255]
[INFO] 2023-05-20T19:21:58.577474 Rank 0 step 25 processed 4 samples in 1.3631410598754883 s [/home/ubuntu/storage/dlio_benchmark/src/utils/statscounter.py:255]
[INFO] 2023-05-20T19:21:58.577582 Maximum number of steps reached [/home/ubuntu/storage/dlio_benchmark/src/dlio_benchmark.py:247]
[INFO] 2023-05-20T19:21:58.577796 Ending block 1 - 25 steps completed in 35.28 s [/home/ubuntu/storage/dlio_benchmark/src/utils/statscounter.py:212]
[INFO] 2023-05-20T19:21:58.578843 Epoch 5 - Block 1 [Training] Accelerator Utilization [AU] (%): 99.7505 [/home/ubuntu/storage/dlio_benchmark/src/utils/statscounter.py:215]
[INFO] 2023-05-20T19:21:58.578931 Epoch 5 - Block 1 [Training] Throughput (samples/second): 2.8344 [/home/ubuntu/storage/dlio_benchmark/src/utils/statscounter.py:216]
[INFO] 2023-05-20T19:21:58.590546 Starting checkpoint 1 after total step 25 for epoch 5 [/home/ubuntu/storage/dlio_benchmark/src/utils/statscounter.py:221]
[INFO] 2023-05-20T19:21:59.895705 Ending checkpoint 1 for epoch 5 [/home/ubuntu/storage/dlio_benchmark/src/utils/statscounter.py:231]
[INFO] 2023-05-20T19:21:59.896522 Ending epoch 5 - 25 steps completed in 36.60 s [/home/ubuntu/storage/dlio_benchmark/src/utils/statscounter.py:155]
[INFO] 2023-05-20T19:21:59.897371 Saved outputs in /home/ubuntu/storage/results/unet3d/2023-05-20-19-19-01 [/home/ubuntu/storage/dlio_benchmark/src/utils/statscounter.py:108]
[INFO] Averaged metric over all epochs
[METRIC] ==========================================================
[METRIC] Training Accelerator Utilization [AU] (%): 99.7629 (0.0260)
[METRIC] Training Throughput (samples/second): 2.8283 (0.0086)
[METRIC] Training I/O Throughput (MB/second): 632.6662 (1.9260)
[METRIC] train_au_meet_expectation: success
[METRIC] ==========================================================
 [/home/ubuntu/storage/dlio_benchmark/src/utils/statscounter.py:121]
[INFO] 2023-05-20T19:21:59.898583 Rank 0 wrote json output [/home/ubuntu/storage/dlio_benchmark/src/utils/statscounter.py:301]
